[37mDEBU[0m[2022-01-18T00:17:38+03:00]tokens.go:171 goReact/webapp/server/handler/authentication.CreateCustomToken JWT.MapClaims created: map[exp:1642455458 user_id:1] 
[37mDEBU[0m[2022-01-18T00:17:38+03:00]tokens.go:171 goReact/webapp/server/handler/authentication.CreateCustomToken JWT.MapClaims created: map[exp:1642455458 user_id:1] 
[37mDEBU[0m[2022-01-18T00:19:23+03:00]tokens.go:171 goReact/webapp/server/handler/authentication.CreateCustomToken JWT.MapClaims created: map[exp:1642455563 user_id:1] 
[37mDEBU[0m[2022-01-18T00:19:23+03:00]tokens.go:171 goReact/webapp/server/handler/authentication.CreateCustomToken JWT.MapClaims created: map[exp:1642455563 user_id:1] 
[37mDEBU[0m[2022-01-18T00:19:23+03:00]tokens.go:171 goReact/webapp/server/handler/authentication.CreateCustomToken JWT.MapClaims created: map[exp:1642455563 user_id:-1] 
[37mDEBU[0m[2022-01-18T00:19:23+03:00]tokens.go:171 goReact/webapp/server/handler/authentication.CreateCustomToken JWT.MapClaims created: map[exp:1642455563 user_id:-1] 
[37mDEBU[0m[2022-01-18T00:19:56+03:00]tokens.go:171 goReact/webapp/server/handler/authentication.CreateCustomToken JWT.MapClaims created: map[exp:1642455596 user_id:1] 
[37mDEBU[0m[2022-01-18T00:19:56+03:00]tokens.go:171 goReact/webapp/server/handler/authentication.CreateCustomToken JWT.MapClaims created: map[exp:1642455596 user_id:1] 
[37mDEBU[0m[2022-01-18T00:19:56+03:00]tokens.go:171 goReact/webapp/server/handler/authentication.CreateCustomToken JWT.MapClaims created: map[exp:1642453196 user_id:1] 
[37mDEBU[0m[2022-01-18T00:19:56+03:00]tokens.go:171 goReact/webapp/server/handler/authentication.CreateCustomToken JWT.MapClaims created: map[exp:1642453196 user_id:1] 
[37mDEBU[0m[2022-01-18T00:25:55+03:00]tokens.go:182 goReact/webapp/server/handler/authentication.CreateCustomToken JWT.MapClaims created: map[exp:1642455955 user_id:1] 
[37mDEBU[0m[2022-01-18T00:25:55+03:00]tokens.go:182 goReact/webapp/server/handler/authentication.CreateCustomToken JWT.MapClaims created: map[exp:1642455955 user_id:1] 
[37mDEBU[0m[2022-01-18T00:25:55+03:00]tokens.go:167 goReact/webapp/server/handler/authentication.CreateCustomToken Bad expite time request: -20ns. Err msg: bad request 
[37mDEBU[0m[2022-01-18T00:25:55+03:00]tokens.go:167 goReact/webapp/server/handler/authentication.CreateCustomToken Bad expite time request: -20ns. Err msg: bad request 
[37mDEBU[0m[2022-01-18T00:27:23+03:00]tokens.go:182 goReact/webapp/server/handler/authentication.CreateCustomToken JWT.MapClaims created: map[exp:1642456043 user_id:1] 
[37mDEBU[0m[2022-01-18T00:27:23+03:00]tokens.go:182 goReact/webapp/server/handler/authentication.CreateCustomToken JWT.MapClaims created: map[exp:1642456043 user_id:1] 
[37mDEBU[0m[2022-01-18T00:27:23+03:00]tokens.go:167 goReact/webapp/server/handler/authentication.CreateCustomToken Bad expite time request: -20ns. Err msg: bad request 
[37mDEBU[0m[2022-01-18T00:27:23+03:00]tokens.go:167 goReact/webapp/server/handler/authentication.CreateCustomToken Bad expite time request: -20ns. Err msg: bad request 
[37mDEBU[0m[2022-01-18T00:30:55+03:00]tokens.go:182 goReact/webapp/server/handler/authentication.CreateCustomToken JWT.MapClaims created: map[exp:1642456255 user_id:1] 
[37mDEBU[0m[2022-01-18T00:30:55+03:00]tokens.go:182 goReact/webapp/server/handler/authentication.CreateCustomToken JWT.MapClaims created: map[exp:1642456255 user_id:1] 
[37mDEBU[0m[2022-01-18T00:30:55+03:00]tokens.go:167 goReact/webapp/server/handler/authentication.CreateCustomToken Bad expite time request: -20ns. Err msg: bad request 
[37mDEBU[0m[2022-01-18T00:30:55+03:00]tokens.go:167 goReact/webapp/server/handler/authentication.CreateCustomToken Bad expite time request: -20ns. Err msg: bad request 
[37mDEBU[0m[2022-01-18T00:31:12+03:00]tokens.go:182 goReact/webapp/server/handler/authentication.CreateCustomToken JWT.MapClaims created: map[exp:1642456272 user_id:1] 
[37mDEBU[0m[2022-01-18T00:31:12+03:00]tokens.go:182 goReact/webapp/server/handler/authentication.CreateCustomToken JWT.MapClaims created: map[exp:1642456272 user_id:1] 
[37mDEBU[0m[2022-01-18T00:31:12+03:00]tokens.go:167 goReact/webapp/server/handler/authentication.CreateCustomToken Bad expite time request: -20ns. Err msg: bad request 
[37mDEBU[0m[2022-01-18T00:31:12+03:00]tokens.go:167 goReact/webapp/server/handler/authentication.CreateCustomToken Bad expite time request: -20ns. Err msg: bad request 
[37mDEBU[0m[2022-01-18T00:31:37+03:00]tokens.go:182 goReact/webapp/server/handler/authentication.CreateCustomToken JWT.MapClaims created: map[exp:1642456297 user_id:1] 
[37mDEBU[0m[2022-01-18T00:31:37+03:00]tokens.go:182 goReact/webapp/server/handler/authentication.CreateCustomToken JWT.MapClaims created: map[exp:1642456297 user_id:1] 
[37mDEBU[0m[2022-01-18T00:31:37+03:00]tokens.go:167 goReact/webapp/server/handler/authentication.CreateCustomToken Bad expite time request: -20ns. Err msg: bad request 
[37mDEBU[0m[2022-01-18T00:31:37+03:00]tokens.go:167 goReact/webapp/server/handler/authentication.CreateCustomToken Bad expite time request: -20ns. Err msg: bad request 
[37mDEBU[0m[2022-01-18T00:32:23+03:00]tokens.go:182 goReact/webapp/server/handler/authentication.CreateCustomToken JWT.MapClaims created: map[exp:1642456343 user_id:1] 
[37mDEBU[0m[2022-01-18T00:32:23+03:00]tokens.go:182 goReact/webapp/server/handler/authentication.CreateCustomToken JWT.MapClaims created: map[exp:1642456343 user_id:1] 
[37mDEBU[0m[2022-01-18T00:32:23+03:00]tokens.go:167 goReact/webapp/server/handler/authentication.CreateCustomToken Bad expite time request: -20ns. Err msg: bad request 
[37mDEBU[0m[2022-01-18T00:32:23+03:00]tokens.go:167 goReact/webapp/server/handler/authentication.CreateCustomToken Bad expite time request: -20ns. Err msg: bad request 
[37mDEBU[0m[2022-01-18T00:32:23+03:00]tokens.go:172 goReact/webapp/server/handler/authentication.CreateCustomToken Bad expite time request: 20ns. Err msg: bad request 
[37mDEBU[0m[2022-01-18T00:32:23+03:00]tokens.go:172 goReact/webapp/server/handler/authentication.CreateCustomToken Bad expite time request: 20ns. Err msg: bad request 
[37mDEBU[0m[2022-01-18T00:32:37+03:00]tokens.go:182 goReact/webapp/server/handler/authentication.CreateCustomToken JWT.MapClaims created: map[exp:1642456357 user_id:1] 
[37mDEBU[0m[2022-01-18T00:32:37+03:00]tokens.go:182 goReact/webapp/server/handler/authentication.CreateCustomToken JWT.MapClaims created: map[exp:1642456357 user_id:1] 
[37mDEBU[0m[2022-01-18T00:32:37+03:00]tokens.go:167 goReact/webapp/server/handler/authentication.CreateCustomToken Bad expite time request: -20ns. Err msg: bad request 
[37mDEBU[0m[2022-01-18T00:32:37+03:00]tokens.go:167 goReact/webapp/server/handler/authentication.CreateCustomToken Bad expite time request: -20ns. Err msg: bad request 
[37mDEBU[0m[2022-01-18T00:32:37+03:00]tokens.go:172 goReact/webapp/server/handler/authentication.CreateCustomToken Bad expite time request: 20ns. Err msg: bad request 
[37mDEBU[0m[2022-01-18T00:32:37+03:00]tokens.go:172 goReact/webapp/server/handler/authentication.CreateCustomToken Bad expite time request: 20ns. Err msg: bad request 
[37mDEBU[0m[2022-01-18T00:33:33+03:00]tokens.go:182 goReact/webapp/server/handler/authentication.CreateCustomToken JWT.MapClaims created: map[exp:1642456413 user_id:1] 
[37mDEBU[0m[2022-01-18T00:33:33+03:00]tokens.go:182 goReact/webapp/server/handler/authentication.CreateCustomToken JWT.MapClaims created: map[exp:1642456413 user_id:1] 
[37mDEBU[0m[2022-01-18T00:33:33+03:00]tokens.go:167 goReact/webapp/server/handler/authentication.CreateCustomToken Bad expite time request: -20ns. Err msg: bad request 
[37mDEBU[0m[2022-01-18T00:33:33+03:00]tokens.go:167 goReact/webapp/server/handler/authentication.CreateCustomToken Bad expite time request: -20ns. Err msg: bad request 
[37mDEBU[0m[2022-01-18T00:33:33+03:00]tokens.go:172 goReact/webapp/server/handler/authentication.CreateCustomToken Bad expite time request: 20ns. Err msg: bad request 
[37mDEBU[0m[2022-01-18T00:33:33+03:00]tokens.go:172 goReact/webapp/server/handler/authentication.CreateCustomToken Bad expite time request: 20ns. Err msg: bad request 
[37mDEBU[0m[2022-01-18T00:33:33+03:00]tokens.go:182 goReact/webapp/server/handler/authentication.CreateCustomToken JWT.MapClaims created: map[exp:1642456413 user_id:1] 
[37mDEBU[0m[2022-01-18T00:33:33+03:00]tokens.go:182 goReact/webapp/server/handler/authentication.CreateCustomToken JWT.MapClaims created: map[exp:1642456413 user_id:1] 
[37mDEBU[0m[2022-01-18T00:36:47+03:00]tokens.go:189 goReact/webapp/server/handler/authentication.CreateCustomToken JWT.MapClaims created: map[exp:1642456607 user_id:1] 
[37mDEBU[0m[2022-01-18T00:36:47+03:00]tokens.go:189 goReact/webapp/server/handler/authentication.CreateCustomToken JWT.MapClaims created: map[exp:1642456607 user_id:1] 
[37mDEBU[0m[2022-01-18T00:36:47+03:00]tokens.go:167 goReact/webapp/server/handler/authentication.CreateCustomToken Bad request expire time: -20ns. Err msg: bad request 
[37mDEBU[0m[2022-01-18T00:36:47+03:00]tokens.go:167 goReact/webapp/server/handler/authentication.CreateCustomToken Bad request expire time: -20ns. Err msg: bad request 
[37mDEBU[0m[2022-01-18T00:36:47+03:00]tokens.go:173 goReact/webapp/server/handler/authentication.CreateCustomToken Bad request secret key: 20ns. Err msg: bad request 
[37mDEBU[0m[2022-01-18T00:36:47+03:00]tokens.go:173 goReact/webapp/server/handler/authentication.CreateCustomToken Bad request secret key: 20ns. Err msg: bad request 
[37mDEBU[0m[2022-01-18T00:36:47+03:00]tokens.go:189 goReact/webapp/server/handler/authentication.CreateCustomToken JWT.MapClaims created: map[exp:1642456607 user_id:1] 
[37mDEBU[0m[2022-01-18T00:36:47+03:00]tokens.go:189 goReact/webapp/server/handler/authentication.CreateCustomToken JWT.MapClaims created: map[exp:1642456607 user_id:1] 
[37mDEBU[0m[2022-01-18T00:37:47+03:00]tokens.go:189 goReact/webapp/server/handler/authentication.CreateCustomToken JWT.MapClaims created: map[exp:1642456667 user_id:1] 
[37mDEBU[0m[2022-01-18T00:37:47+03:00]tokens.go:189 goReact/webapp/server/handler/authentication.CreateCustomToken JWT.MapClaims created: map[exp:1642456667 user_id:1] 
[37mDEBU[0m[2022-01-18T00:37:47+03:00]tokens.go:167 goReact/webapp/server/handler/authentication.CreateCustomToken Bad request expire time: -20ns. Err msg: bad request 
[37mDEBU[0m[2022-01-18T00:37:47+03:00]tokens.go:167 goReact/webapp/server/handler/authentication.CreateCustomToken Bad request expire time: -20ns. Err msg: bad request 
[37mDEBU[0m[2022-01-18T00:37:47+03:00]tokens.go:173 goReact/webapp/server/handler/authentication.CreateCustomToken Bad request secret key: 20ns. Err msg: bad request 
[37mDEBU[0m[2022-01-18T00:37:47+03:00]tokens.go:173 goReact/webapp/server/handler/authentication.CreateCustomToken Bad request secret key: 20ns. Err msg: bad request 
[37mDEBU[0m[2022-01-18T00:37:47+03:00]tokens.go:189 goReact/webapp/server/handler/authentication.CreateCustomToken JWT.MapClaims created: map[exp:1642456667 user_id:1] 
[37mDEBU[0m[2022-01-18T00:37:47+03:00]tokens.go:189 goReact/webapp/server/handler/authentication.CreateCustomToken JWT.MapClaims created: map[exp:1642456667 user_id:1] 
[37mDEBU[0m[2022-01-18T00:38:05+03:00]tokens.go:189 goReact/webapp/server/handler/authentication.CreateCustomToken JWT.MapClaims created: map[exp:1642456685 user_id:1] 
[37mDEBU[0m[2022-01-18T00:38:05+03:00]tokens.go:189 goReact/webapp/server/handler/authentication.CreateCustomToken JWT.MapClaims created: map[exp:1642456685 user_id:1] 
[37mDEBU[0m[2022-01-18T00:38:05+03:00]tokens.go:167 goReact/webapp/server/handler/authentication.CreateCustomToken Bad request expire time: -20ns. Err msg: bad request 
[37mDEBU[0m[2022-01-18T00:38:05+03:00]tokens.go:167 goReact/webapp/server/handler/authentication.CreateCustomToken Bad request expire time: -20ns. Err msg: bad request 
[37mDEBU[0m[2022-01-18T00:38:05+03:00]tokens.go:173 goReact/webapp/server/handler/authentication.CreateCustomToken Bad request secret key: 20ns. Err msg: bad request 
[37mDEBU[0m[2022-01-18T00:38:05+03:00]tokens.go:173 goReact/webapp/server/handler/authentication.CreateCustomToken Bad request secret key: 20ns. Err msg: bad request 
[37mDEBU[0m[2022-01-18T00:38:05+03:00]tokens.go:189 goReact/webapp/server/handler/authentication.CreateCustomToken JWT.MapClaims created: map[exp:1642456685 user_id:1] 
[37mDEBU[0m[2022-01-18T00:38:05+03:00]tokens.go:189 goReact/webapp/server/handler/authentication.CreateCustomToken JWT.MapClaims created: map[exp:1642456685 user_id:1] 
[37mDEBU[0m[2022-01-18T00:38:25+03:00]tokens.go:189 goReact/webapp/server/handler/authentication.CreateCustomToken JWT.MapClaims created: map[exp:1642456705 user_id:1] 
[37mDEBU[0m[2022-01-18T00:38:25+03:00]tokens.go:189 goReact/webapp/server/handler/authentication.CreateCustomToken JWT.MapClaims created: map[exp:1642456705 user_id:1] 
[37mDEBU[0m[2022-01-18T00:38:25+03:00]tokens.go:167 goReact/webapp/server/handler/authentication.CreateCustomToken Bad request expire time: -20ns. Err msg: bad request 
[37mDEBU[0m[2022-01-18T00:38:25+03:00]tokens.go:167 goReact/webapp/server/handler/authentication.CreateCustomToken Bad request expire time: -20ns. Err msg: bad request 
[37mDEBU[0m[2022-01-18T00:38:25+03:00]tokens.go:173 goReact/webapp/server/handler/authentication.CreateCustomToken Bad request secret key: 20ns. Err msg: bad request 
[37mDEBU[0m[2022-01-18T00:38:25+03:00]tokens.go:173 goReact/webapp/server/handler/authentication.CreateCustomToken Bad request secret key: 20ns. Err msg: bad request 
[37mDEBU[0m[2022-01-18T00:38:25+03:00]tokens.go:178 goReact/webapp/server/handler/authentication.CreateCustomToken Bad request empty payload: 20ns. Err msg: bad request 
[37mDEBU[0m[2022-01-18T00:38:25+03:00]tokens.go:178 goReact/webapp/server/handler/authentication.CreateCustomToken Bad request empty payload: 20ns. Err msg: bad request 
[37mDEBU[0m[2022-01-18T00:38:34+03:00]tokens.go:189 goReact/webapp/server/handler/authentication.CreateCustomToken JWT.MapClaims created: map[exp:1642456714 user_id:1] 
[37mDEBU[0m[2022-01-18T00:38:34+03:00]tokens.go:189 goReact/webapp/server/handler/authentication.CreateCustomToken JWT.MapClaims created: map[exp:1642456714 user_id:1] 
[37mDEBU[0m[2022-01-18T00:38:34+03:00]tokens.go:167 goReact/webapp/server/handler/authentication.CreateCustomToken Bad request expire time: -20ns. Err msg: bad request 
[37mDEBU[0m[2022-01-18T00:38:34+03:00]tokens.go:167 goReact/webapp/server/handler/authentication.CreateCustomToken Bad request expire time: -20ns. Err msg: bad request 
[37mDEBU[0m[2022-01-18T00:38:34+03:00]tokens.go:173 goReact/webapp/server/handler/authentication.CreateCustomToken Bad request secret key: 20ns. Err msg: bad request 
[37mDEBU[0m[2022-01-18T00:38:34+03:00]tokens.go:173 goReact/webapp/server/handler/authentication.CreateCustomToken Bad request secret key: 20ns. Err msg: bad request 
[37mDEBU[0m[2022-01-18T00:38:34+03:00]tokens.go:189 goReact/webapp/server/handler/authentication.CreateCustomToken JWT.MapClaims created: map[exp:1642456714]   
[37mDEBU[0m[2022-01-18T00:38:34+03:00]tokens.go:189 goReact/webapp/server/handler/authentication.CreateCustomToken JWT.MapClaims created: map[exp:1642456714]   
[37mDEBU[0m[2022-01-18T00:38:46+03:00]tokens.go:189 goReact/webapp/server/handler/authentication.CreateCustomToken JWT.MapClaims created: map[exp:1642456726 user_id:1] 
[37mDEBU[0m[2022-01-18T00:38:46+03:00]tokens.go:189 goReact/webapp/server/handler/authentication.CreateCustomToken JWT.MapClaims created: map[exp:1642456726 user_id:1] 
[37mDEBU[0m[2022-01-18T00:38:46+03:00]tokens.go:167 goReact/webapp/server/handler/authentication.CreateCustomToken Bad request expire time: -20ns. Err msg: bad request 
[37mDEBU[0m[2022-01-18T00:38:46+03:00]tokens.go:167 goReact/webapp/server/handler/authentication.CreateCustomToken Bad request expire time: -20ns. Err msg: bad request 
[37mDEBU[0m[2022-01-18T00:38:46+03:00]tokens.go:173 goReact/webapp/server/handler/authentication.CreateCustomToken Bad request secret key: 20ns. Err msg: bad request 
[37mDEBU[0m[2022-01-18T00:38:46+03:00]tokens.go:173 goReact/webapp/server/handler/authentication.CreateCustomToken Bad request secret key: 20ns. Err msg: bad request 
[37mDEBU[0m[2022-01-18T00:38:46+03:00]tokens.go:178 goReact/webapp/server/handler/authentication.CreateCustomToken Bad request empty payload: 20ns. Err msg: bad request 
[37mDEBU[0m[2022-01-18T00:38:46+03:00]tokens.go:178 goReact/webapp/server/handler/authentication.CreateCustomToken Bad request empty payload: 20ns. Err msg: bad request 
[37mDEBU[0m[2022-01-18T00:39:28+03:00]tokens.go:189 goReact/webapp/server/handler/authentication.CreateCustomToken JWT.MapClaims created: map[exp:1642456768 user_id:1] 
[37mDEBU[0m[2022-01-18T00:39:28+03:00]tokens.go:189 goReact/webapp/server/handler/authentication.CreateCustomToken JWT.MapClaims created: map[exp:1642456768 user_id:1] 
[37mDEBU[0m[2022-01-18T00:39:28+03:00]tokens.go:167 goReact/webapp/server/handler/authentication.CreateCustomToken Bad request expire time: -20ns. Err msg: bad request 
[37mDEBU[0m[2022-01-18T00:39:28+03:00]tokens.go:167 goReact/webapp/server/handler/authentication.CreateCustomToken Bad request expire time: -20ns. Err msg: bad request 
[37mDEBU[0m[2022-01-18T00:39:28+03:00]tokens.go:173 goReact/webapp/server/handler/authentication.CreateCustomToken Bad request secret key:     . Err msg: bad request 
[37mDEBU[0m[2022-01-18T00:39:28+03:00]tokens.go:173 goReact/webapp/server/handler/authentication.CreateCustomToken Bad request secret key:     . Err msg: bad request 
[37mDEBU[0m[2022-01-18T00:39:28+03:00]tokens.go:178 goReact/webapp/server/handler/authentication.CreateCustomToken Bad request empty payload: map[]. Err msg: bad request 
[37mDEBU[0m[2022-01-18T00:39:28+03:00]tokens.go:178 goReact/webapp/server/handler/authentication.CreateCustomToken Bad request empty payload: map[]. Err msg: bad request 
[37mDEBU[0m[2022-01-18T00:39:46+03:00]tokens.go:189 goReact/webapp/server/handler/authentication.CreateCustomToken JWT.MapClaims created: map[exp:1642456786 user_id:1] 
[37mDEBU[0m[2022-01-18T00:39:46+03:00]tokens.go:189 goReact/webapp/server/handler/authentication.CreateCustomToken JWT.MapClaims created: map[exp:1642456786 user_id:1] 
[37mDEBU[0m[2022-01-18T00:39:46+03:00]tokens.go:167 goReact/webapp/server/handler/authentication.CreateCustomToken Bad request expire time: -20ns. Err msg: bad request 
[37mDEBU[0m[2022-01-18T00:39:46+03:00]tokens.go:167 goReact/webapp/server/handler/authentication.CreateCustomToken Bad request expire time: -20ns. Err msg: bad request 
[37mDEBU[0m[2022-01-18T00:39:46+03:00]tokens.go:173 goReact/webapp/server/handler/authentication.CreateCustomToken Bad request secret key:     . Err msg: bad request 
[37mDEBU[0m[2022-01-18T00:39:46+03:00]tokens.go:173 goReact/webapp/server/handler/authentication.CreateCustomToken Bad request secret key:     . Err msg: bad request 
[37mDEBU[0m[2022-01-18T00:39:46+03:00]tokens.go:178 goReact/webapp/server/handler/authentication.CreateCustomToken Bad request empty payload: map[]. Err msg: bad request 
[37mDEBU[0m[2022-01-18T00:39:46+03:00]tokens.go:178 goReact/webapp/server/handler/authentication.CreateCustomToken Bad request empty payload: map[]. Err msg: bad request 
[37mDEBU[0m[2022-01-18T00:40:04+03:00]tokens.go:189 goReact/webapp/server/handler/authentication.CreateCustomToken JWT.MapClaims created: map[exp:1642456804 user_id:1] 
[37mDEBU[0m[2022-01-18T00:40:04+03:00]tokens.go:189 goReact/webapp/server/handler/authentication.CreateCustomToken JWT.MapClaims created: map[exp:1642456804 user_id:1] 
[37mDEBU[0m[2022-01-18T00:40:04+03:00]tokens.go:167 goReact/webapp/server/handler/authentication.CreateCustomToken Bad request expire time: -20ns. Err msg: bad request 
[37mDEBU[0m[2022-01-18T00:40:04+03:00]tokens.go:167 goReact/webapp/server/handler/authentication.CreateCustomToken Bad request expire time: -20ns. Err msg: bad request 
[37mDEBU[0m[2022-01-18T00:40:04+03:00]tokens.go:173 goReact/webapp/server/handler/authentication.CreateCustomToken Bad request secret key:     . Err msg: bad request 
[37mDEBU[0m[2022-01-18T00:40:04+03:00]tokens.go:173 goReact/webapp/server/handler/authentication.CreateCustomToken Bad request secret key:     . Err msg: bad request 
[37mDEBU[0m[2022-01-18T00:40:04+03:00]tokens.go:189 goReact/webapp/server/handler/authentication.CreateCustomToken JWT.MapClaims created: map[exp:1642456804 user_id:1] 
[37mDEBU[0m[2022-01-18T00:40:04+03:00]tokens.go:189 goReact/webapp/server/handler/authentication.CreateCustomToken JWT.MapClaims created: map[exp:1642456804 user_id:1] 
[37mDEBU[0m[2022-01-18T00:41:30+03:00]tokens.go:189 goReact/webapp/server/handler/authentication.CreateCustomToken JWT.MapClaims created: map[exp:1642456890 user_id:1] 
[37mDEBU[0m[2022-01-18T00:41:30+03:00]tokens.go:189 goReact/webapp/server/handler/authentication.CreateCustomToken JWT.MapClaims created: map[exp:1642456890 user_id:1] 
[37mDEBU[0m[2022-01-18T00:41:30+03:00]tokens.go:167 goReact/webapp/server/handler/authentication.CreateCustomToken Bad request expire time: -20ns. Err msg: bad request 
[37mDEBU[0m[2022-01-18T00:41:30+03:00]tokens.go:167 goReact/webapp/server/handler/authentication.CreateCustomToken Bad request expire time: -20ns. Err msg: bad request 
[37mDEBU[0m[2022-01-18T00:41:30+03:00]tokens.go:167 goReact/webapp/server/handler/authentication.CreateCustomToken Bad request expire time: -20ns. Err msg: bad request 
[37mDEBU[0m[2022-01-18T00:41:30+03:00]tokens.go:167 goReact/webapp/server/handler/authentication.CreateCustomToken Bad request expire time: -20ns. Err msg: bad request 
[37mDEBU[0m[2022-01-18T00:41:30+03:00]tokens.go:178 goReact/webapp/server/handler/authentication.CreateCustomToken Bad request empty payload: map[]. Err msg: bad request 
[37mDEBU[0m[2022-01-18T00:41:30+03:00]tokens.go:178 goReact/webapp/server/handler/authentication.CreateCustomToken Bad request empty payload: map[]. Err msg: bad request 
[37mDEBU[0m[2022-01-18T00:42:32+03:00]tokens.go:189 goReact/webapp/server/handler/authentication.CreateCustomToken JWT.MapClaims created: map[exp:1642456952 user_id:1] 
[37mDEBU[0m[2022-01-18T00:42:32+03:00]tokens.go:189 goReact/webapp/server/handler/authentication.CreateCustomToken JWT.MapClaims created: map[exp:1642456952 user_id:1] 
[37mDEBU[0m[2022-01-18T00:42:32+03:00]tokens.go:167 goReact/webapp/server/handler/authentication.CreateCustomToken Bad request expire time: -20ns. Err msg: bad request 
[37mDEBU[0m[2022-01-18T00:42:32+03:00]tokens.go:167 goReact/webapp/server/handler/authentication.CreateCustomToken Bad request expire time: -20ns. Err msg: bad request 
[37mDEBU[0m[2022-01-18T00:42:32+03:00]tokens.go:173 goReact/webapp/server/handler/authentication.CreateCustomToken Bad request secret key:     . Err msg: bad request 
[37mDEBU[0m[2022-01-18T00:42:32+03:00]tokens.go:173 goReact/webapp/server/handler/authentication.CreateCustomToken Bad request secret key:     . Err msg: bad request 
[37mDEBU[0m[2022-01-18T00:42:32+03:00]tokens.go:178 goReact/webapp/server/handler/authentication.CreateCustomToken Bad request empty payload: map[]. Err msg: bad request 
[37mDEBU[0m[2022-01-18T00:42:32+03:00]tokens.go:178 goReact/webapp/server/handler/authentication.CreateCustomToken Bad request empty payload: map[]. Err msg: bad request 
[37mDEBU[0m[2022-01-18T00:42:48+03:00]tokens.go:189 goReact/webapp/server/handler/authentication.CreateCustomToken JWT.MapClaims created: map[exp:1642456968 user_id:1] 
[37mDEBU[0m[2022-01-18T00:42:48+03:00]tokens.go:189 goReact/webapp/server/handler/authentication.CreateCustomToken JWT.MapClaims created: map[exp:1642456968 user_id:1] 
[37mDEBU[0m[2022-01-18T00:42:48+03:00]tokens.go:167 goReact/webapp/server/handler/authentication.CreateCustomToken Bad request expire time: -20ns. Err msg: bad request 
[37mDEBU[0m[2022-01-18T00:42:48+03:00]tokens.go:167 goReact/webapp/server/handler/authentication.CreateCustomToken Bad request expire time: -20ns. Err msg: bad request 
[37mDEBU[0m[2022-01-18T00:42:48+03:00]tokens.go:173 goReact/webapp/server/handler/authentication.CreateCustomToken Bad request secret key:     . Err msg: bad request 
[37mDEBU[0m[2022-01-18T00:42:48+03:00]tokens.go:173 goReact/webapp/server/handler/authentication.CreateCustomToken Bad request secret key:     . Err msg: bad request 
[37mDEBU[0m[2022-01-18T00:42:48+03:00]tokens.go:178 goReact/webapp/server/handler/authentication.CreateCustomToken Bad request empty payload: map[]. Err msg: bad request 
[37mDEBU[0m[2022-01-18T00:42:48+03:00]tokens.go:178 goReact/webapp/server/handler/authentication.CreateCustomToken Bad request empty payload: map[]. Err msg: bad request 
[37mDEBU[0m[2022-01-18T00:43:37+03:00]tokens.go:189 goReact/webapp/server/handler/authentication.CreateCustomToken JWT.MapClaims created: map[exp:1642457017 user_id:1] 
[37mDEBU[0m[2022-01-18T00:43:37+03:00]tokens.go:189 goReact/webapp/server/handler/authentication.CreateCustomToken JWT.MapClaims created: map[exp:1642457017 user_id:1] 
[37mDEBU[0m[2022-01-18T00:43:37+03:00]tokens.go:167 goReact/webapp/server/handler/authentication.CreateCustomToken Bad request expire time: -20ns. Err msg: bad request 
[37mDEBU[0m[2022-01-18T00:43:37+03:00]tokens.go:167 goReact/webapp/server/handler/authentication.CreateCustomToken Bad request expire time: -20ns. Err msg: bad request 
[37mDEBU[0m[2022-01-18T00:43:37+03:00]tokens.go:189 goReact/webapp/server/handler/authentication.CreateCustomToken JWT.MapClaims created: map[exp:1642457017 user_id:1] 
[37mDEBU[0m[2022-01-18T00:43:37+03:00]tokens.go:189 goReact/webapp/server/handler/authentication.CreateCustomToken JWT.MapClaims created: map[exp:1642457017 user_id:1] 
[37mDEBU[0m[2022-01-18T00:43:37+03:00]tokens.go:178 goReact/webapp/server/handler/authentication.CreateCustomToken Bad request empty payload: map[]. Err msg: bad request 
[37mDEBU[0m[2022-01-18T00:43:37+03:00]tokens.go:178 goReact/webapp/server/handler/authentication.CreateCustomToken Bad request empty payload: map[]. Err msg: bad request 
[37mDEBU[0m[2022-01-18T00:55:50+03:00]tokens.go:189 goReact/webapp/server/handler/authentication.CreateCustomToken JWT.MapClaims created: map[exp:1642457750 user_id:1] 
[37mDEBU[0m[2022-01-18T00:55:50+03:00]tokens.go:189 goReact/webapp/server/handler/authentication.CreateCustomToken JWT.MapClaims created: map[exp:1642457750 user_id:1] 
[37mDEBU[0m[2022-01-18T00:56:58+03:00]tokens.go:189 goReact/webapp/server/handler/authentication.CreateCustomToken JWT.MapClaims created: map[exp:1642457818 user_id:1] 
[37mDEBU[0m[2022-01-18T00:56:58+03:00]tokens.go:189 goReact/webapp/server/handler/authentication.CreateCustomToken JWT.MapClaims created: map[exp:1642457818 user_id:1] 
[37mDEBU[0m[2022-01-18T00:56:58+03:00]tokens.go:212 goReact/webapp/server/handler/authentication.ParseCustomToken Error during token parsing. Err msg: invalid character 'j' looking for beginning of value 
[37mDEBU[0m[2022-01-18T00:56:58+03:00]tokens.go:212 goReact/webapp/server/handler/authentication.ParseCustomToken Error during token parsing. Err msg: invalid character 'j' looking for beginning of value 
[37mDEBU[0m[2022-01-18T00:57:43+03:00]tokens.go:189 goReact/webapp/server/handler/authentication.CreateCustomToken JWT.MapClaims created: map[exp:1642457863 user_id:1] 
[37mDEBU[0m[2022-01-18T00:57:43+03:00]tokens.go:189 goReact/webapp/server/handler/authentication.CreateCustomToken JWT.MapClaims created: map[exp:1642457863 user_id:1] 
[37mDEBU[0m[2022-01-18T00:57:43+03:00]tokens.go:212 goReact/webapp/server/handler/authentication.ParseCustomToken Error during token parsing. Err msg: invalid character 'j' looking for beginning of value 
[37mDEBU[0m[2022-01-18T00:57:43+03:00]tokens.go:212 goReact/webapp/server/handler/authentication.ParseCustomToken Error during token parsing. Err msg: invalid character 'j' looking for beginning of value 
[37mDEBU[0m[2022-01-18T00:57:57+03:00]tokens.go:189 goReact/webapp/server/handler/authentication.CreateCustomToken JWT.MapClaims created: map[exp:1642457877 user_id:1] 
[37mDEBU[0m[2022-01-18T00:57:57+03:00]tokens.go:189 goReact/webapp/server/handler/authentication.CreateCustomToken JWT.MapClaims created: map[exp:1642457877 user_id:1] 
[37mDEBU[0m[2022-01-18T00:57:57+03:00]tokens.go:212 goReact/webapp/server/handler/authentication.ParseCustomToken Error during token parsing. Err msg: invalid character 'j' looking for beginning of value 
[37mDEBU[0m[2022-01-18T00:57:57+03:00]tokens.go:212 goReact/webapp/server/handler/authentication.ParseCustomToken Error during token parsing. Err msg: invalid character 'j' looking for beginning of value 
[37mDEBU[0m[2022-01-18T00:58:47+03:00]tokens.go:189 goReact/webapp/server/handler/authentication.CreateCustomToken JWT.MapClaims created: map[exp:1642457927 user_id:1] 
[37mDEBU[0m[2022-01-18T00:58:47+03:00]tokens.go:189 goReact/webapp/server/handler/authentication.CreateCustomToken JWT.MapClaims created: map[exp:1642457927 user_id:1] 
[37mDEBU[0m[2022-01-18T00:58:47+03:00]tokens.go:212 goReact/webapp/server/handler/authentication.ParseCustomToken Error during token parsing. Err msg: invalid character 'j' looking for beginning of value 
[37mDEBU[0m[2022-01-18T00:58:47+03:00]tokens.go:212 goReact/webapp/server/handler/authentication.ParseCustomToken Error during token parsing. Err msg: invalid character 'j' looking for beginning of value 
[37mDEBU[0m[2022-01-18T00:58:47+03:00]tokens.go:212 goReact/webapp/server/handler/authentication.ParseCustomToken Error during token parsing. Err msg: signature is invalid 
[37mDEBU[0m[2022-01-18T00:58:47+03:00]tokens.go:212 goReact/webapp/server/handler/authentication.ParseCustomToken Error during token parsing. Err msg: signature is invalid 
[37mDEBU[0m[2022-01-18T01:00:09+03:00]tokens.go:189 goReact/webapp/server/handler/authentication.CreateCustomToken JWT.MapClaims created: map[exp:1642458009 user_id:1] 
[37mDEBU[0m[2022-01-18T01:00:09+03:00]tokens.go:189 goReact/webapp/server/handler/authentication.CreateCustomToken JWT.MapClaims created: map[exp:1642458009 user_id:1] 
[37mDEBU[0m[2022-01-18T01:00:09+03:00]tokens.go:212 goReact/webapp/server/handler/authentication.ParseCustomToken Error during token parsing. Err msg: invalid character 'j' looking for beginning of value 
[37mDEBU[0m[2022-01-18T01:00:09+03:00]tokens.go:212 goReact/webapp/server/handler/authentication.ParseCustomToken Error during token parsing. Err msg: invalid character 'j' looking for beginning of value 
[37mDEBU[0m[2022-01-18T01:00:09+03:00]tokens.go:212 goReact/webapp/server/handler/authentication.ParseCustomToken Error during token parsing. Err msg: signature is invalid 
[37mDEBU[0m[2022-01-18T01:00:09+03:00]tokens.go:212 goReact/webapp/server/handler/authentication.ParseCustomToken Error during token parsing. Err msg: signature is invalid 
[37mDEBU[0m[2022-01-18T01:02:02+03:00]tokens.go:189 goReact/webapp/server/handler/authentication.CreateCustomToken JWT.MapClaims created: map[exp:1642458122 user_id:1] 
[37mDEBU[0m[2022-01-18T01:02:02+03:00]tokens.go:189 goReact/webapp/server/handler/authentication.CreateCustomToken JWT.MapClaims created: map[exp:1642458122 user_id:1] 
[37mDEBU[0m[2022-01-18T01:02:02+03:00]tokens.go:212 goReact/webapp/server/handler/authentication.ParseCustomToken Error during token parsing. Err msg: invalid character 'j' looking for beginning of value 
[37mDEBU[0m[2022-01-18T01:02:02+03:00]tokens.go:212 goReact/webapp/server/handler/authentication.ParseCustomToken Error during token parsing. Err msg: invalid character 'j' looking for beginning of value 
[37mDEBU[0m[2022-01-18T01:02:02+03:00]tokens.go:212 goReact/webapp/server/handler/authentication.ParseCustomToken Error during token parsing. Err msg: signature is invalid 
[37mDEBU[0m[2022-01-18T01:02:02+03:00]tokens.go:212 goReact/webapp/server/handler/authentication.ParseCustomToken Error during token parsing. Err msg: signature is invalid 
[37mDEBU[0m[2022-01-18T01:02:02+03:00]tokens.go:167 goReact/webapp/server/handler/authentication.CreateCustomToken Bad request expire time: -20ns. Err msg: bad request 
[37mDEBU[0m[2022-01-18T01:02:02+03:00]tokens.go:167 goReact/webapp/server/handler/authentication.CreateCustomToken Bad request expire time: -20ns. Err msg: bad request 
[37mDEBU[0m[2022-01-18T01:02:02+03:00]tokens.go:212 goReact/webapp/server/handler/authentication.ParseCustomToken Error during token parsing. Err msg: token contains an invalid number of segments 
[37mDEBU[0m[2022-01-18T01:02:02+03:00]tokens.go:212 goReact/webapp/server/handler/authentication.ParseCustomToken Error during token parsing. Err msg: token contains an invalid number of segments 
[37mDEBU[0m[2022-01-18T01:03:40+03:00]testing.go:18 goReact/webapp/server/handler/authentication.TestToken JWT.MapClaims created: map[exp:1642458220 user_id:1] 
[37mDEBU[0m[2022-01-18T01:03:40+03:00]testing.go:18 goReact/webapp/server/handler/authentication.TestToken JWT.MapClaims created: map[exp:1642458220 user_id:1] 
[37mDEBU[0m[2022-01-18T01:03:40+03:00]tokens.go:212 goReact/webapp/server/handler/authentication.ParseCustomToken Error during token parsing. Err msg: invalid character 'j' looking for beginning of value 
[37mDEBU[0m[2022-01-18T01:03:40+03:00]tokens.go:212 goReact/webapp/server/handler/authentication.ParseCustomToken Error during token parsing. Err msg: invalid character 'j' looking for beginning of value 
[37mDEBU[0m[2022-01-18T01:03:40+03:00]tokens.go:212 goReact/webapp/server/handler/authentication.ParseCustomToken Error during token parsing. Err msg: signature is invalid 
[37mDEBU[0m[2022-01-18T01:03:40+03:00]tokens.go:212 goReact/webapp/server/handler/authentication.ParseCustomToken Error during token parsing. Err msg: signature is invalid 
[37mDEBU[0m[2022-01-18T01:03:40+03:00]testing.go:18 goReact/webapp/server/handler/authentication.TestToken JWT.MapClaims created: map[exp:1642455820 user_id:1] 
[37mDEBU[0m[2022-01-18T01:03:40+03:00]testing.go:18 goReact/webapp/server/handler/authentication.TestToken JWT.MapClaims created: map[exp:1642455820 user_id:1] 
[37mDEBU[0m[2022-01-18T01:03:40+03:00]tokens.go:212 goReact/webapp/server/handler/authentication.ParseCustomToken Error during token parsing. Err msg: Token is expired 
[37mDEBU[0m[2022-01-18T01:03:40+03:00]tokens.go:212 goReact/webapp/server/handler/authentication.ParseCustomToken Error during token parsing. Err msg: Token is expired 
[37mDEBU[0m[2022-01-18T01:03:58+03:00]testing.go:18 goReact/webapp/server/handler/authentication.TestToken JWT.MapClaims created: map[exp:1642458238 user_id:1] 
[37mDEBU[0m[2022-01-18T01:03:58+03:00]testing.go:18 goReact/webapp/server/handler/authentication.TestToken JWT.MapClaims created: map[exp:1642458238 user_id:1] 
[37mDEBU[0m[2022-01-18T01:03:58+03:00]tokens.go:212 goReact/webapp/server/handler/authentication.ParseCustomToken Error during token parsing. Err msg: invalid character 'j' looking for beginning of value 
[37mDEBU[0m[2022-01-18T01:03:58+03:00]tokens.go:212 goReact/webapp/server/handler/authentication.ParseCustomToken Error during token parsing. Err msg: invalid character 'j' looking for beginning of value 
[37mDEBU[0m[2022-01-18T01:03:58+03:00]tokens.go:212 goReact/webapp/server/handler/authentication.ParseCustomToken Error during token parsing. Err msg: signature is invalid 
[37mDEBU[0m[2022-01-18T01:03:58+03:00]tokens.go:212 goReact/webapp/server/handler/authentication.ParseCustomToken Error during token parsing. Err msg: signature is invalid 
[37mDEBU[0m[2022-01-18T01:03:58+03:00]testing.go:18 goReact/webapp/server/handler/authentication.TestToken JWT.MapClaims created: map[exp:1642455838 user_id:1] 
[37mDEBU[0m[2022-01-18T01:03:58+03:00]testing.go:18 goReact/webapp/server/handler/authentication.TestToken JWT.MapClaims created: map[exp:1642455838 user_id:1] 
[37mDEBU[0m[2022-01-18T01:03:58+03:00]tokens.go:212 goReact/webapp/server/handler/authentication.ParseCustomToken Error during token parsing. Err msg: Token is expired 
[37mDEBU[0m[2022-01-18T01:03:58+03:00]tokens.go:212 goReact/webapp/server/handler/authentication.ParseCustomToken Error during token parsing. Err msg: Token is expired 
[37mDEBU[0m[2022-01-18T01:05:17+03:00]testing.go:18 goReact/webapp/server/handler/authentication.TestToken JWT.MapClaims created: map[exp:1642458317 user_id:1] 
[37mDEBU[0m[2022-01-18T01:05:17+03:00]testing.go:18 goReact/webapp/server/handler/authentication.TestToken JWT.MapClaims created: map[exp:1642458317 user_id:1] 
[37mDEBU[0m[2022-01-18T01:05:17+03:00]tokens.go:212 goReact/webapp/server/handler/authentication.ParseCustomToken Error during token parsing. Err msg: invalid character 'j' looking for beginning of value 
[37mDEBU[0m[2022-01-18T01:05:17+03:00]tokens.go:212 goReact/webapp/server/handler/authentication.ParseCustomToken Error during token parsing. Err msg: invalid character 'j' looking for beginning of value 
[37mDEBU[0m[2022-01-18T01:05:17+03:00]tokens.go:212 goReact/webapp/server/handler/authentication.ParseCustomToken Error during token parsing. Err msg: signature is invalid 
[37mDEBU[0m[2022-01-18T01:05:17+03:00]tokens.go:212 goReact/webapp/server/handler/authentication.ParseCustomToken Error during token parsing. Err msg: signature is invalid 
[37mDEBU[0m[2022-01-18T01:05:17+03:00]testing.go:18 goReact/webapp/server/handler/authentication.TestToken JWT.MapClaims created: map[exp:1642458317 user_id:1] 
[37mDEBU[0m[2022-01-18T01:05:17+03:00]testing.go:18 goReact/webapp/server/handler/authentication.TestToken JWT.MapClaims created: map[exp:1642458317 user_id:1] 
[37mDEBU[0m[2022-01-18T01:05:17+03:00]testing.go:18 goReact/webapp/server/handler/authentication.TestToken JWT.MapClaims created: map[exp:1642455917 user_id:1] 
[37mDEBU[0m[2022-01-18T01:05:17+03:00]testing.go:18 goReact/webapp/server/handler/authentication.TestToken JWT.MapClaims created: map[exp:1642455917 user_id:1] 
[37mDEBU[0m[2022-01-18T01:05:17+03:00]tokens.go:212 goReact/webapp/server/handler/authentication.ParseCustomToken Error during token parsing. Err msg: Token is expired 
[37mDEBU[0m[2022-01-18T01:05:17+03:00]tokens.go:212 goReact/webapp/server/handler/authentication.ParseCustomToken Error during token parsing. Err msg: Token is expired 
[37mDEBU[0m[2022-01-18T01:06:24+03:00]testing.go:18 goReact/webapp/server/handler/authentication.TestToken JWT.MapClaims created: map[exp:1642458384 user_id:1] 
[37mDEBU[0m[2022-01-18T01:06:24+03:00]testing.go:18 goReact/webapp/server/handler/authentication.TestToken JWT.MapClaims created: map[exp:1642458384 user_id:1] 
[37mDEBU[0m[2022-01-18T01:06:24+03:00]tokens.go:212 goReact/webapp/server/handler/authentication.ParseCustomToken Error during token parsing. Err msg: invalid character 'j' looking for beginning of value 
[37mDEBU[0m[2022-01-18T01:06:24+03:00]tokens.go:212 goReact/webapp/server/handler/authentication.ParseCustomToken Error during token parsing. Err msg: invalid character 'j' looking for beginning of value 
[37mDEBU[0m[2022-01-18T01:06:24+03:00]tokens.go:212 goReact/webapp/server/handler/authentication.ParseCustomToken Error during token parsing. Err msg: signature is invalid 
[37mDEBU[0m[2022-01-18T01:06:24+03:00]tokens.go:212 goReact/webapp/server/handler/authentication.ParseCustomToken Error during token parsing. Err msg: signature is invalid 
[37mDEBU[0m[2022-01-18T01:06:24+03:00]testing.go:18 goReact/webapp/server/handler/authentication.TestToken JWT.MapClaims created: map[exp:1642458384 invalid_key:invalid_value] 
[37mDEBU[0m[2022-01-18T01:06:24+03:00]testing.go:18 goReact/webapp/server/handler/authentication.TestToken JWT.MapClaims created: map[exp:1642458384 invalid_key:invalid_value] 
[37mDEBU[0m[2022-01-18T01:06:24+03:00]testing.go:18 goReact/webapp/server/handler/authentication.TestToken JWT.MapClaims created: map[exp:1642455984 user_id:1] 
[37mDEBU[0m[2022-01-18T01:06:24+03:00]testing.go:18 goReact/webapp/server/handler/authentication.TestToken JWT.MapClaims created: map[exp:1642455984 user_id:1] 
[37mDEBU[0m[2022-01-18T01:06:24+03:00]tokens.go:212 goReact/webapp/server/handler/authentication.ParseCustomToken Error during token parsing. Err msg: Token is expired 
[37mDEBU[0m[2022-01-18T01:06:24+03:00]tokens.go:212 goReact/webapp/server/handler/authentication.ParseCustomToken Error during token parsing. Err msg: Token is expired 
[37mDEBU[0m[2022-01-18T01:07:18+03:00]tokens.go:189 goReact/webapp/server/handler/authentication.CreateCustomToken JWT.MapClaims created: map[exp:1642458438 user_id:1] 
[37mDEBU[0m[2022-01-18T01:07:18+03:00]tokens.go:189 goReact/webapp/server/handler/authentication.CreateCustomToken JWT.MapClaims created: map[exp:1642458438 user_id:1] 
[37mDEBU[0m[2022-01-18T01:07:18+03:00]tokens.go:167 goReact/webapp/server/handler/authentication.CreateCustomToken Bad request expire time: -20ns. Err msg: bad request 
[37mDEBU[0m[2022-01-18T01:07:18+03:00]tokens.go:167 goReact/webapp/server/handler/authentication.CreateCustomToken Bad request expire time: -20ns. Err msg: bad request 
[37mDEBU[0m[2022-01-18T01:07:18+03:00]tokens.go:173 goReact/webapp/server/handler/authentication.CreateCustomToken Bad request secret key:     . Err msg: bad request 
[37mDEBU[0m[2022-01-18T01:07:18+03:00]tokens.go:173 goReact/webapp/server/handler/authentication.CreateCustomToken Bad request secret key:     . Err msg: bad request 
[37mDEBU[0m[2022-01-18T01:07:18+03:00]tokens.go:178 goReact/webapp/server/handler/authentication.CreateCustomToken Bad request empty payload: map[]. Err msg: bad request 
[37mDEBU[0m[2022-01-18T01:07:18+03:00]tokens.go:178 goReact/webapp/server/handler/authentication.CreateCustomToken Bad request empty payload: map[]. Err msg: bad request 
[37mDEBU[0m[2022-01-18T01:07:18+03:00]testing.go:18 goReact/webapp/server/handler/authentication.TestToken JWT.MapClaims created: map[exp:1642458438 user_id:1] 
[37mDEBU[0m[2022-01-18T01:07:18+03:00]testing.go:18 goReact/webapp/server/handler/authentication.TestToken JWT.MapClaims created: map[exp:1642458438 user_id:1] 
[37mDEBU[0m[2022-01-18T01:07:18+03:00]tokens.go:212 goReact/webapp/server/handler/authentication.ParseCustomToken Error during token parsing. Err msg: invalid character 'j' looking for beginning of value 
[37mDEBU[0m[2022-01-18T01:07:18+03:00]tokens.go:212 goReact/webapp/server/handler/authentication.ParseCustomToken Error during token parsing. Err msg: invalid character 'j' looking for beginning of value 
[37mDEBU[0m[2022-01-18T01:07:18+03:00]tokens.go:212 goReact/webapp/server/handler/authentication.ParseCustomToken Error during token parsing. Err msg: signature is invalid 
[37mDEBU[0m[2022-01-18T01:07:18+03:00]tokens.go:212 goReact/webapp/server/handler/authentication.ParseCustomToken Error during token parsing. Err msg: signature is invalid 
[37mDEBU[0m[2022-01-18T01:07:18+03:00]testing.go:18 goReact/webapp/server/handler/authentication.TestToken JWT.MapClaims created: map[exp:1642456038 user_id:1] 
[37mDEBU[0m[2022-01-18T01:07:18+03:00]testing.go:18 goReact/webapp/server/handler/authentication.TestToken JWT.MapClaims created: map[exp:1642456038 user_id:1] 
[37mDEBU[0m[2022-01-18T01:07:18+03:00]tokens.go:212 goReact/webapp/server/handler/authentication.ParseCustomToken Error during token parsing. Err msg: Token is expired 
[37mDEBU[0m[2022-01-18T01:07:18+03:00]tokens.go:212 goReact/webapp/server/handler/authentication.ParseCustomToken Error during token parsing. Err msg: Token is expired 
[37mDEBU[0m[2022-01-18T01:07:44+03:00]tokens.go:189 goReact/webapp/server/handler/authentication.CreateCustomToken JWT.MapClaims created: map[exp:1642458464 user_id:1] 
[37mDEBU[0m[2022-01-18T01:07:44+03:00]tokens.go:189 goReact/webapp/server/handler/authentication.CreateCustomToken JWT.MapClaims created: map[exp:1642458464 user_id:1] 
[37mDEBU[0m[2022-01-18T01:07:44+03:00]tokens.go:167 goReact/webapp/server/handler/authentication.CreateCustomToken Bad request expire time: -20ns. Err msg: bad request 
[37mDEBU[0m[2022-01-18T01:07:44+03:00]tokens.go:167 goReact/webapp/server/handler/authentication.CreateCustomToken Bad request expire time: -20ns. Err msg: bad request 
[37mDEBU[0m[2022-01-18T01:07:44+03:00]tokens.go:173 goReact/webapp/server/handler/authentication.CreateCustomToken Bad request secret key:     . Err msg: bad request 
[37mDEBU[0m[2022-01-18T01:07:44+03:00]tokens.go:173 goReact/webapp/server/handler/authentication.CreateCustomToken Bad request secret key:     . Err msg: bad request 
[37mDEBU[0m[2022-01-18T01:07:44+03:00]tokens.go:178 goReact/webapp/server/handler/authentication.CreateCustomToken Bad request empty payload: map[]. Err msg: bad request 
[37mDEBU[0m[2022-01-18T01:07:44+03:00]tokens.go:178 goReact/webapp/server/handler/authentication.CreateCustomToken Bad request empty payload: map[]. Err msg: bad request 
[37mDEBU[0m[2022-01-18T01:07:44+03:00]testing.go:18 goReact/webapp/server/handler/authentication.TestToken JWT.MapClaims created: map[exp:1642458464 user_id:1] 
[37mDEBU[0m[2022-01-18T01:07:44+03:00]testing.go:18 goReact/webapp/server/handler/authentication.TestToken JWT.MapClaims created: map[exp:1642458464 user_id:1] 
[37mDEBU[0m[2022-01-18T01:07:44+03:00]tokens.go:212 goReact/webapp/server/handler/authentication.ParseCustomToken Error during token parsing. Err msg: invalid character 'j' looking for beginning of value 
[37mDEBU[0m[2022-01-18T01:07:44+03:00]tokens.go:212 goReact/webapp/server/handler/authentication.ParseCustomToken Error during token parsing. Err msg: invalid character 'j' looking for beginning of value 
[37mDEBU[0m[2022-01-18T01:07:44+03:00]tokens.go:212 goReact/webapp/server/handler/authentication.ParseCustomToken Error during token parsing. Err msg: signature is invalid 
[37mDEBU[0m[2022-01-18T01:07:44+03:00]tokens.go:212 goReact/webapp/server/handler/authentication.ParseCustomToken Error during token parsing. Err msg: signature is invalid 
[37mDEBU[0m[2022-01-18T01:07:44+03:00]testing.go:18 goReact/webapp/server/handler/authentication.TestToken JWT.MapClaims created: map[exp:1642456064 user_id:1] 
[37mDEBU[0m[2022-01-18T01:07:44+03:00]testing.go:18 goReact/webapp/server/handler/authentication.TestToken JWT.MapClaims created: map[exp:1642456064 user_id:1] 
[37mDEBU[0m[2022-01-18T01:07:44+03:00]tokens.go:212 goReact/webapp/server/handler/authentication.ParseCustomToken Error during token parsing. Err msg: Token is expired 
[37mDEBU[0m[2022-01-18T01:07:44+03:00]tokens.go:212 goReact/webapp/server/handler/authentication.ParseCustomToken Error during token parsing. Err msg: Token is expired 
[37mDEBU[0m[2022-01-19T20:55:09+03:00]tokens.go:189 goReact/webapp/server/handler/authentication.CreateCustomToken JWT.MapClaims created: map[exp:1642616109 user_id:1] 
[37mDEBU[0m[2022-01-19T20:55:09+03:00]tokens.go:189 goReact/webapp/server/handler/authentication.CreateCustomToken JWT.MapClaims created: map[exp:1642616109 user_id:1] 
[37mDEBU[0m[2022-01-19T20:55:09+03:00]tokens.go:167 goReact/webapp/server/handler/authentication.CreateCustomToken Bad request expire time: -20ns. Err msg: bad request 
[37mDEBU[0m[2022-01-19T20:55:09+03:00]tokens.go:167 goReact/webapp/server/handler/authentication.CreateCustomToken Bad request expire time: -20ns. Err msg: bad request 
[37mDEBU[0m[2022-01-19T20:55:09+03:00]tokens.go:173 goReact/webapp/server/handler/authentication.CreateCustomToken Bad request secret key:     . Err msg: bad request 
[37mDEBU[0m[2022-01-19T20:55:09+03:00]tokens.go:173 goReact/webapp/server/handler/authentication.CreateCustomToken Bad request secret key:     . Err msg: bad request 
[37mDEBU[0m[2022-01-19T20:55:09+03:00]tokens.go:178 goReact/webapp/server/handler/authentication.CreateCustomToken Bad request empty payload: map[]. Err msg: bad request 
[37mDEBU[0m[2022-01-19T20:55:09+03:00]tokens.go:178 goReact/webapp/server/handler/authentication.CreateCustomToken Bad request empty payload: map[]. Err msg: bad request 
[37mDEBU[0m[2022-01-19T20:55:09+03:00]testing.go:18 goReact/webapp/server/handler/authentication.TestToken JWT.MapClaims created: map[exp:1642616109 user_id:1] 
[37mDEBU[0m[2022-01-19T20:55:09+03:00]testing.go:18 goReact/webapp/server/handler/authentication.TestToken JWT.MapClaims created: map[exp:1642616109 user_id:1] 
[37mDEBU[0m[2022-01-19T20:55:09+03:00]tokens.go:212 goReact/webapp/server/handler/authentication.ParseCustomToken Error during token parsing. Err msg: invalid character 'j' looking for beginning of value 
[37mDEBU[0m[2022-01-19T20:55:09+03:00]tokens.go:212 goReact/webapp/server/handler/authentication.ParseCustomToken Error during token parsing. Err msg: invalid character 'j' looking for beginning of value 
[37mDEBU[0m[2022-01-19T20:55:09+03:00]tokens.go:212 goReact/webapp/server/handler/authentication.ParseCustomToken Error during token parsing. Err msg: signature is invalid 
[37mDEBU[0m[2022-01-19T20:55:09+03:00]tokens.go:212 goReact/webapp/server/handler/authentication.ParseCustomToken Error during token parsing. Err msg: signature is invalid 
[37mDEBU[0m[2022-01-19T20:55:09+03:00]testing.go:18 goReact/webapp/server/handler/authentication.TestToken JWT.MapClaims created: map[exp:1642613709 user_id:1] 
[37mDEBU[0m[2022-01-19T20:55:09+03:00]testing.go:18 goReact/webapp/server/handler/authentication.TestToken JWT.MapClaims created: map[exp:1642613709 user_id:1] 
[37mDEBU[0m[2022-01-19T20:55:09+03:00]tokens.go:212 goReact/webapp/server/handler/authentication.ParseCustomToken Error during token parsing. Err msg: Token is expired 
[37mDEBU[0m[2022-01-19T20:55:09+03:00]tokens.go:212 goReact/webapp/server/handler/authentication.ParseCustomToken Error during token parsing. Err msg: Token is expired 
[37mDEBU[0m[2022-01-21T19:30:35+03:00]tokens.go:188 goReact/webapp/server/handler/authentication.CreateCustomToken JWT.MapClaims created: map[exp:1642783835 user_id:1] 
[37mDEBU[0m[2022-01-21T19:30:35+03:00]tokens.go:188 goReact/webapp/server/handler/authentication.CreateCustomToken JWT.MapClaims created: map[exp:1642783835 user_id:1] 
[37mDEBU[0m[2022-01-21T19:30:35+03:00]tokens.go:167 goReact/webapp/server/handler/authentication.CreateCustomToken Bad request expire time: -20ns. Err msg: bad request 
[37mDEBU[0m[2022-01-21T19:30:35+03:00]tokens.go:167 goReact/webapp/server/handler/authentication.CreateCustomToken Bad request expire time: -20ns. Err msg: bad request 
[37mDEBU[0m[2022-01-21T19:30:35+03:00]tokens.go:173 goReact/webapp/server/handler/authentication.CreateCustomToken Bad request secret key:     . Err msg: bad request 
[37mDEBU[0m[2022-01-21T19:30:35+03:00]tokens.go:173 goReact/webapp/server/handler/authentication.CreateCustomToken Bad request secret key:     . Err msg: bad request 
[37mDEBU[0m[2022-01-21T19:30:35+03:00]tokens.go:178 goReact/webapp/server/handler/authentication.CreateCustomToken Bad request empty payload: map[]. Err msg: bad request 
[37mDEBU[0m[2022-01-21T19:30:35+03:00]tokens.go:178 goReact/webapp/server/handler/authentication.CreateCustomToken Bad request empty payload: map[]. Err msg: bad request 
[37mDEBU[0m[2022-01-21T19:30:35+03:00]testing.go:18 goReact/webapp/server/handler/authentication.TestToken JWT.MapClaims created: map[exp:1642783835 user_id:1] 
[37mDEBU[0m[2022-01-21T19:30:35+03:00]testing.go:18 goReact/webapp/server/handler/authentication.TestToken JWT.MapClaims created: map[exp:1642783835 user_id:1] 
[37mDEBU[0m[2022-01-21T19:30:35+03:00]tokens.go:211 goReact/webapp/server/handler/authentication.ParseCustomToken Error during token parsing. Err msg: invalid character 'j' looking for beginning of value 
[37mDEBU[0m[2022-01-21T19:30:35+03:00]tokens.go:211 goReact/webapp/server/handler/authentication.ParseCustomToken Error during token parsing. Err msg: invalid character 'j' looking for beginning of value 
[37mDEBU[0m[2022-01-21T19:30:35+03:00]tokens.go:211 goReact/webapp/server/handler/authentication.ParseCustomToken Error during token parsing. Err msg: signature is invalid 
[37mDEBU[0m[2022-01-21T19:30:35+03:00]tokens.go:211 goReact/webapp/server/handler/authentication.ParseCustomToken Error during token parsing. Err msg: signature is invalid 
[37mDEBU[0m[2022-01-21T19:30:35+03:00]testing.go:18 goReact/webapp/server/handler/authentication.TestToken JWT.MapClaims created: map[exp:1642781435 user_id:1] 
[37mDEBU[0m[2022-01-21T19:30:35+03:00]testing.go:18 goReact/webapp/server/handler/authentication.TestToken JWT.MapClaims created: map[exp:1642781435 user_id:1] 
[37mDEBU[0m[2022-01-21T19:30:35+03:00]tokens.go:211 goReact/webapp/server/handler/authentication.ParseCustomToken Error during token parsing. Err msg: Token is expired 
[37mDEBU[0m[2022-01-21T19:30:35+03:00]tokens.go:211 goReact/webapp/server/handler/authentication.ParseCustomToken Error during token parsing. Err msg: Token is expired 
[37mDEBU[0m[2022-01-29T08:24:18+03:00]tokens.go:188 goReact/webapp/server/handler/authentication.CreateCustomToken JWT.MapClaims created: map[exp:1643435058 user_id:1] 
[37mDEBU[0m[2022-01-29T08:24:18+03:00]tokens.go:188 goReact/webapp/server/handler/authentication.CreateCustomToken JWT.MapClaims created: map[exp:1643435058 user_id:1] 
[37mDEBU[0m[2022-01-29T08:24:18+03:00]tokens.go:167 goReact/webapp/server/handler/authentication.CreateCustomToken Bad request expire time: -20ns. Err msg: bad request 
[37mDEBU[0m[2022-01-29T08:24:18+03:00]tokens.go:167 goReact/webapp/server/handler/authentication.CreateCustomToken Bad request expire time: -20ns. Err msg: bad request 
[37mDEBU[0m[2022-01-29T08:24:18+03:00]tokens.go:173 goReact/webapp/server/handler/authentication.CreateCustomToken Bad request secret key:     . Err msg: bad request 
[37mDEBU[0m[2022-01-29T08:24:18+03:00]tokens.go:173 goReact/webapp/server/handler/authentication.CreateCustomToken Bad request secret key:     . Err msg: bad request 
[37mDEBU[0m[2022-01-29T08:24:18+03:00]tokens.go:178 goReact/webapp/server/handler/authentication.CreateCustomToken Bad request empty payload: map[]. Err msg: bad request 
[37mDEBU[0m[2022-01-29T08:24:18+03:00]tokens.go:178 goReact/webapp/server/handler/authentication.CreateCustomToken Bad request empty payload: map[]. Err msg: bad request 
[37mDEBU[0m[2022-01-29T08:24:18+03:00]testing.go:18 goReact/webapp/server/handler/authentication.TestToken JWT.MapClaims created: map[exp:1643435058 user_id:1] 
[37mDEBU[0m[2022-01-29T08:24:18+03:00]testing.go:18 goReact/webapp/server/handler/authentication.TestToken JWT.MapClaims created: map[exp:1643435058 user_id:1] 
[37mDEBU[0m[2022-01-29T08:24:18+03:00]tokens.go:211 goReact/webapp/server/handler/authentication.ParseCustomToken Error during token parsing. Err msg: invalid character 'j' looking for beginning of value 
[37mDEBU[0m[2022-01-29T08:24:18+03:00]tokens.go:211 goReact/webapp/server/handler/authentication.ParseCustomToken Error during token parsing. Err msg: invalid character 'j' looking for beginning of value 
[37mDEBU[0m[2022-01-29T08:24:18+03:00]tokens.go:211 goReact/webapp/server/handler/authentication.ParseCustomToken Error during token parsing. Err msg: signature is invalid 
[37mDEBU[0m[2022-01-29T08:24:18+03:00]tokens.go:211 goReact/webapp/server/handler/authentication.ParseCustomToken Error during token parsing. Err msg: signature is invalid 
[37mDEBU[0m[2022-01-29T08:24:18+03:00]testing.go:18 goReact/webapp/server/handler/authentication.TestToken JWT.MapClaims created: map[exp:1643432658 user_id:1] 
[37mDEBU[0m[2022-01-29T08:24:18+03:00]testing.go:18 goReact/webapp/server/handler/authentication.TestToken JWT.MapClaims created: map[exp:1643432658 user_id:1] 
[37mDEBU[0m[2022-01-29T08:24:18+03:00]tokens.go:211 goReact/webapp/server/handler/authentication.ParseCustomToken Error during token parsing. Err msg: Token is expired 
[37mDEBU[0m[2022-01-29T08:24:18+03:00]tokens.go:211 goReact/webapp/server/handler/authentication.ParseCustomToken Error during token parsing. Err msg: Token is expired 
[37mDEBU[0m[2022-01-29T09:34:18+03:00]tokens.go:188 goReact/webapp/server/handler/authentication.CreateCustomToken JWT.MapClaims created: map[exp:1643439258 user_id:1] 
[37mDEBU[0m[2022-01-29T09:34:18+03:00]tokens.go:188 goReact/webapp/server/handler/authentication.CreateCustomToken JWT.MapClaims created: map[exp:1643439258 user_id:1] 
[37mDEBU[0m[2022-01-29T09:34:18+03:00]tokens.go:167 goReact/webapp/server/handler/authentication.CreateCustomToken Bad request expire time: -20ns. Err msg: bad request 
[37mDEBU[0m[2022-01-29T09:34:18+03:00]tokens.go:167 goReact/webapp/server/handler/authentication.CreateCustomToken Bad request expire time: -20ns. Err msg: bad request 
[37mDEBU[0m[2022-01-29T09:34:18+03:00]tokens.go:173 goReact/webapp/server/handler/authentication.CreateCustomToken Bad request secret key:     . Err msg: bad request 
[37mDEBU[0m[2022-01-29T09:34:18+03:00]tokens.go:173 goReact/webapp/server/handler/authentication.CreateCustomToken Bad request secret key:     . Err msg: bad request 
[37mDEBU[0m[2022-01-29T09:34:18+03:00]tokens.go:178 goReact/webapp/server/handler/authentication.CreateCustomToken Bad request empty payload: map[]. Err msg: bad request 
[37mDEBU[0m[2022-01-29T09:34:18+03:00]tokens.go:178 goReact/webapp/server/handler/authentication.CreateCustomToken Bad request empty payload: map[]. Err msg: bad request 
[37mDEBU[0m[2022-01-29T09:34:18+03:00]testing.go:18 goReact/webapp/server/handler/authentication.TestToken JWT.MapClaims created: map[exp:1643439258 user_id:1] 
[37mDEBU[0m[2022-01-29T09:34:18+03:00]testing.go:18 goReact/webapp/server/handler/authentication.TestToken JWT.MapClaims created: map[exp:1643439258 user_id:1] 
[37mDEBU[0m[2022-01-29T09:34:18+03:00]tokens.go:211 goReact/webapp/server/handler/authentication.ParseCustomToken Error during token parsing. Err msg: invalid character 'j' looking for beginning of value 
[37mDEBU[0m[2022-01-29T09:34:18+03:00]tokens.go:211 goReact/webapp/server/handler/authentication.ParseCustomToken Error during token parsing. Err msg: invalid character 'j' looking for beginning of value 
[37mDEBU[0m[2022-01-29T09:34:18+03:00]tokens.go:211 goReact/webapp/server/handler/authentication.ParseCustomToken Error during token parsing. Err msg: signature is invalid 
[37mDEBU[0m[2022-01-29T09:34:18+03:00]tokens.go:211 goReact/webapp/server/handler/authentication.ParseCustomToken Error during token parsing. Err msg: signature is invalid 
[37mDEBU[0m[2022-01-29T09:34:18+03:00]testing.go:18 goReact/webapp/server/handler/authentication.TestToken JWT.MapClaims created: map[exp:1643436858 user_id:1] 
[37mDEBU[0m[2022-01-29T09:34:18+03:00]testing.go:18 goReact/webapp/server/handler/authentication.TestToken JWT.MapClaims created: map[exp:1643436858 user_id:1] 
[37mDEBU[0m[2022-01-29T09:34:18+03:00]tokens.go:211 goReact/webapp/server/handler/authentication.ParseCustomToken Error during token parsing. Err msg: Token is expired 
[37mDEBU[0m[2022-01-29T09:34:18+03:00]tokens.go:211 goReact/webapp/server/handler/authentication.ParseCustomToken Error during token parsing. Err msg: Token is expired 
