[36mINFO[0m[2022-02-15T21:45:47+03:00]server.go:34 authentication/internal/server.(*Server).Start Router started successfully                  
[36mINFO[0m[2022-02-15T21:45:47+03:00]server.go:34 authentication/internal/server.(*Server).Start Router started successfully                  
[36mINFO[0m[2022-02-15T21:45:47+03:00]server.go:36 authentication/internal/server.(*Server).Start User store opening ...                       
[36mINFO[0m[2022-02-15T21:45:47+03:00]server.go:36 authentication/internal/server.(*Server).Start User store opening ...                       
[31mERRO[0m[2022-02-15T21:45:50+03:00]server.go:38 authentication/internal/server.(*Server).Start err during db opening, err: %!w(*net.OpError=&{dial tcp <nil> <nil> 0xc00029a680}) 
[31mERRO[0m[2022-02-15T21:45:50+03:00]server.go:38 authentication/internal/server.(*Server).Start err during db opening, err: %!w(*net.OpError=&{dial tcp <nil> <nil> 0xc00029a680}) 
[31mERRO[0m[2022-02-15T21:45:50+03:00]main.go:14 main.main failed to start server due to error: %!w(*net.OpError=&{dial tcp <nil> <nil> 0xc00029a680}) 
[31mERRO[0m[2022-02-15T21:45:50+03:00]main.go:14 main.main failed to start server due to error: %!w(*net.OpError=&{dial tcp <nil> <nil> 0xc00029a680}) 
[36mINFO[0m[2022-03-23T13:35:29+03:00]store.go:39 auth/domain/store.(*Store).Open Auth store opening. Source: host=localhost port=5432 user=user password=userpass dbname=authdbtest sslmode=disable 
[36mINFO[0m[2022-03-23T13:35:29+03:00]store.go:39 auth/domain/store.(*Store).Open Auth store opening. Source: host=localhost port=5432 user=user password=userpass dbname=authdbtest sslmode=disable 
[31mERRO[0m[2022-03-23T13:35:30+03:00]store.go:48 auth/domain/store.(*Store).Open Can't ping DB. Err msg: pq: роль "user" не существует 
[31mERRO[0m[2022-03-23T13:35:30+03:00]store.go:48 auth/domain/store.(*Store).Open Can't ping DB. Err msg: pq: роль "user" не существует 
[36mINFO[0m[2022-03-23T13:37:06+03:00]store.go:39 auth/domain/store.(*Store).Open Auth store opening. Source: host=authdbtest port=5432 user=user password=userpass dbname=authdbtest sslmode=disable 
[36mINFO[0m[2022-03-23T13:37:06+03:00]store.go:39 auth/domain/store.(*Store).Open Auth store opening. Source: host=authdbtest port=5432 user=user password=userpass dbname=authdbtest sslmode=disable 
[31mERRO[0m[2022-03-23T13:37:08+03:00]store.go:48 auth/domain/store.(*Store).Open Can't ping DB. Err msg: dial tcp: lookup authdbtest: no such host 
[31mERRO[0m[2022-03-23T13:37:08+03:00]store.go:48 auth/domain/store.(*Store).Open Can't ping DB. Err msg: dial tcp: lookup authdbtest: no such host 
[36mINFO[0m[2022-03-23T13:43:55+03:00]store.go:39 auth/domain/store.(*Store).Open Auth store opening. Source: host=localhost port=5432 user=user password=userpass dbname=authdbtest sslmode=disable 
[36mINFO[0m[2022-03-23T13:43:55+03:00]store.go:39 auth/domain/store.(*Store).Open Auth store opening. Source: host=localhost port=5432 user=user password=userpass dbname=authdbtest sslmode=disable 
[31mERRO[0m[2022-03-23T13:43:55+03:00]store.go:48 auth/domain/store.(*Store).Open Can't ping DB. Err msg: pq: роль "user" не существует 
[31mERRO[0m[2022-03-23T13:43:55+03:00]store.go:48 auth/domain/store.(*Store).Open Can't ping DB. Err msg: pq: роль "user" не существует 
[36mINFO[0m[2022-03-23T13:46:31+03:00]store.go:39 auth/domain/store.(*Store).Open Auth store opening. Source: host=localhost port=5432 user=user password=userpass dbname=authdbtest sslmode=disable 
[36mINFO[0m[2022-03-23T13:46:31+03:00]store.go:39 auth/domain/store.(*Store).Open Auth store opening. Source: host=localhost port=5432 user=user password=userpass dbname=authdbtest sslmode=disable 
[31mERRO[0m[2022-03-23T13:46:31+03:00]store.go:48 auth/domain/store.(*Store).Open Can't ping DB. Err msg: pq: роль "user" не существует 
[31mERRO[0m[2022-03-23T13:46:31+03:00]store.go:48 auth/domain/store.(*Store).Open Can't ping DB. Err msg: pq: роль "user" не существует 
[36mINFO[0m[2022-03-23T13:46:46+03:00]store.go:39 auth/domain/store.(*Store).Open Auth store opening. Source: host=localhost port=5432 user=usasdaser password=userpass dbname=authdbtest sslmode=disable 
[36mINFO[0m[2022-03-23T13:46:46+03:00]store.go:39 auth/domain/store.(*Store).Open Auth store opening. Source: host=localhost port=5432 user=usasdaser password=userpass dbname=authdbtest sslmode=disable 
[31mERRO[0m[2022-03-23T13:46:46+03:00]store.go:48 auth/domain/store.(*Store).Open Can't ping DB. Err msg: pq: роль "usasdaser" не существует 
[31mERRO[0m[2022-03-23T13:46:46+03:00]store.go:48 auth/domain/store.(*Store).Open Can't ping DB. Err msg: pq: роль "usasdaser" не существует 
[36mINFO[0m[2022-03-23T13:47:32+03:00]store.go:39 auth/domain/store.(*Store).Open Auth store opening. Source: host=localhost port=8082 user=user password=userpass dbname=authdbtest sslmode=disable 
[36mINFO[0m[2022-03-23T13:47:32+03:00]store.go:39 auth/domain/store.(*Store).Open Auth store opening. Source: host=localhost port=8082 user=user password=userpass dbname=authdbtest sslmode=disable 
[36mINFO[0m[2022-03-23T13:47:32+03:00]store.go:39 auth/domain/store.(*Store).Open Auth store opening. Source: host=localhost port=8082 user=user password=userpass dbname=authdbtest sslmode=disable 
[36mINFO[0m[2022-03-23T13:47:32+03:00]store.go:39 auth/domain/store.(*Store).Open Auth store opening. Source: host=localhost port=8082 user=user password=userpass dbname=authdbtest sslmode=disable 
[36mINFO[0m[2022-03-23T13:47:32+03:00]store.go:39 auth/domain/store.(*Store).Open Auth store opening. Source: host=localhost port=8082 user=user password=userpass dbname=authdbtest sslmode=disable 
[36mINFO[0m[2022-03-23T13:47:32+03:00]store.go:39 auth/domain/store.(*Store).Open Auth store opening. Source: host=localhost port=8082 user=user password=userpass dbname=authdbtest sslmode=disable 
[36mINFO[0m[2022-03-23T13:47:55+03:00]store.go:39 auth/domain/store.(*Store).Open Auth store opening. Source: host=localhost port=8082 user=user password=userpass dbname=authdbtest sslmode=disable 
[36mINFO[0m[2022-03-23T13:47:55+03:00]store.go:39 auth/domain/store.(*Store).Open Auth store opening. Source: host=localhost port=8082 user=user password=userpass dbname=authdbtest sslmode=disable 
[36mINFO[0m[2022-03-23T13:47:55+03:00]store.go:39 auth/domain/store.(*Store).Open Auth store opening. Source: host=localhost port=8082 user=user password=userpass dbname=authdbtest sslmode=disable 
[36mINFO[0m[2022-03-23T13:47:55+03:00]store.go:39 auth/domain/store.(*Store).Open Auth store opening. Source: host=localhost port=8082 user=user password=userpass dbname=authdbtest sslmode=disable 
[36mINFO[0m[2022-03-23T13:48:08+03:00]store.go:39 auth/domain/store.(*Store).Open Auth store opening. Source: host=localhost port=8082 user=user password=userpass dbname=authdbtest sslmode=disable 
[36mINFO[0m[2022-03-23T13:48:08+03:00]store.go:39 auth/domain/store.(*Store).Open Auth store opening. Source: host=localhost port=8082 user=user password=userpass dbname=authdbtest sslmode=disable 
[36mINFO[0m[2022-03-23T13:48:08+03:00]store.go:39 auth/domain/store.(*Store).Open Auth store opening. Source: host=localhost port=8082 user=user password=userpass dbname=authdbtest sslmode=disable 
[36mINFO[0m[2022-03-23T13:48:08+03:00]store.go:39 auth/domain/store.(*Store).Open Auth store opening. Source: host=localhost port=8082 user=user password=userpass dbname=authdbtest sslmode=disable 
[36mINFO[0m[2022-03-23T13:53:01+03:00]testing.go:52 auth/domain/store.TestStore Auth store opening. Source: host=localhost port=8082 user=user password=userpass dbname=authdbtest sslmode=disable 
[36mINFO[0m[2022-03-23T13:53:01+03:00]testing.go:52 auth/domain/store.TestStore Auth store opening. Source: host=localhost port=8082 user=user password=userpass dbname=authdbtest sslmode=disable 
[36mINFO[0m[2022-03-23T13:53:01+03:00]store.go:39 auth/domain/store.(*Store).Open Auth store opening. Source: host=localhost port=8082 user=user password=userpass dbname=authdbtest sslmode=disable 
[36mINFO[0m[2022-03-23T13:53:01+03:00]store.go:39 auth/domain/store.(*Store).Open Auth store opening. Source: host=localhost port=8082 user=user password=userpass dbname=authdbtest sslmode=disable 
[36mINFO[0m[2022-03-23T13:53:46+03:00]testing.go:52 auth/domain/store.TestStore Auth store opening. Source: host=localhost port=8082 user=user password=userpass dbname=authdbtest sslmode=disable 
[36mINFO[0m[2022-03-23T13:53:46+03:00]testing.go:52 auth/domain/store.TestStore Auth store opening. Source: host=localhost port=8082 user=user password=userpass dbname=authdbtest sslmode=disable 
[36mINFO[0m[2022-03-23T13:53:46+03:00]store.go:39 auth/domain/store.(*Store).Open Auth store opening. Source: host=localhost port=8082 user=user password=userpass dbname=authdbtest sslmode=disable 
[36mINFO[0m[2022-03-23T13:53:46+03:00]store.go:39 auth/domain/store.(*Store).Open Auth store opening. Source: host=localhost port=8082 user=user password=userpass dbname=authdbtest sslmode=disable 
[36mINFO[0m[2022-03-23T13:53:47+03:00]store.go:39 auth/domain/store.(*Store).Open Auth store opening. Source: host=localhost port=8082 user=user password=userpass dbname=authdbtest sslmode=disable 
[36mINFO[0m[2022-03-23T13:53:47+03:00]store.go:39 auth/domain/store.(*Store).Open Auth store opening. Source: host=localhost port=8082 user=user password=userpass dbname=authdbtest sslmode=disable 
[36mINFO[0m[2022-03-23T13:53:47+03:00]store.go:39 auth/domain/store.(*Store).Open Auth store opening. Source: host=localhost port=8082 user=user password=userpass dbname=authdbtest sslmode=disable 
[36mINFO[0m[2022-03-23T13:53:47+03:00]store.go:39 auth/domain/store.(*Store).Open Auth store opening. Source: host=localhost port=8082 user=user password=userpass dbname=authdbtest sslmode=disable 
[31mERRO[0m[2022-03-23T13:53:47+03:00]user_repository.go:36 auth/domain/store.(*UserRepository).Create Eror during checking users email or password. Err msg: sql: database is closed 
[31mERRO[0m[2022-03-23T13:53:47+03:00]user_repository.go:36 auth/domain/store.(*UserRepository).Create Eror during checking users email or password. Err msg: sql: database is closed 
[36mINFO[0m[2022-03-23T13:53:47+03:00]store.go:39 auth/domain/store.(*Store).Open Auth store opening. Source: host=localhost port=8082 user=user password=userpass dbname=authdbtest sslmode=disable 
[36mINFO[0m[2022-03-23T13:53:47+03:00]store.go:39 auth/domain/store.(*Store).Open Auth store opening. Source: host=localhost port=8082 user=user password=userpass dbname=authdbtest sslmode=disable 
[36mINFO[0m[2022-03-23T14:00:24+03:00]testing.go:52 auth/domain/store.TestStore Auth store opening. Source: host=localhost port=8082 user=user password=userpass dbname=authdbtest sslmode=disable 
[36mINFO[0m[2022-03-23T14:00:24+03:00]testing.go:52 auth/domain/store.TestStore Auth store opening. Source: host=localhost port=8082 user=user password=userpass dbname=authdbtest sslmode=disable 
[36mINFO[0m[2022-03-23T14:00:24+03:00]store.go:39 auth/domain/store.(*Store).Open Auth store opening. Source: host=localhost port=8082 user=user password=userpass dbname=authdbtest sslmode=disable 
[36mINFO[0m[2022-03-23T14:00:24+03:00]store.go:39 auth/domain/store.(*Store).Open Auth store opening. Source: host=localhost port=8082 user=user password=userpass dbname=authdbtest sslmode=disable 
[36mINFO[0m[2022-03-23T14:00:24+03:00]store.go:39 auth/domain/store.(*Store).Open Auth store opening. Source: host=localhost port=8082 user=user password=userpass dbname=authdbtest sslmode=disable 
[36mINFO[0m[2022-03-23T14:00:24+03:00]store.go:39 auth/domain/store.(*Store).Open Auth store opening. Source: host=localhost port=8082 user=user password=userpass dbname=authdbtest sslmode=disable 
[36mINFO[0m[2022-03-23T14:00:24+03:00]store.go:39 auth/domain/store.(*Store).Open Auth store opening. Source: host=localhost port=8082 user=user password=userpass dbname=authdbtest sslmode=disable 
[36mINFO[0m[2022-03-23T14:00:24+03:00]store.go:39 auth/domain/store.(*Store).Open Auth store opening. Source: host=localhost port=8082 user=user password=userpass dbname=authdbtest sslmode=disable 
[36mINFO[0m[2022-03-23T14:00:24+03:00]store.go:39 auth/domain/store.(*Store).Open Auth store opening. Source: host=localhost port=8082 user=user password=userpass dbname=authdbtest sslmode=disable 
[36mINFO[0m[2022-03-23T14:00:24+03:00]store.go:39 auth/domain/store.(*Store).Open Auth store opening. Source: host=localhost port=8082 user=user password=userpass dbname=authdbtest sslmode=disable 
[31mERRO[0m[2022-03-23T14:00:24+03:00]user_repository.go:24 auth/domain/store.(*UserRepository).Create email is used. Err msg: <nil>                
[31mERRO[0m[2022-03-23T14:00:24+03:00]user_repository.go:24 auth/domain/store.(*UserRepository).Create email is used. Err msg: <nil>                
[31mERRO[0m[2022-03-23T14:00:24+03:00]user_repository.go:24 auth/domain/store.(*UserRepository).Create email is used. Err msg: <nil>                
[31mERRO[0m[2022-03-23T14:00:24+03:00]user_repository.go:24 auth/domain/store.(*UserRepository).Create email is used. Err msg: <nil>                
[31mERRO[0m[2022-03-23T14:00:24+03:00]user_repository.go:19 auth/domain/store.(*UserRepository).Create Eror during checking users email or password. Err msg: sql: database is closed 
[31mERRO[0m[2022-03-23T14:00:24+03:00]user_repository.go:19 auth/domain/store.(*UserRepository).Create Eror during checking users email or password. Err msg: sql: database is closed 
[36mINFO[0m[2022-03-23T14:00:24+03:00]store.go:39 auth/domain/store.(*Store).Open Auth store opening. Source: host=localhost port=8082 user=user password=userpass dbname=authdbtest sslmode=disable 
[36mINFO[0m[2022-03-23T14:00:24+03:00]store.go:39 auth/domain/store.(*Store).Open Auth store opening. Source: host=localhost port=8082 user=user password=userpass dbname=authdbtest sslmode=disable 
[36mINFO[0m[2022-03-23T14:01:25+03:00]testing.go:52 auth/domain/store.TestStore Auth store opening. Source: host=localhost port=8082 user=user password=userpass dbname=authdbtest sslmode=disable 
[36mINFO[0m[2022-03-23T14:01:25+03:00]testing.go:52 auth/domain/store.TestStore Auth store opening. Source: host=localhost port=8082 user=user password=userpass dbname=authdbtest sslmode=disable 
[36mINFO[0m[2022-03-23T14:01:25+03:00]store.go:39 auth/domain/store.(*Store).Open Auth store opening. Source: host=localhost port=8082 user=user password=userpass dbname=authdbtest sslmode=disable 
[36mINFO[0m[2022-03-23T14:01:25+03:00]store.go:39 auth/domain/store.(*Store).Open Auth store opening. Source: host=localhost port=8082 user=user password=userpass dbname=authdbtest sslmode=disable 
[36mINFO[0m[2022-03-23T14:01:25+03:00]store.go:39 auth/domain/store.(*Store).Open Auth store opening. Source: host=localhost port=8082 user=user password=userpass dbname=authdbtest sslmode=disable 
[36mINFO[0m[2022-03-23T14:01:25+03:00]store.go:39 auth/domain/store.(*Store).Open Auth store opening. Source: host=localhost port=8082 user=user password=userpass dbname=authdbtest sslmode=disable 
[36mINFO[0m[2022-03-23T14:01:25+03:00]store.go:39 auth/domain/store.(*Store).Open Auth store opening. Source: host=localhost port=8082 user=user password=userpass dbname=authdbtest sslmode=disable 
[36mINFO[0m[2022-03-23T14:01:25+03:00]store.go:39 auth/domain/store.(*Store).Open Auth store opening. Source: host=localhost port=8082 user=user password=userpass dbname=authdbtest sslmode=disable 
[36mINFO[0m[2022-03-23T14:01:25+03:00]store.go:39 auth/domain/store.(*Store).Open Auth store opening. Source: host=localhost port=8082 user=user password=userpass dbname=authdbtest sslmode=disable 
[36mINFO[0m[2022-03-23T14:01:25+03:00]store.go:39 auth/domain/store.(*Store).Open Auth store opening. Source: host=localhost port=8082 user=user password=userpass dbname=authdbtest sslmode=disable 
[31mERRO[0m[2022-03-23T14:01:25+03:00]user_repository.go:24 auth/domain/store.(*UserRepository).Create email is used. Err msg: true                 
[31mERRO[0m[2022-03-23T14:01:25+03:00]user_repository.go:24 auth/domain/store.(*UserRepository).Create email is used. Err msg: true                 
[31mERRO[0m[2022-03-23T14:01:25+03:00]user_repository.go:24 auth/domain/store.(*UserRepository).Create email is used. Err msg: true                 
[31mERRO[0m[2022-03-23T14:01:25+03:00]user_repository.go:24 auth/domain/store.(*UserRepository).Create email is used. Err msg: true                 
[31mERRO[0m[2022-03-23T14:01:25+03:00]user_repository.go:19 auth/domain/store.(*UserRepository).Create Eror during checking users email or password. Err msg: sql: database is closed 
[31mERRO[0m[2022-03-23T14:01:25+03:00]user_repository.go:19 auth/domain/store.(*UserRepository).Create Eror during checking users email or password. Err msg: sql: database is closed 
[36mINFO[0m[2022-03-23T14:01:25+03:00]store.go:39 auth/domain/store.(*Store).Open Auth store opening. Source: host=localhost port=8082 user=user password=userpass dbname=authdbtest sslmode=disable 
[36mINFO[0m[2022-03-23T14:01:25+03:00]store.go:39 auth/domain/store.(*Store).Open Auth store opening. Source: host=localhost port=8082 user=user password=userpass dbname=authdbtest sslmode=disable 
[36mINFO[0m[2022-03-23T14:06:24+03:00]testing.go:52 auth/domain/store.TestStore Auth store opening. Source: host=localhost port=8082 user=user password=userpass dbname=authdbtest sslmode=disable 
[36mINFO[0m[2022-03-23T14:06:24+03:00]testing.go:52 auth/domain/store.TestStore Auth store opening. Source: host=localhost port=8082 user=user password=userpass dbname=authdbtest sslmode=disable 
[36mINFO[0m[2022-03-23T14:06:24+03:00]store.go:45 auth/domain/store.(*Store).Open Auth store opening. Source: host=localhost port=8082 user=user password=userpass dbname=authdbtest sslmode=disable 
[36mINFO[0m[2022-03-23T14:06:24+03:00]store.go:45 auth/domain/store.(*Store).Open Auth store opening. Source: host=localhost port=8082 user=user password=userpass dbname=authdbtest sslmode=disable 
[36mINFO[0m[2022-03-23T14:06:24+03:00]store.go:45 auth/domain/store.(*Store).Open Auth store opening. Source: host=localhost port=8082 user=user password=userpass dbname=authdbtest sslmode=disable 
[36mINFO[0m[2022-03-23T14:06:24+03:00]store.go:45 auth/domain/store.(*Store).Open Auth store opening. Source: host=localhost port=8082 user=user password=userpass dbname=authdbtest sslmode=disable 
[36mINFO[0m[2022-03-23T14:06:24+03:00]store.go:45 auth/domain/store.(*Store).Open Auth store opening. Source: host=localhost port=8082 user=user password=userpass dbname=authdbtest sslmode=disable 
[36mINFO[0m[2022-03-23T14:06:24+03:00]store.go:45 auth/domain/store.(*Store).Open Auth store opening. Source: host=localhost port=8082 user=user password=userpass dbname=authdbtest sslmode=disable 
[36mINFO[0m[2022-03-23T14:06:24+03:00]store.go:45 auth/domain/store.(*Store).Open Auth store opening. Source: host=localhost port=8082 user=user password=userpass dbname=authdbtest sslmode=disable 
[36mINFO[0m[2022-03-23T14:06:24+03:00]store.go:45 auth/domain/store.(*Store).Open Auth store opening. Source: host=localhost port=8082 user=user password=userpass dbname=authdbtest sslmode=disable 
[31mERRO[0m[2022-03-23T14:06:24+03:00]user_repository.go:26 auth/domain/store.(*UserRepository).Create email is used. Err msg: true                 
[31mERRO[0m[2022-03-23T14:06:24+03:00]user_repository.go:26 auth/domain/store.(*UserRepository).Create email is used. Err msg: true                 
[31mERRO[0m[2022-03-23T14:06:24+03:00]user_repository.go:57 auth/domain/store.(*UserRepository).FindByEmail Eror during checking users email or password. Err msg: sql: no rows in result set 
[31mERRO[0m[2022-03-23T14:06:24+03:00]user_repository.go:57 auth/domain/store.(*UserRepository).FindByEmail Eror during checking users email or password. Err msg: sql: no rows in result set 
[31mERRO[0m[2022-03-23T14:06:24+03:00]user_repository.go:21 auth/domain/store.(*UserRepository).Create Eror during checking users email or password. Err msg: sql: database is closed 
[31mERRO[0m[2022-03-23T14:06:24+03:00]user_repository.go:21 auth/domain/store.(*UserRepository).Create Eror during checking users email or password. Err msg: sql: database is closed 
[31mERRO[0m[2022-03-23T14:06:24+03:00]user_repository.go:57 auth/domain/store.(*UserRepository).FindByEmail Eror during checking users email or password. Err msg: sql: database is closed 
[31mERRO[0m[2022-03-23T14:06:24+03:00]user_repository.go:57 auth/domain/store.(*UserRepository).FindByEmail Eror during checking users email or password. Err msg: sql: database is closed 
[36mINFO[0m[2022-03-23T14:06:24+03:00]store.go:45 auth/domain/store.(*Store).Open Auth store opening. Source: host=localhost port=8082 user=user password=userpass dbname=authdbtest sslmode=disable 
[36mINFO[0m[2022-03-23T14:06:24+03:00]store.go:45 auth/domain/store.(*Store).Open Auth store opening. Source: host=localhost port=8082 user=user password=userpass dbname=authdbtest sslmode=disable 
[36mINFO[0m[2022-03-23T14:07:05+03:00]testing.go:52 auth/domain/store.TestStore Auth store opening. Source: host=localhost port=8082 user=user password=userpass dbname=authdbtest sslmode=disable 
[36mINFO[0m[2022-03-23T14:07:05+03:00]testing.go:52 auth/domain/store.TestStore Auth store opening. Source: host=localhost port=8082 user=user password=userpass dbname=authdbtest sslmode=disable 
[36mINFO[0m[2022-03-23T14:07:05+03:00]store.go:45 auth/domain/store.(*Store).Open Auth store opening. Source: host=localhost port=8082 user=user password=userpass dbname=authdbtest sslmode=disable 
[36mINFO[0m[2022-03-23T14:07:05+03:00]store.go:45 auth/domain/store.(*Store).Open Auth store opening. Source: host=localhost port=8082 user=user password=userpass dbname=authdbtest sslmode=disable 
[36mINFO[0m[2022-03-23T14:07:05+03:00]store.go:45 auth/domain/store.(*Store).Open Auth store opening. Source: host=localhost port=8082 user=user password=userpass dbname=authdbtest sslmode=disable 
[36mINFO[0m[2022-03-23T14:07:05+03:00]store.go:45 auth/domain/store.(*Store).Open Auth store opening. Source: host=localhost port=8082 user=user password=userpass dbname=authdbtest sslmode=disable 
[36mINFO[0m[2022-03-23T14:07:05+03:00]store.go:45 auth/domain/store.(*Store).Open Auth store opening. Source: host=localhost port=8082 user=user password=userpass dbname=authdbtest sslmode=disable 
[36mINFO[0m[2022-03-23T14:07:05+03:00]store.go:45 auth/domain/store.(*Store).Open Auth store opening. Source: host=localhost port=8082 user=user password=userpass dbname=authdbtest sslmode=disable 
[31mERRO[0m[2022-03-23T14:07:05+03:00]user_repository.go:74 auth/domain/store.(*UserRepository).FindByID Eror occure while searching user by id. Err msg: sql: Scan error on column index 4, name "role": sql/driver: couldn't convert "client" into type bool 
[31mERRO[0m[2022-03-23T14:07:05+03:00]user_repository.go:74 auth/domain/store.(*UserRepository).FindByID Eror occure while searching user by id. Err msg: sql: Scan error on column index 4, name "role": sql/driver: couldn't convert "client" into type bool 
[36mINFO[0m[2022-03-23T14:07:05+03:00]store.go:45 auth/domain/store.(*Store).Open Auth store opening. Source: host=localhost port=8082 user=user password=userpass dbname=authdbtest sslmode=disable 
[36mINFO[0m[2022-03-23T14:07:05+03:00]store.go:45 auth/domain/store.(*Store).Open Auth store opening. Source: host=localhost port=8082 user=user password=userpass dbname=authdbtest sslmode=disable 
[31mERRO[0m[2022-03-23T14:07:05+03:00]user_repository.go:74 auth/domain/store.(*UserRepository).FindByID Eror occure while searching user by id. Err msg: sql: no rows in result set 
[31mERRO[0m[2022-03-23T14:07:05+03:00]user_repository.go:74 auth/domain/store.(*UserRepository).FindByID Eror occure while searching user by id. Err msg: sql: no rows in result set 
[31mERRO[0m[2022-03-23T14:07:05+03:00]user_repository.go:74 auth/domain/store.(*UserRepository).FindByID Eror occure while searching user by id. Err msg: sql: database is closed 
[31mERRO[0m[2022-03-23T14:07:05+03:00]user_repository.go:74 auth/domain/store.(*UserRepository).FindByID Eror occure while searching user by id. Err msg: sql: database is closed 
[36mINFO[0m[2022-03-23T14:07:05+03:00]store.go:45 auth/domain/store.(*Store).Open Auth store opening. Source: host=localhost port=8082 user=user password=userpass dbname=authdbtest sslmode=disable 
[36mINFO[0m[2022-03-23T14:07:05+03:00]store.go:45 auth/domain/store.(*Store).Open Auth store opening. Source: host=localhost port=8082 user=user password=userpass dbname=authdbtest sslmode=disable 
[36mINFO[0m[2022-03-23T14:08:05+03:00]testing.go:52 auth/domain/store.TestStore Auth store opening. Source: host=localhost port=8082 user=user password=userpass dbname=authdbtest sslmode=disable 
[36mINFO[0m[2022-03-23T14:08:05+03:00]testing.go:52 auth/domain/store.TestStore Auth store opening. Source: host=localhost port=8082 user=user password=userpass dbname=authdbtest sslmode=disable 
[36mINFO[0m[2022-03-23T14:08:05+03:00]store.go:45 auth/domain/store.(*Store).Open Auth store opening. Source: host=localhost port=8082 user=user password=userpass dbname=authdbtest sslmode=disable 
[36mINFO[0m[2022-03-23T14:08:05+03:00]store.go:45 auth/domain/store.(*Store).Open Auth store opening. Source: host=localhost port=8082 user=user password=userpass dbname=authdbtest sslmode=disable 
[36mINFO[0m[2022-03-23T14:08:05+03:00]store.go:45 auth/domain/store.(*Store).Open Auth store opening. Source: host=localhost port=8082 user=user password=userpass dbname=authdbtest sslmode=disable 
[36mINFO[0m[2022-03-23T14:08:05+03:00]store.go:45 auth/domain/store.(*Store).Open Auth store opening. Source: host=localhost port=8082 user=user password=userpass dbname=authdbtest sslmode=disable 
[36mINFO[0m[2022-03-23T14:08:05+03:00]store.go:45 auth/domain/store.(*Store).Open Auth store opening. Source: host=localhost port=8082 user=user password=userpass dbname=authdbtest sslmode=disable 
[36mINFO[0m[2022-03-23T14:08:05+03:00]store.go:45 auth/domain/store.(*Store).Open Auth store opening. Source: host=localhost port=8082 user=user password=userpass dbname=authdbtest sslmode=disable 
[36mINFO[0m[2022-03-23T14:08:06+03:00]store.go:45 auth/domain/store.(*Store).Open Auth store opening. Source: host=localhost port=8082 user=user password=userpass dbname=authdbtest sslmode=disable 
[36mINFO[0m[2022-03-23T14:08:06+03:00]store.go:45 auth/domain/store.(*Store).Open Auth store opening. Source: host=localhost port=8082 user=user password=userpass dbname=authdbtest sslmode=disable 
[31mERRO[0m[2022-03-23T14:08:06+03:00]user_repository.go:74 auth/domain/store.(*UserRepository).FindByID Eror occure while searching user by id. Err msg: sql: no rows in result set 
[31mERRO[0m[2022-03-23T14:08:06+03:00]user_repository.go:74 auth/domain/store.(*UserRepository).FindByID Eror occure while searching user by id. Err msg: sql: no rows in result set 
[31mERRO[0m[2022-03-23T14:08:06+03:00]user_repository.go:74 auth/domain/store.(*UserRepository).FindByID Eror occure while searching user by id. Err msg: sql: database is closed 
[31mERRO[0m[2022-03-23T14:08:06+03:00]user_repository.go:74 auth/domain/store.(*UserRepository).FindByID Eror occure while searching user by id. Err msg: sql: database is closed 
[36mINFO[0m[2022-03-23T14:08:06+03:00]store.go:45 auth/domain/store.(*Store).Open Auth store opening. Source: host=localhost port=8082 user=user password=userpass dbname=authdbtest sslmode=disable 
[36mINFO[0m[2022-03-23T14:08:06+03:00]store.go:45 auth/domain/store.(*Store).Open Auth store opening. Source: host=localhost port=8082 user=user password=userpass dbname=authdbtest sslmode=disable 
[36mINFO[0m[2022-03-23T14:08:58+03:00]testing.go:52 auth/domain/store.TestStore Auth store opening. Source: host=localhost port=8082 user=user password=userpass dbname=authdbtest sslmode=disable 
[36mINFO[0m[2022-03-23T14:08:58+03:00]testing.go:52 auth/domain/store.TestStore Auth store opening. Source: host=localhost port=8082 user=user password=userpass dbname=authdbtest sslmode=disable 
[36mINFO[0m[2022-03-23T14:08:58+03:00]store.go:45 auth/domain/store.(*Store).Open Auth store opening. Source: host=localhost port=8082 user=user password=userpass dbname=authdbtest sslmode=disable 
[36mINFO[0m[2022-03-23T14:08:58+03:00]store.go:45 auth/domain/store.(*Store).Open Auth store opening. Source: host=localhost port=8082 user=user password=userpass dbname=authdbtest sslmode=disable 
[36mINFO[0m[2022-03-23T14:08:58+03:00]store.go:45 auth/domain/store.(*Store).Open Auth store opening. Source: host=localhost port=8082 user=user password=userpass dbname=authdbtest sslmode=disable 
[36mINFO[0m[2022-03-23T14:08:58+03:00]store.go:45 auth/domain/store.(*Store).Open Auth store opening. Source: host=localhost port=8082 user=user password=userpass dbname=authdbtest sslmode=disable 
[36mINFO[0m[2022-03-23T14:08:58+03:00]store.go:45 auth/domain/store.(*Store).Open Auth store opening. Source: host=localhost port=8082 user=user password=userpass dbname=authdbtest sslmode=disable 
[36mINFO[0m[2022-03-23T14:08:58+03:00]store.go:45 auth/domain/store.(*Store).Open Auth store opening. Source: host=localhost port=8082 user=user password=userpass dbname=authdbtest sslmode=disable 
[31mERRO[0m[2022-03-23T14:08:58+03:00]user_repository.go:50 auth/domain/store.(*UserRepository).GetAll Eror occured while getting all users. Err msg: sql: database is closed 
[31mERRO[0m[2022-03-23T14:08:58+03:00]user_repository.go:50 auth/domain/store.(*UserRepository).GetAll Eror occured while getting all users. Err msg: sql: database is closed 
[36mINFO[0m[2022-03-23T14:08:58+03:00]store.go:45 auth/domain/store.(*Store).Open Auth store opening. Source: host=localhost port=8082 user=user password=userpass dbname=authdbtest sslmode=disable 
[36mINFO[0m[2022-03-23T14:08:58+03:00]store.go:45 auth/domain/store.(*Store).Open Auth store opening. Source: host=localhost port=8082 user=user password=userpass dbname=authdbtest sslmode=disable 
[36mINFO[0m[2022-03-23T14:09:47+03:00]testing.go:52 auth/domain/store.TestStore Auth store opening. Source: host=localhost port=8082 user=user password=userpass dbname=authdbtest sslmode=disable 
[36mINFO[0m[2022-03-23T14:09:47+03:00]testing.go:52 auth/domain/store.TestStore Auth store opening. Source: host=localhost port=8082 user=user password=userpass dbname=authdbtest sslmode=disable 
[36mINFO[0m[2022-03-23T14:09:47+03:00]store.go:45 auth/domain/store.(*Store).Open Auth store opening. Source: host=localhost port=8082 user=user password=userpass dbname=authdbtest sslmode=disable 
[36mINFO[0m[2022-03-23T14:09:47+03:00]store.go:45 auth/domain/store.(*Store).Open Auth store opening. Source: host=localhost port=8082 user=user password=userpass dbname=authdbtest sslmode=disable 
[36mINFO[0m[2022-03-23T14:09:47+03:00]store.go:45 auth/domain/store.(*Store).Open Auth store opening. Source: host=localhost port=8082 user=user password=userpass dbname=authdbtest sslmode=disable 
[36mINFO[0m[2022-03-23T14:09:47+03:00]store.go:45 auth/domain/store.(*Store).Open Auth store opening. Source: host=localhost port=8082 user=user password=userpass dbname=authdbtest sslmode=disable 
[36mINFO[0m[2022-03-23T14:09:47+03:00]store.go:45 auth/domain/store.(*Store).Open Auth store opening. Source: host=localhost port=8082 user=user password=userpass dbname=authdbtest sslmode=disable 
[36mINFO[0m[2022-03-23T14:09:47+03:00]store.go:45 auth/domain/store.(*Store).Open Auth store opening. Source: host=localhost port=8082 user=user password=userpass dbname=authdbtest sslmode=disable 
[36mINFO[0m[2022-03-23T14:09:47+03:00]user_repository.go:125 auth/domain/store.(*UserRepository).Delete User with id 19 was deleted                  
[36mINFO[0m[2022-03-23T14:09:47+03:00]user_repository.go:125 auth/domain/store.(*UserRepository).Delete User with id 19 was deleted                  
[36mINFO[0m[2022-03-23T14:09:47+03:00]store.go:45 auth/domain/store.(*Store).Open Auth store opening. Source: host=localhost port=8082 user=user password=userpass dbname=authdbtest sslmode=disable 
[36mINFO[0m[2022-03-23T14:09:47+03:00]store.go:45 auth/domain/store.(*Store).Open Auth store opening. Source: host=localhost port=8082 user=user password=userpass dbname=authdbtest sslmode=disable 
[31mERRO[0m[2022-03-23T14:09:47+03:00]user_repository.go:121 auth/domain/store.(*UserRepository).Delete Error occured while deleting user. Err msg:No rows affected. 
[31mERRO[0m[2022-03-23T14:09:47+03:00]user_repository.go:121 auth/domain/store.(*UserRepository).Delete Error occured while deleting user. Err msg:No rows affected. 
[31mERRO[0m[2022-03-23T14:09:47+03:00]user_repository.go:111 auth/domain/store.(*UserRepository).Delete Error occured while deleting user. Err msg:sql: database is closed. 
[31mERRO[0m[2022-03-23T14:09:47+03:00]user_repository.go:111 auth/domain/store.(*UserRepository).Delete Error occured while deleting user. Err msg:sql: database is closed. 
[36mINFO[0m[2022-03-23T14:09:47+03:00]store.go:45 auth/domain/store.(*Store).Open Auth store opening. Source: host=localhost port=8082 user=user password=userpass dbname=authdbtest sslmode=disable 
[36mINFO[0m[2022-03-23T14:09:47+03:00]store.go:45 auth/domain/store.(*Store).Open Auth store opening. Source: host=localhost port=8082 user=user password=userpass dbname=authdbtest sslmode=disable 
[36mINFO[0m[2022-03-23T14:10:23+03:00]testing.go:52 auth/domain/store.TestStore Auth store opening. Source: host=localhost port=8082 user=user password=userpass dbname=authdbtest sslmode=disable 
[36mINFO[0m[2022-03-23T14:10:23+03:00]testing.go:52 auth/domain/store.TestStore Auth store opening. Source: host=localhost port=8082 user=user password=userpass dbname=authdbtest sslmode=disable 
[36mINFO[0m[2022-03-23T14:10:23+03:00]store.go:45 auth/domain/store.(*Store).Open Auth store opening. Source: host=localhost port=8082 user=user password=userpass dbname=authdbtest sslmode=disable 
[36mINFO[0m[2022-03-23T14:10:23+03:00]store.go:45 auth/domain/store.(*Store).Open Auth store opening. Source: host=localhost port=8082 user=user password=userpass dbname=authdbtest sslmode=disable 
[36mINFO[0m[2022-03-23T14:10:23+03:00]store.go:45 auth/domain/store.(*Store).Open Auth store opening. Source: host=localhost port=8082 user=user password=userpass dbname=authdbtest sslmode=disable 
[36mINFO[0m[2022-03-23T14:10:23+03:00]store.go:45 auth/domain/store.(*Store).Open Auth store opening. Source: host=localhost port=8082 user=user password=userpass dbname=authdbtest sslmode=disable 
[36mINFO[0m[2022-03-23T14:10:23+03:00]store.go:45 auth/domain/store.(*Store).Open Auth store opening. Source: host=localhost port=8082 user=user password=userpass dbname=authdbtest sslmode=disable 
[36mINFO[0m[2022-03-23T14:10:23+03:00]store.go:45 auth/domain/store.(*Store).Open Auth store opening. Source: host=localhost port=8082 user=user password=userpass dbname=authdbtest sslmode=disable 
[36mINFO[0m[2022-03-23T14:10:23+03:00]user_repository.go:179 auth/domain/store.(*UserRepository).Update User with id 20 was updated                  
[36mINFO[0m[2022-03-23T14:10:23+03:00]user_repository.go:179 auth/domain/store.(*UserRepository).Update User with id 20 was updated                  
[36mINFO[0m[2022-03-23T14:10:23+03:00]store.go:45 auth/domain/store.(*Store).Open Auth store opening. Source: host=localhost port=8082 user=user password=userpass dbname=authdbtest sslmode=disable 
[36mINFO[0m[2022-03-23T14:10:23+03:00]store.go:45 auth/domain/store.(*Store).Open Auth store opening. Source: host=localhost port=8082 user=user password=userpass dbname=authdbtest sslmode=disable 
[31mERRO[0m[2022-03-23T14:10:23+03:00]user_repository.go:175 auth/domain/store.(*UserRepository).Update Error occured while updating user. Err msg:No rows affected. 
[31mERRO[0m[2022-03-23T14:10:23+03:00]user_repository.go:175 auth/domain/store.(*UserRepository).Update Error occured while updating user. Err msg:No rows affected. 
[31mERRO[0m[2022-03-23T14:10:23+03:00]user_repository.go:164 auth/domain/store.(*UserRepository).Update Erorr occured while updating user. Err msg: sql: database is closed 
[31mERRO[0m[2022-03-23T14:10:23+03:00]user_repository.go:164 auth/domain/store.(*UserRepository).Update Erorr occured while updating user. Err msg: sql: database is closed 
[36mINFO[0m[2022-03-23T14:10:23+03:00]store.go:45 auth/domain/store.(*Store).Open Auth store opening. Source: host=localhost port=8082 user=user password=userpass dbname=authdbtest sslmode=disable 
[36mINFO[0m[2022-03-23T14:10:23+03:00]store.go:45 auth/domain/store.(*Store).Open Auth store opening. Source: host=localhost port=8082 user=user password=userpass dbname=authdbtest sslmode=disable 
[36mINFO[0m[2022-03-23T14:11:15+03:00]testing.go:52 auth/domain/store.TestStore Auth store opening. Source: host=localhost port=8082 user=user password=userpass dbname=authdbtest sslmode=disable 
[36mINFO[0m[2022-03-23T14:11:15+03:00]testing.go:52 auth/domain/store.TestStore Auth store opening. Source: host=localhost port=8082 user=user password=userpass dbname=authdbtest sslmode=disable 
[36mINFO[0m[2022-03-23T14:11:15+03:00]store.go:45 auth/domain/store.(*Store).Open Auth store opening. Source: host=localhost port=8082 user=user password=userpass dbname=authdbtest sslmode=disable 
[36mINFO[0m[2022-03-23T14:11:15+03:00]store.go:45 auth/domain/store.(*Store).Open Auth store opening. Source: host=localhost port=8082 user=user password=userpass dbname=authdbtest sslmode=disable 
[36mINFO[0m[2022-03-23T14:11:15+03:00]store.go:45 auth/domain/store.(*Store).Open Auth store opening. Source: host=localhost port=8082 user=user password=userpass dbname=authdbtest sslmode=disable 
[36mINFO[0m[2022-03-23T14:11:15+03:00]store.go:45 auth/domain/store.(*Store).Open Auth store opening. Source: host=localhost port=8082 user=user password=userpass dbname=authdbtest sslmode=disable 
[36mINFO[0m[2022-03-23T14:11:15+03:00]store.go:45 auth/domain/store.(*Store).Open Auth store opening. Source: host=localhost port=8082 user=user password=userpass dbname=authdbtest sslmode=disable 
[36mINFO[0m[2022-03-23T14:11:15+03:00]store.go:45 auth/domain/store.(*Store).Open Auth store opening. Source: host=localhost port=8082 user=user password=userpass dbname=authdbtest sslmode=disable 
[36mINFO[0m[2022-03-23T14:11:15+03:00]store.go:45 auth/domain/store.(*Store).Open Auth store opening. Source: host=localhost port=8082 user=user password=userpass dbname=authdbtest sslmode=disable 
[36mINFO[0m[2022-03-23T14:11:15+03:00]store.go:45 auth/domain/store.(*Store).Open Auth store opening. Source: host=localhost port=8082 user=user password=userpass dbname=authdbtest sslmode=disable 
[31mERRO[0m[2022-03-23T14:11:15+03:00]user_repository.go:204 auth/domain/store.(*UserRepository).VerifyEmail No rows was affected, possible reason: no user with such ID, err msg: No rows affected 
[31mERRO[0m[2022-03-23T14:11:15+03:00]user_repository.go:204 auth/domain/store.(*UserRepository).VerifyEmail No rows was affected, possible reason: no user with such ID, err msg: No rows affected 
[31mERRO[0m[2022-03-23T14:11:15+03:00]user_repository.go:193 auth/domain/store.(*UserRepository).VerifyEmail Error occured while verifying user. Err msg:sql: database is closed. 
[31mERRO[0m[2022-03-23T14:11:15+03:00]user_repository.go:193 auth/domain/store.(*UserRepository).VerifyEmail Error occured while verifying user. Err msg:sql: database is closed. 
[36mINFO[0m[2022-03-23T14:11:15+03:00]store.go:45 auth/domain/store.(*Store).Open Auth store opening. Source: host=localhost port=8082 user=user password=userpass dbname=authdbtest sslmode=disable 
[36mINFO[0m[2022-03-23T14:11:15+03:00]store.go:45 auth/domain/store.(*Store).Open Auth store opening. Source: host=localhost port=8082 user=user password=userpass dbname=authdbtest sslmode=disable 
[36mINFO[0m[2022-03-23T14:18:13+03:00]testing.go:52 auth/domain/store.TestStore Auth store opening. Source: host=localhost port=8082 user=user password=userpass dbname=authdbtest sslmode=disable 
[36mINFO[0m[2022-03-23T14:18:13+03:00]testing.go:52 auth/domain/store.TestStore Auth store opening. Source: host=localhost port=8082 user=user password=userpass dbname=authdbtest sslmode=disable 
[36mINFO[0m[2022-03-23T14:18:13+03:00]store.go:45 auth/domain/store.(*Store).Open Auth store opening. Source: host=localhost port=8082 user=user password=userpass dbname=authdbtest sslmode=disable 
[36mINFO[0m[2022-03-23T14:18:13+03:00]store.go:45 auth/domain/store.(*Store).Open Auth store opening. Source: host=localhost port=8082 user=user password=userpass dbname=authdbtest sslmode=disable 
[36mINFO[0m[2022-03-23T14:18:13+03:00]store.go:45 auth/domain/store.(*Store).Open Auth store opening. Source: host=localhost port=8082 user=user password=userpass dbname=authdbtest sslmode=disable 
[36mINFO[0m[2022-03-23T14:18:13+03:00]store.go:45 auth/domain/store.(*Store).Open Auth store opening. Source: host=localhost port=8082 user=user password=userpass dbname=authdbtest sslmode=disable 
[36mINFO[0m[2022-03-23T14:18:13+03:00]store.go:45 auth/domain/store.(*Store).Open Auth store opening. Source: host=localhost port=8082 user=user password=userpass dbname=authdbtest sslmode=disable 
[36mINFO[0m[2022-03-23T14:18:13+03:00]store.go:45 auth/domain/store.(*Store).Open Auth store opening. Source: host=localhost port=8082 user=user password=userpass dbname=authdbtest sslmode=disable 
[36mINFO[0m[2022-03-23T14:18:13+03:00]store.go:45 auth/domain/store.(*Store).Open Auth store opening. Source: host=localhost port=8082 user=user password=userpass dbname=authdbtest sslmode=disable 
[36mINFO[0m[2022-03-23T14:18:13+03:00]store.go:45 auth/domain/store.(*Store).Open Auth store opening. Source: host=localhost port=8082 user=user password=userpass dbname=authdbtest sslmode=disable 
[36mINFO[0m[2022-03-23T14:18:20+03:00]testing.go:52 auth/domain/store.TestStore Auth store opening. Source: host=localhost port=8082 user=user password=userpass dbname=authdbtest sslmode=disable 
[36mINFO[0m[2022-03-23T14:18:20+03:00]testing.go:52 auth/domain/store.TestStore Auth store opening. Source: host=localhost port=8082 user=user password=userpass dbname=authdbtest sslmode=disable 
[36mINFO[0m[2022-03-23T14:18:20+03:00]store.go:45 auth/domain/store.(*Store).Open Auth store opening. Source: host=localhost port=8082 user=user password=userpass dbname=authdbtest sslmode=disable 
[36mINFO[0m[2022-03-23T14:18:20+03:00]store.go:45 auth/domain/store.(*Store).Open Auth store opening. Source: host=localhost port=8082 user=user password=userpass dbname=authdbtest sslmode=disable 
[36mINFO[0m[2022-03-23T14:18:20+03:00]store.go:45 auth/domain/store.(*Store).Open Auth store opening. Source: host=localhost port=8082 user=user password=userpass dbname=authdbtest sslmode=disable 
[36mINFO[0m[2022-03-23T14:18:20+03:00]store.go:45 auth/domain/store.(*Store).Open Auth store opening. Source: host=localhost port=8082 user=user password=userpass dbname=authdbtest sslmode=disable 
[36mINFO[0m[2022-03-23T14:18:20+03:00]store.go:45 auth/domain/store.(*Store).Open Auth store opening. Source: host=localhost port=8082 user=user password=userpass dbname=authdbtest sslmode=disable 
[36mINFO[0m[2022-03-23T14:18:20+03:00]store.go:45 auth/domain/store.(*Store).Open Auth store opening. Source: host=localhost port=8082 user=user password=userpass dbname=authdbtest sslmode=disable 
[36mINFO[0m[2022-03-23T14:18:20+03:00]store.go:45 auth/domain/store.(*Store).Open Auth store opening. Source: host=localhost port=8082 user=user password=userpass dbname=authdbtest sslmode=disable 
[36mINFO[0m[2022-03-23T14:18:20+03:00]store.go:45 auth/domain/store.(*Store).Open Auth store opening. Source: host=localhost port=8082 user=user password=userpass dbname=authdbtest sslmode=disable 
[31mERRO[0m[2022-03-23T14:18:20+03:00]user_repository.go:26 auth/domain/store.(*UserRepository).Create email is used. Err msg: true                 
[31mERRO[0m[2022-03-23T14:18:20+03:00]user_repository.go:26 auth/domain/store.(*UserRepository).Create email is used. Err msg: true                 
[31mERRO[0m[2022-03-23T14:18:20+03:00]user_repository.go:26 auth/domain/store.(*UserRepository).Create email is used. Err msg: true                 
[31mERRO[0m[2022-03-23T14:18:20+03:00]user_repository.go:26 auth/domain/store.(*UserRepository).Create email is used. Err msg: true                 
[31mERRO[0m[2022-03-23T14:18:20+03:00]user_repository.go:21 auth/domain/store.(*UserRepository).Create Eror during checking users email or password. Err msg: sql: database is closed 
[31mERRO[0m[2022-03-23T14:18:20+03:00]user_repository.go:21 auth/domain/store.(*UserRepository).Create Eror during checking users email or password. Err msg: sql: database is closed 
[36mINFO[0m[2022-03-23T14:18:20+03:00]store.go:45 auth/domain/store.(*Store).Open Auth store opening. Source: host=localhost port=8082 user=user password=userpass dbname=authdbtest sslmode=disable 
[36mINFO[0m[2022-03-23T14:18:20+03:00]store.go:45 auth/domain/store.(*Store).Open Auth store opening. Source: host=localhost port=8082 user=user password=userpass dbname=authdbtest sslmode=disable 
[36mINFO[0m[2022-03-23T14:18:32+03:00]testing.go:52 auth/domain/store.TestStore Auth store opening. Source: host=localhost port=8082 user=user password=userpass dbname=authdbtest sslmode=disable 
[36mINFO[0m[2022-03-23T14:18:32+03:00]testing.go:52 auth/domain/store.TestStore Auth store opening. Source: host=localhost port=8082 user=user password=userpass dbname=authdbtest sslmode=disable 
[36mINFO[0m[2022-03-23T14:18:32+03:00]testing.go:52 auth/domain/store.TestStore Auth store opening. Source: host=localhost port=8082 user=user password=userpass dbname=authdbtest sslmode=disable 
[36mINFO[0m[2022-03-23T14:18:32+03:00]testing.go:52 auth/domain/store.TestStore Auth store opening. Source: host=localhost port=8082 user=user password=userpass dbname=authdbtest sslmode=disable 
[36mINFO[0m[2022-03-23T14:18:32+03:00]store.go:45 auth/domain/store.(*Store).Open Auth store opening. Source: host=localhost port=8082 user=user password=userpass dbname=authdbtest sslmode=disable 
[36mINFO[0m[2022-03-23T14:18:32+03:00]store.go:45 auth/domain/store.(*Store).Open Auth store opening. Source: host=localhost port=8082 user=user password=userpass dbname=authdbtest sslmode=disable 
[36mINFO[0m[2022-03-23T14:18:36+03:00]testing.go:52 auth/domain/store.TestStore Auth store opening. Source: host=localhost port=8082 user=user password=userpass dbname=authdbtest sslmode=disable 
[36mINFO[0m[2022-03-23T14:18:36+03:00]testing.go:52 auth/domain/store.TestStore Auth store opening. Source: host=localhost port=8082 user=user password=userpass dbname=authdbtest sslmode=disable 
[36mINFO[0m[2022-03-23T14:18:36+03:00]store.go:45 auth/domain/store.(*Store).Open Auth store opening. Source: host=localhost port=8082 user=user password=userpass dbname=authdbtest sslmode=disable 
[36mINFO[0m[2022-03-23T14:18:36+03:00]store.go:45 auth/domain/store.(*Store).Open Auth store opening. Source: host=localhost port=8082 user=user password=userpass dbname=authdbtest sslmode=disable 
[36mINFO[0m[2022-03-23T14:18:36+03:00]store.go:45 auth/domain/store.(*Store).Open Auth store opening. Source: host=localhost port=8082 user=user password=userpass dbname=authdbtest sslmode=disable 
[36mINFO[0m[2022-03-23T14:18:36+03:00]store.go:45 auth/domain/store.(*Store).Open Auth store opening. Source: host=localhost port=8082 user=user password=userpass dbname=authdbtest sslmode=disable 
[36mINFO[0m[2022-03-23T14:18:36+03:00]store.go:45 auth/domain/store.(*Store).Open Auth store opening. Source: host=localhost port=8082 user=user password=userpass dbname=authdbtest sslmode=disable 
[36mINFO[0m[2022-03-23T14:18:36+03:00]store.go:45 auth/domain/store.(*Store).Open Auth store opening. Source: host=localhost port=8082 user=user password=userpass dbname=authdbtest sslmode=disable 
[36mINFO[0m[2022-03-23T14:18:37+03:00]store.go:45 auth/domain/store.(*Store).Open Auth store opening. Source: host=localhost port=8082 user=user password=userpass dbname=authdbtest sslmode=disable 
[36mINFO[0m[2022-03-23T14:18:37+03:00]store.go:45 auth/domain/store.(*Store).Open Auth store opening. Source: host=localhost port=8082 user=user password=userpass dbname=authdbtest sslmode=disable 
[31mERRO[0m[2022-03-23T14:18:37+03:00]user_repository.go:26 auth/domain/store.(*UserRepository).Create email is used. Err msg: true                 
[31mERRO[0m[2022-03-23T14:18:37+03:00]user_repository.go:26 auth/domain/store.(*UserRepository).Create email is used. Err msg: true                 
[31mERRO[0m[2022-03-23T14:18:37+03:00]user_repository.go:26 auth/domain/store.(*UserRepository).Create email is used. Err msg: true                 
[31mERRO[0m[2022-03-23T14:18:37+03:00]user_repository.go:26 auth/domain/store.(*UserRepository).Create email is used. Err msg: true                 
[31mERRO[0m[2022-03-23T14:18:37+03:00]user_repository.go:21 auth/domain/store.(*UserRepository).Create Eror during checking users email or password. Err msg: sql: database is closed 
[31mERRO[0m[2022-03-23T14:18:37+03:00]user_repository.go:21 auth/domain/store.(*UserRepository).Create Eror during checking users email or password. Err msg: sql: database is closed 
[36mINFO[0m[2022-03-23T14:18:37+03:00]store.go:45 auth/domain/store.(*Store).Open Auth store opening. Source: host=localhost port=8082 user=user password=userpass dbname=authdbtest sslmode=disable 
[36mINFO[0m[2022-03-23T14:18:37+03:00]store.go:45 auth/domain/store.(*Store).Open Auth store opening. Source: host=localhost port=8082 user=user password=userpass dbname=authdbtest sslmode=disable 
[36mINFO[0m[2022-03-23T14:18:37+03:00]store.go:45 auth/domain/store.(*Store).Open Auth store opening. Source: host=localhost port=8082 user=user password=userpass dbname=authdbtest sslmode=disable 
[36mINFO[0m[2022-03-23T14:18:37+03:00]store.go:45 auth/domain/store.(*Store).Open Auth store opening. Source: host=localhost port=8082 user=user password=userpass dbname=authdbtest sslmode=disable 
[36mINFO[0m[2022-03-23T14:18:37+03:00]store.go:45 auth/domain/store.(*Store).Open Auth store opening. Source: host=localhost port=8082 user=user password=userpass dbname=authdbtest sslmode=disable 
[36mINFO[0m[2022-03-23T14:18:37+03:00]store.go:45 auth/domain/store.(*Store).Open Auth store opening. Source: host=localhost port=8082 user=user password=userpass dbname=authdbtest sslmode=disable 
[36mINFO[0m[2022-03-23T14:18:37+03:00]store.go:45 auth/domain/store.(*Store).Open Auth store opening. Source: host=localhost port=8082 user=user password=userpass dbname=authdbtest sslmode=disable 
[36mINFO[0m[2022-03-23T14:18:37+03:00]store.go:45 auth/domain/store.(*Store).Open Auth store opening. Source: host=localhost port=8082 user=user password=userpass dbname=authdbtest sslmode=disable 
[36mINFO[0m[2022-03-23T14:18:37+03:00]store.go:45 auth/domain/store.(*Store).Open Auth store opening. Source: host=localhost port=8082 user=user password=userpass dbname=authdbtest sslmode=disable 
[36mINFO[0m[2022-03-23T14:18:37+03:00]store.go:45 auth/domain/store.(*Store).Open Auth store opening. Source: host=localhost port=8082 user=user password=userpass dbname=authdbtest sslmode=disable 
[31mERRO[0m[2022-03-23T14:18:37+03:00]user_repository.go:26 auth/domain/store.(*UserRepository).Create email is used. Err msg: true                 
[31mERRO[0m[2022-03-23T14:18:37+03:00]user_repository.go:26 auth/domain/store.(*UserRepository).Create email is used. Err msg: true                 
[31mERRO[0m[2022-03-23T14:18:37+03:00]user_repository.go:84 auth/domain/store.(*UserRepository).FindByEmail Eror during checking users email or password. Err msg: sql: no rows in result set 
[31mERRO[0m[2022-03-23T14:18:37+03:00]user_repository.go:84 auth/domain/store.(*UserRepository).FindByEmail Eror during checking users email or password. Err msg: sql: no rows in result set 
[31mERRO[0m[2022-03-23T14:18:37+03:00]user_repository.go:21 auth/domain/store.(*UserRepository).Create Eror during checking users email or password. Err msg: sql: database is closed 
[31mERRO[0m[2022-03-23T14:18:37+03:00]user_repository.go:21 auth/domain/store.(*UserRepository).Create Eror during checking users email or password. Err msg: sql: database is closed 
[31mERRO[0m[2022-03-23T14:18:37+03:00]user_repository.go:84 auth/domain/store.(*UserRepository).FindByEmail Eror during checking users email or password. Err msg: sql: database is closed 
[31mERRO[0m[2022-03-23T14:18:37+03:00]user_repository.go:84 auth/domain/store.(*UserRepository).FindByEmail Eror during checking users email or password. Err msg: sql: database is closed 
[36mINFO[0m[2022-03-23T14:18:37+03:00]store.go:45 auth/domain/store.(*Store).Open Auth store opening. Source: host=localhost port=8082 user=user password=userpass dbname=authdbtest sslmode=disable 
[36mINFO[0m[2022-03-23T14:18:37+03:00]store.go:45 auth/domain/store.(*Store).Open Auth store opening. Source: host=localhost port=8082 user=user password=userpass dbname=authdbtest sslmode=disable 
[36mINFO[0m[2022-03-23T14:18:37+03:00]store.go:45 auth/domain/store.(*Store).Open Auth store opening. Source: host=localhost port=8082 user=user password=userpass dbname=authdbtest sslmode=disable 
[36mINFO[0m[2022-03-23T14:18:37+03:00]store.go:45 auth/domain/store.(*Store).Open Auth store opening. Source: host=localhost port=8082 user=user password=userpass dbname=authdbtest sslmode=disable 
[36mINFO[0m[2022-03-23T14:18:37+03:00]store.go:45 auth/domain/store.(*Store).Open Auth store opening. Source: host=localhost port=8082 user=user password=userpass dbname=authdbtest sslmode=disable 
[36mINFO[0m[2022-03-23T14:18:37+03:00]store.go:45 auth/domain/store.(*Store).Open Auth store opening. Source: host=localhost port=8082 user=user password=userpass dbname=authdbtest sslmode=disable 
[36mINFO[0m[2022-03-23T14:18:37+03:00]store.go:45 auth/domain/store.(*Store).Open Auth store opening. Source: host=localhost port=8082 user=user password=userpass dbname=authdbtest sslmode=disable 
[36mINFO[0m[2022-03-23T14:18:37+03:00]store.go:45 auth/domain/store.(*Store).Open Auth store opening. Source: host=localhost port=8082 user=user password=userpass dbname=authdbtest sslmode=disable 
[31mERRO[0m[2022-03-23T14:18:37+03:00]user_repository.go:50 auth/domain/store.(*UserRepository).GetAll Eror occured while getting all users. Err msg: sql: database is closed 
[31mERRO[0m[2022-03-23T14:18:37+03:00]user_repository.go:50 auth/domain/store.(*UserRepository).GetAll Eror occured while getting all users. Err msg: sql: database is closed 
[36mINFO[0m[2022-03-23T14:18:37+03:00]store.go:45 auth/domain/store.(*Store).Open Auth store opening. Source: host=localhost port=8082 user=user password=userpass dbname=authdbtest sslmode=disable 
[36mINFO[0m[2022-03-23T14:18:37+03:00]store.go:45 auth/domain/store.(*Store).Open Auth store opening. Source: host=localhost port=8082 user=user password=userpass dbname=authdbtest sslmode=disable 
[36mINFO[0m[2022-03-23T14:18:37+03:00]store.go:45 auth/domain/store.(*Store).Open Auth store opening. Source: host=localhost port=8082 user=user password=userpass dbname=authdbtest sslmode=disable 
[36mINFO[0m[2022-03-23T14:18:37+03:00]store.go:45 auth/domain/store.(*Store).Open Auth store opening. Source: host=localhost port=8082 user=user password=userpass dbname=authdbtest sslmode=disable 
[36mINFO[0m[2022-03-23T14:18:37+03:00]store.go:45 auth/domain/store.(*Store).Open Auth store opening. Source: host=localhost port=8082 user=user password=userpass dbname=authdbtest sslmode=disable 
[36mINFO[0m[2022-03-23T14:18:37+03:00]store.go:45 auth/domain/store.(*Store).Open Auth store opening. Source: host=localhost port=8082 user=user password=userpass dbname=authdbtest sslmode=disable 
[36mINFO[0m[2022-03-23T14:18:37+03:00]store.go:45 auth/domain/store.(*Store).Open Auth store opening. Source: host=localhost port=8082 user=user password=userpass dbname=authdbtest sslmode=disable 
[36mINFO[0m[2022-03-23T14:18:37+03:00]store.go:45 auth/domain/store.(*Store).Open Auth store opening. Source: host=localhost port=8082 user=user password=userpass dbname=authdbtest sslmode=disable 
[36mINFO[0m[2022-03-23T14:18:37+03:00]store.go:45 auth/domain/store.(*Store).Open Auth store opening. Source: host=localhost port=8082 user=user password=userpass dbname=authdbtest sslmode=disable 
[36mINFO[0m[2022-03-23T14:18:37+03:00]store.go:45 auth/domain/store.(*Store).Open Auth store opening. Source: host=localhost port=8082 user=user password=userpass dbname=authdbtest sslmode=disable 
[31mERRO[0m[2022-03-23T14:18:37+03:00]user_repository.go:101 auth/domain/store.(*UserRepository).FindByID Eror occure while searching user by id. Err msg: sql: no rows in result set 
[31mERRO[0m[2022-03-23T14:18:37+03:00]user_repository.go:101 auth/domain/store.(*UserRepository).FindByID Eror occure while searching user by id. Err msg: sql: no rows in result set 
[31mERRO[0m[2022-03-23T14:18:37+03:00]user_repository.go:101 auth/domain/store.(*UserRepository).FindByID Eror occure while searching user by id. Err msg: sql: database is closed 
[31mERRO[0m[2022-03-23T14:18:37+03:00]user_repository.go:101 auth/domain/store.(*UserRepository).FindByID Eror occure while searching user by id. Err msg: sql: database is closed 
[36mINFO[0m[2022-03-23T14:18:37+03:00]store.go:45 auth/domain/store.(*Store).Open Auth store opening. Source: host=localhost port=8082 user=user password=userpass dbname=authdbtest sslmode=disable 
[36mINFO[0m[2022-03-23T14:18:37+03:00]store.go:45 auth/domain/store.(*Store).Open Auth store opening. Source: host=localhost port=8082 user=user password=userpass dbname=authdbtest sslmode=disable 
[36mINFO[0m[2022-03-23T14:18:37+03:00]store.go:45 auth/domain/store.(*Store).Open Auth store opening. Source: host=localhost port=8082 user=user password=userpass dbname=authdbtest sslmode=disable 
[36mINFO[0m[2022-03-23T14:18:37+03:00]store.go:45 auth/domain/store.(*Store).Open Auth store opening. Source: host=localhost port=8082 user=user password=userpass dbname=authdbtest sslmode=disable 
[36mINFO[0m[2022-03-23T14:18:37+03:00]store.go:45 auth/domain/store.(*Store).Open Auth store opening. Source: host=localhost port=8082 user=user password=userpass dbname=authdbtest sslmode=disable 
[36mINFO[0m[2022-03-23T14:18:37+03:00]store.go:45 auth/domain/store.(*Store).Open Auth store opening. Source: host=localhost port=8082 user=user password=userpass dbname=authdbtest sslmode=disable 
[36mINFO[0m[2022-03-23T14:18:37+03:00]store.go:45 auth/domain/store.(*Store).Open Auth store opening. Source: host=localhost port=8082 user=user password=userpass dbname=authdbtest sslmode=disable 
[36mINFO[0m[2022-03-23T14:18:37+03:00]store.go:45 auth/domain/store.(*Store).Open Auth store opening. Source: host=localhost port=8082 user=user password=userpass dbname=authdbtest sslmode=disable 
[36mINFO[0m[2022-03-23T14:18:37+03:00]user_repository.go:125 auth/domain/store.(*UserRepository).Delete User with id 32 was deleted                  
[36mINFO[0m[2022-03-23T14:18:37+03:00]user_repository.go:125 auth/domain/store.(*UserRepository).Delete User with id 32 was deleted                  
[36mINFO[0m[2022-03-23T14:18:37+03:00]store.go:45 auth/domain/store.(*Store).Open Auth store opening. Source: host=localhost port=8082 user=user password=userpass dbname=authdbtest sslmode=disable 
[36mINFO[0m[2022-03-23T14:18:37+03:00]store.go:45 auth/domain/store.(*Store).Open Auth store opening. Source: host=localhost port=8082 user=user password=userpass dbname=authdbtest sslmode=disable 
[31mERRO[0m[2022-03-23T14:18:37+03:00]user_repository.go:121 auth/domain/store.(*UserRepository).Delete Error occured while deleting user. Err msg:No rows affected. 
[31mERRO[0m[2022-03-23T14:18:37+03:00]user_repository.go:121 auth/domain/store.(*UserRepository).Delete Error occured while deleting user. Err msg:No rows affected. 
[31mERRO[0m[2022-03-23T14:18:37+03:00]user_repository.go:111 auth/domain/store.(*UserRepository).Delete Error occured while deleting user. Err msg:sql: database is closed. 
[31mERRO[0m[2022-03-23T14:18:37+03:00]user_repository.go:111 auth/domain/store.(*UserRepository).Delete Error occured while deleting user. Err msg:sql: database is closed. 
[36mINFO[0m[2022-03-23T14:18:37+03:00]store.go:45 auth/domain/store.(*Store).Open Auth store opening. Source: host=localhost port=8082 user=user password=userpass dbname=authdbtest sslmode=disable 
[36mINFO[0m[2022-03-23T14:18:37+03:00]store.go:45 auth/domain/store.(*Store).Open Auth store opening. Source: host=localhost port=8082 user=user password=userpass dbname=authdbtest sslmode=disable 
[36mINFO[0m[2022-03-23T14:18:37+03:00]store.go:45 auth/domain/store.(*Store).Open Auth store opening. Source: host=localhost port=8082 user=user password=userpass dbname=authdbtest sslmode=disable 
[36mINFO[0m[2022-03-23T14:18:37+03:00]store.go:45 auth/domain/store.(*Store).Open Auth store opening. Source: host=localhost port=8082 user=user password=userpass dbname=authdbtest sslmode=disable 
[36mINFO[0m[2022-03-23T14:18:37+03:00]store.go:45 auth/domain/store.(*Store).Open Auth store opening. Source: host=localhost port=8082 user=user password=userpass dbname=authdbtest sslmode=disable 
[36mINFO[0m[2022-03-23T14:18:37+03:00]store.go:45 auth/domain/store.(*Store).Open Auth store opening. Source: host=localhost port=8082 user=user password=userpass dbname=authdbtest sslmode=disable 
[36mINFO[0m[2022-03-23T14:18:37+03:00]store.go:45 auth/domain/store.(*Store).Open Auth store opening. Source: host=localhost port=8082 user=user password=userpass dbname=authdbtest sslmode=disable 
[36mINFO[0m[2022-03-23T14:18:37+03:00]store.go:45 auth/domain/store.(*Store).Open Auth store opening. Source: host=localhost port=8082 user=user password=userpass dbname=authdbtest sslmode=disable 
[36mINFO[0m[2022-03-23T14:18:37+03:00]user_repository.go:179 auth/domain/store.(*UserRepository).Update User with id 33 was updated                  
[36mINFO[0m[2022-03-23T14:18:37+03:00]user_repository.go:179 auth/domain/store.(*UserRepository).Update User with id 33 was updated                  
[36mINFO[0m[2022-03-23T14:18:37+03:00]store.go:45 auth/domain/store.(*Store).Open Auth store opening. Source: host=localhost port=8082 user=user password=userpass dbname=authdbtest sslmode=disable 
[36mINFO[0m[2022-03-23T14:18:37+03:00]store.go:45 auth/domain/store.(*Store).Open Auth store opening. Source: host=localhost port=8082 user=user password=userpass dbname=authdbtest sslmode=disable 
[31mERRO[0m[2022-03-23T14:18:37+03:00]user_repository.go:175 auth/domain/store.(*UserRepository).Update Error occured while updating user. Err msg:No rows affected. 
[31mERRO[0m[2022-03-23T14:18:37+03:00]user_repository.go:175 auth/domain/store.(*UserRepository).Update Error occured while updating user. Err msg:No rows affected. 
[31mERRO[0m[2022-03-23T14:18:37+03:00]user_repository.go:164 auth/domain/store.(*UserRepository).Update Erorr occured while updating user. Err msg: sql: database is closed 
[31mERRO[0m[2022-03-23T14:18:37+03:00]user_repository.go:164 auth/domain/store.(*UserRepository).Update Erorr occured while updating user. Err msg: sql: database is closed 
[36mINFO[0m[2022-03-23T14:18:37+03:00]store.go:45 auth/domain/store.(*Store).Open Auth store opening. Source: host=localhost port=8082 user=user password=userpass dbname=authdbtest sslmode=disable 
[36mINFO[0m[2022-03-23T14:18:37+03:00]store.go:45 auth/domain/store.(*Store).Open Auth store opening. Source: host=localhost port=8082 user=user password=userpass dbname=authdbtest sslmode=disable 
[36mINFO[0m[2022-03-23T14:18:38+03:00]store.go:45 auth/domain/store.(*Store).Open Auth store opening. Source: host=localhost port=8082 user=user password=userpass dbname=authdbtest sslmode=disable 
[36mINFO[0m[2022-03-23T14:18:38+03:00]store.go:45 auth/domain/store.(*Store).Open Auth store opening. Source: host=localhost port=8082 user=user password=userpass dbname=authdbtest sslmode=disable 
[36mINFO[0m[2022-03-23T14:18:38+03:00]store.go:45 auth/domain/store.(*Store).Open Auth store opening. Source: host=localhost port=8082 user=user password=userpass dbname=authdbtest sslmode=disable 
[36mINFO[0m[2022-03-23T14:18:38+03:00]store.go:45 auth/domain/store.(*Store).Open Auth store opening. Source: host=localhost port=8082 user=user password=userpass dbname=authdbtest sslmode=disable 
[36mINFO[0m[2022-03-23T14:18:38+03:00]store.go:45 auth/domain/store.(*Store).Open Auth store opening. Source: host=localhost port=8082 user=user password=userpass dbname=authdbtest sslmode=disable 
[36mINFO[0m[2022-03-23T14:18:38+03:00]store.go:45 auth/domain/store.(*Store).Open Auth store opening. Source: host=localhost port=8082 user=user password=userpass dbname=authdbtest sslmode=disable 
[36mINFO[0m[2022-03-23T14:18:38+03:00]store.go:45 auth/domain/store.(*Store).Open Auth store opening. Source: host=localhost port=8082 user=user password=userpass dbname=authdbtest sslmode=disable 
[36mINFO[0m[2022-03-23T14:18:38+03:00]store.go:45 auth/domain/store.(*Store).Open Auth store opening. Source: host=localhost port=8082 user=user password=userpass dbname=authdbtest sslmode=disable 
[31mERRO[0m[2022-03-23T14:18:38+03:00]user_repository.go:204 auth/domain/store.(*UserRepository).VerifyEmail No rows was affected, possible reason: no user with such ID, err msg: No rows affected 
[31mERRO[0m[2022-03-23T14:18:38+03:00]user_repository.go:204 auth/domain/store.(*UserRepository).VerifyEmail No rows was affected, possible reason: no user with such ID, err msg: No rows affected 
[31mERRO[0m[2022-03-23T14:18:38+03:00]user_repository.go:193 auth/domain/store.(*UserRepository).VerifyEmail Error occured while verifying user. Err msg:sql: database is closed. 
[31mERRO[0m[2022-03-23T14:18:38+03:00]user_repository.go:193 auth/domain/store.(*UserRepository).VerifyEmail Error occured while verifying user. Err msg:sql: database is closed. 
[36mINFO[0m[2022-03-23T14:18:38+03:00]store.go:45 auth/domain/store.(*Store).Open Auth store opening. Source: host=localhost port=8082 user=user password=userpass dbname=authdbtest sslmode=disable 
[36mINFO[0m[2022-03-23T14:18:38+03:00]store.go:45 auth/domain/store.(*Store).Open Auth store opening. Source: host=localhost port=8082 user=user password=userpass dbname=authdbtest sslmode=disable 
[36mINFO[0m[2022-03-23T14:18:38+03:00]store.go:45 auth/domain/store.(*Store).Open Auth store opening. Source: host=localhost port=8082 user=user password=userpass dbname=authdbtest sslmode=disable 
[36mINFO[0m[2022-03-23T14:18:38+03:00]store.go:45 auth/domain/store.(*Store).Open Auth store opening. Source: host=localhost port=8082 user=user password=userpass dbname=authdbtest sslmode=disable 
[36mINFO[0m[2022-03-23T14:18:38+03:00]store.go:45 auth/domain/store.(*Store).Open Auth store opening. Source: host=localhost port=8082 user=user password=userpass dbname=authdbtest sslmode=disable 
[36mINFO[0m[2022-03-23T14:18:38+03:00]store.go:45 auth/domain/store.(*Store).Open Auth store opening. Source: host=localhost port=8082 user=user password=userpass dbname=authdbtest sslmode=disable 
[36mINFO[0m[2022-03-23T14:18:38+03:00]store.go:45 auth/domain/store.(*Store).Open Auth store opening. Source: host=localhost port=8082 user=user password=userpass dbname=authdbtest sslmode=disable 
[36mINFO[0m[2022-03-23T14:18:38+03:00]store.go:45 auth/domain/store.(*Store).Open Auth store opening. Source: host=localhost port=8082 user=user password=userpass dbname=authdbtest sslmode=disable 
[36mINFO[0m[2022-03-23T14:18:38+03:00]store.go:45 auth/domain/store.(*Store).Open Auth store opening. Source: host=localhost port=8082 user=user password=userpass dbname=authdbtest sslmode=disable 
[36mINFO[0m[2022-03-23T14:18:38+03:00]store.go:45 auth/domain/store.(*Store).Open Auth store opening. Source: host=localhost port=8082 user=user password=userpass dbname=authdbtest sslmode=disable 
[36mINFO[0m[2022-03-23T20:01:48+03:00]testing.go:52 auth/domain/store.TestStore Auth store opening. Source: host=localhost port=8082 user=user password=userpass dbname=authdbtest sslmode=disable 
[36mINFO[0m[2022-03-23T20:01:48+03:00]testing.go:52 auth/domain/store.TestStore Auth store opening. Source: host=localhost port=8082 user=user password=userpass dbname=authdbtest sslmode=disable 
[36mINFO[0m[2022-03-23T20:01:48+03:00]store.go:47 auth/domain/store.(*Store).Open Auth store opening. Source: host=localhost port=8082 user=user password=userpass dbname=authdbtest sslmode=disable 
[36mINFO[0m[2022-03-23T20:01:48+03:00]store.go:47 auth/domain/store.(*Store).Open Auth store opening. Source: host=localhost port=8082 user=user password=userpass dbname=authdbtest sslmode=disable 
[36mINFO[0m[2022-03-23T20:01:48+03:00]store.go:47 auth/domain/store.(*Store).Open Auth store opening. Source: host=localhost port=8082 user=user password=userpass dbname=authdbtest sslmode=disable 
[36mINFO[0m[2022-03-23T20:01:48+03:00]store.go:47 auth/domain/store.(*Store).Open Auth store opening. Source: host=localhost port=8082 user=user password=userpass dbname=authdbtest sslmode=disable 
[36mINFO[0m[2022-03-23T20:01:48+03:00]store.go:47 auth/domain/store.(*Store).Open Auth store opening. Source: host=localhost port=8082 user=user password=userpass dbname=authdbtest sslmode=disable 
[36mINFO[0m[2022-03-23T20:01:48+03:00]store.go:47 auth/domain/store.(*Store).Open Auth store opening. Source: host=localhost port=8082 user=user password=userpass dbname=authdbtest sslmode=disable 
[36mINFO[0m[2022-03-23T20:01:48+03:00]user_repository.go:192 auth/domain/store.(*UserRepository).Update User with id 7 was updated                   
[36mINFO[0m[2022-03-23T20:01:48+03:00]user_repository.go:192 auth/domain/store.(*UserRepository).Update User with id 7 was updated                   
[36mINFO[0m[2022-03-23T20:01:48+03:00]store.go:47 auth/domain/store.(*Store).Open Auth store opening. Source: host=localhost port=8082 user=user password=userpass dbname=authdbtest sslmode=disable 
[36mINFO[0m[2022-03-23T20:01:48+03:00]store.go:47 auth/domain/store.(*Store).Open Auth store opening. Source: host=localhost port=8082 user=user password=userpass dbname=authdbtest sslmode=disable 
[31mERRO[0m[2022-03-23T20:01:48+03:00]user_repository.go:141 auth/domain/store.(*UserRepository).Update email is used. Err msg: Email already in use 
[31mERRO[0m[2022-03-23T20:01:48+03:00]user_repository.go:141 auth/domain/store.(*UserRepository).Update email is used. Err msg: Email already in use 
[36mINFO[0m[2022-03-23T20:01:48+03:00]store.go:47 auth/domain/store.(*Store).Open Auth store opening. Source: host=localhost port=8082 user=user password=userpass dbname=authdbtest sslmode=disable 
[36mINFO[0m[2022-03-23T20:01:48+03:00]store.go:47 auth/domain/store.(*Store).Open Auth store opening. Source: host=localhost port=8082 user=user password=userpass dbname=authdbtest sslmode=disable 
[31mERRO[0m[2022-03-23T20:01:48+03:00]user_repository.go:25 auth/domain/store.(*UserRepository).Create email is used. Err msg: Email already in use 
[31mERRO[0m[2022-03-23T20:01:48+03:00]user_repository.go:25 auth/domain/store.(*UserRepository).Create email is used. Err msg: Email already in use 
[31mERRO[0m[2022-03-23T20:01:48+03:00]user_repository.go:141 auth/domain/store.(*UserRepository).Update email is used. Err msg: Email already in use 
[31mERRO[0m[2022-03-23T20:01:48+03:00]user_repository.go:141 auth/domain/store.(*UserRepository).Update email is used. Err msg: Email already in use 
[31mERRO[0m[2022-03-23T20:01:48+03:00]user_repository.go:136 auth/domain/store.(*UserRepository).Update Eror during checking users email or password. Err msg: sql: database is closed 
[31mERRO[0m[2022-03-23T20:01:48+03:00]user_repository.go:136 auth/domain/store.(*UserRepository).Update Eror during checking users email or password. Err msg: sql: database is closed 
[36mINFO[0m[2022-03-23T20:01:48+03:00]store.go:47 auth/domain/store.(*Store).Open Auth store opening. Source: host=localhost port=8082 user=user password=userpass dbname=authdbtest sslmode=disable 
[36mINFO[0m[2022-03-23T20:01:48+03:00]store.go:47 auth/domain/store.(*Store).Open Auth store opening. Source: host=localhost port=8082 user=user password=userpass dbname=authdbtest sslmode=disable 
[36mINFO[0m[2022-03-23T20:03:03+03:00]testing.go:52 auth/domain/store.TestStore Auth store opening. Source: host=localhost port=8082 user=user password=userpass dbname=authdbtest sslmode=disable 
[36mINFO[0m[2022-03-23T20:03:03+03:00]testing.go:52 auth/domain/store.TestStore Auth store opening. Source: host=localhost port=8082 user=user password=userpass dbname=authdbtest sslmode=disable 
[36mINFO[0m[2022-03-23T20:03:03+03:00]store.go:47 auth/domain/store.(*Store).Open Auth store opening. Source: host=localhost port=8082 user=user password=userpass dbname=authdbtest sslmode=disable 
[36mINFO[0m[2022-03-23T20:03:03+03:00]store.go:47 auth/domain/store.(*Store).Open Auth store opening. Source: host=localhost port=8082 user=user password=userpass dbname=authdbtest sslmode=disable 
[36mINFO[0m[2022-03-23T20:03:03+03:00]store.go:47 auth/domain/store.(*Store).Open Auth store opening. Source: host=localhost port=8082 user=user password=userpass dbname=authdbtest sslmode=disable 
[36mINFO[0m[2022-03-23T20:03:03+03:00]store.go:47 auth/domain/store.(*Store).Open Auth store opening. Source: host=localhost port=8082 user=user password=userpass dbname=authdbtest sslmode=disable 
[36mINFO[0m[2022-03-23T20:03:04+03:00]store.go:47 auth/domain/store.(*Store).Open Auth store opening. Source: host=localhost port=8082 user=user password=userpass dbname=authdbtest sslmode=disable 
[36mINFO[0m[2022-03-23T20:03:04+03:00]store.go:47 auth/domain/store.(*Store).Open Auth store opening. Source: host=localhost port=8082 user=user password=userpass dbname=authdbtest sslmode=disable 
[36mINFO[0m[2022-03-23T20:03:04+03:00]store.go:47 auth/domain/store.(*Store).Open Auth store opening. Source: host=localhost port=8082 user=user password=userpass dbname=authdbtest sslmode=disable 
[36mINFO[0m[2022-03-23T20:03:04+03:00]store.go:47 auth/domain/store.(*Store).Open Auth store opening. Source: host=localhost port=8082 user=user password=userpass dbname=authdbtest sslmode=disable 
[31mERRO[0m[2022-03-23T20:03:04+03:00]user_repository.go:25 auth/domain/store.(*UserRepository).Create email is used. Err msg: Email already in use 
[31mERRO[0m[2022-03-23T20:03:04+03:00]user_repository.go:25 auth/domain/store.(*UserRepository).Create email is used. Err msg: Email already in use 
[31mERRO[0m[2022-03-23T20:03:04+03:00]user_repository.go:20 auth/domain/store.(*UserRepository).Create Eror during checking users email or password. Err msg: sql: database is closed 
[31mERRO[0m[2022-03-23T20:03:04+03:00]user_repository.go:20 auth/domain/store.(*UserRepository).Create Eror during checking users email or password. Err msg: sql: database is closed 
[36mINFO[0m[2022-03-23T20:03:04+03:00]store.go:47 auth/domain/store.(*Store).Open Auth store opening. Source: host=localhost port=8082 user=user password=userpass dbname=authdbtest sslmode=disable 
[36mINFO[0m[2022-03-23T20:03:04+03:00]store.go:47 auth/domain/store.(*Store).Open Auth store opening. Source: host=localhost port=8082 user=user password=userpass dbname=authdbtest sslmode=disable 
[36mINFO[0m[2022-03-23T20:03:10+03:00]testing.go:52 auth/domain/store.TestStore Auth store opening. Source: host=localhost port=8082 user=user password=userpass dbname=authdbtest sslmode=disable 
[36mINFO[0m[2022-03-23T20:03:10+03:00]testing.go:52 auth/domain/store.TestStore Auth store opening. Source: host=localhost port=8082 user=user password=userpass dbname=authdbtest sslmode=disable 
[36mINFO[0m[2022-03-23T20:03:10+03:00]store.go:47 auth/domain/store.(*Store).Open Auth store opening. Source: host=localhost port=8082 user=user password=userpass dbname=authdbtest sslmode=disable 
[36mINFO[0m[2022-03-23T20:03:10+03:00]store.go:47 auth/domain/store.(*Store).Open Auth store opening. Source: host=localhost port=8082 user=user password=userpass dbname=authdbtest sslmode=disable 
[36mINFO[0m[2022-03-23T20:03:10+03:00]store.go:47 auth/domain/store.(*Store).Open Auth store opening. Source: host=localhost port=8082 user=user password=userpass dbname=authdbtest sslmode=disable 
[36mINFO[0m[2022-03-23T20:03:10+03:00]store.go:47 auth/domain/store.(*Store).Open Auth store opening. Source: host=localhost port=8082 user=user password=userpass dbname=authdbtest sslmode=disable 
[36mINFO[0m[2022-03-23T20:03:10+03:00]store.go:47 auth/domain/store.(*Store).Open Auth store opening. Source: host=localhost port=8082 user=user password=userpass dbname=authdbtest sslmode=disable 
[36mINFO[0m[2022-03-23T20:03:10+03:00]store.go:47 auth/domain/store.(*Store).Open Auth store opening. Source: host=localhost port=8082 user=user password=userpass dbname=authdbtest sslmode=disable 
[36mINFO[0m[2022-03-23T20:03:10+03:00]user_repository.go:192 auth/domain/store.(*UserRepository).Update User with id 11 was updated                  
[36mINFO[0m[2022-03-23T20:03:10+03:00]user_repository.go:192 auth/domain/store.(*UserRepository).Update User with id 11 was updated                  
[36mINFO[0m[2022-03-23T20:03:10+03:00]store.go:47 auth/domain/store.(*Store).Open Auth store opening. Source: host=localhost port=8082 user=user password=userpass dbname=authdbtest sslmode=disable 
[36mINFO[0m[2022-03-23T20:03:10+03:00]store.go:47 auth/domain/store.(*Store).Open Auth store opening. Source: host=localhost port=8082 user=user password=userpass dbname=authdbtest sslmode=disable 
[31mERRO[0m[2022-03-23T20:03:10+03:00]user_repository.go:141 auth/domain/store.(*UserRepository).Update email is used. Err msg: Email already in use 
[31mERRO[0m[2022-03-23T20:03:10+03:00]user_repository.go:141 auth/domain/store.(*UserRepository).Update email is used. Err msg: Email already in use 
[36mINFO[0m[2022-03-23T20:03:10+03:00]store.go:47 auth/domain/store.(*Store).Open Auth store opening. Source: host=localhost port=8082 user=user password=userpass dbname=authdbtest sslmode=disable 
[36mINFO[0m[2022-03-23T20:03:10+03:00]store.go:47 auth/domain/store.(*Store).Open Auth store opening. Source: host=localhost port=8082 user=user password=userpass dbname=authdbtest sslmode=disable 
[31mERRO[0m[2022-03-23T20:03:10+03:00]user_repository.go:141 auth/domain/store.(*UserRepository).Update email is used. Err msg: Email already in use 
[31mERRO[0m[2022-03-23T20:03:10+03:00]user_repository.go:141 auth/domain/store.(*UserRepository).Update email is used. Err msg: Email already in use 
[31mERRO[0m[2022-03-23T20:03:10+03:00]user_repository.go:136 auth/domain/store.(*UserRepository).Update Eror during checking users email or password. Err msg: sql: database is closed 
[31mERRO[0m[2022-03-23T20:03:10+03:00]user_repository.go:136 auth/domain/store.(*UserRepository).Update Eror during checking users email or password. Err msg: sql: database is closed 
[36mINFO[0m[2022-03-23T20:03:10+03:00]store.go:47 auth/domain/store.(*Store).Open Auth store opening. Source: host=localhost port=8082 user=user password=userpass dbname=authdbtest sslmode=disable 
[36mINFO[0m[2022-03-23T20:03:10+03:00]store.go:47 auth/domain/store.(*Store).Open Auth store opening. Source: host=localhost port=8082 user=user password=userpass dbname=authdbtest sslmode=disable 
[36mINFO[0m[2022-03-23T20:04:20+03:00]testing.go:52 auth/domain/store.TestStore Auth store opening. Source: host=localhost port=8082 user=user password=userpass dbname=authdbtest sslmode=disable 
[36mINFO[0m[2022-03-23T20:04:20+03:00]testing.go:52 auth/domain/store.TestStore Auth store opening. Source: host=localhost port=8082 user=user password=userpass dbname=authdbtest sslmode=disable 
[36mINFO[0m[2022-03-23T20:04:20+03:00]store.go:47 auth/domain/store.(*Store).Open Auth store opening. Source: host=localhost port=8082 user=user password=userpass dbname=authdbtest sslmode=disable 
[36mINFO[0m[2022-03-23T20:04:20+03:00]store.go:47 auth/domain/store.(*Store).Open Auth store opening. Source: host=localhost port=8082 user=user password=userpass dbname=authdbtest sslmode=disable 
[36mINFO[0m[2022-03-23T20:04:21+03:00]store.go:47 auth/domain/store.(*Store).Open Auth store opening. Source: host=localhost port=8082 user=user password=userpass dbname=authdbtest sslmode=disable 
[36mINFO[0m[2022-03-23T20:04:21+03:00]store.go:47 auth/domain/store.(*Store).Open Auth store opening. Source: host=localhost port=8082 user=user password=userpass dbname=authdbtest sslmode=disable 
[36mINFO[0m[2022-03-23T20:04:21+03:00]store.go:47 auth/domain/store.(*Store).Open Auth store opening. Source: host=localhost port=8082 user=user password=userpass dbname=authdbtest sslmode=disable 
[36mINFO[0m[2022-03-23T20:04:21+03:00]store.go:47 auth/domain/store.(*Store).Open Auth store opening. Source: host=localhost port=8082 user=user password=userpass dbname=authdbtest sslmode=disable 
[36mINFO[0m[2022-03-23T20:04:21+03:00]user_repository.go:192 auth/domain/store.(*UserRepository).Update User with id 13 was updated                  
[36mINFO[0m[2022-03-23T20:04:21+03:00]user_repository.go:192 auth/domain/store.(*UserRepository).Update User with id 13 was updated                  
[36mINFO[0m[2022-03-23T20:04:21+03:00]store.go:47 auth/domain/store.(*Store).Open Auth store opening. Source: host=localhost port=8082 user=user password=userpass dbname=authdbtest sslmode=disable 
[36mINFO[0m[2022-03-23T20:04:21+03:00]store.go:47 auth/domain/store.(*Store).Open Auth store opening. Source: host=localhost port=8082 user=user password=userpass dbname=authdbtest sslmode=disable 
[31mERRO[0m[2022-03-23T20:04:21+03:00]user_repository.go:141 auth/domain/store.(*UserRepository).Update email is used. Err msg: Email already in use 
[31mERRO[0m[2022-03-23T20:04:21+03:00]user_repository.go:141 auth/domain/store.(*UserRepository).Update email is used. Err msg: Email already in use 
[36mINFO[0m[2022-03-23T20:04:21+03:00]store.go:47 auth/domain/store.(*Store).Open Auth store opening. Source: host=localhost port=8082 user=user password=userpass dbname=authdbtest sslmode=disable 
[36mINFO[0m[2022-03-23T20:04:21+03:00]store.go:47 auth/domain/store.(*Store).Open Auth store opening. Source: host=localhost port=8082 user=user password=userpass dbname=authdbtest sslmode=disable 
[31mERRO[0m[2022-03-23T20:04:21+03:00]user_repository.go:141 auth/domain/store.(*UserRepository).Update email is used. Err msg: Email already in use 
[31mERRO[0m[2022-03-23T20:04:21+03:00]user_repository.go:141 auth/domain/store.(*UserRepository).Update email is used. Err msg: Email already in use 
[31mERRO[0m[2022-03-23T20:04:21+03:00]user_repository.go:136 auth/domain/store.(*UserRepository).Update Eror during checking users email or password. Err msg: sql: database is closed 
[31mERRO[0m[2022-03-23T20:04:21+03:00]user_repository.go:136 auth/domain/store.(*UserRepository).Update Eror during checking users email or password. Err msg: sql: database is closed 
[36mINFO[0m[2022-03-23T20:04:21+03:00]store.go:47 auth/domain/store.(*Store).Open Auth store opening. Source: host=localhost port=8082 user=user password=userpass dbname=authdbtest sslmode=disable 
[36mINFO[0m[2022-03-23T20:04:21+03:00]store.go:47 auth/domain/store.(*Store).Open Auth store opening. Source: host=localhost port=8082 user=user password=userpass dbname=authdbtest sslmode=disable 
[36mINFO[0m[2022-03-23T20:07:31+03:00]testing.go:52 auth/domain/store.TestStore Auth store opening. Source: host=localhost port=8082 user=user password=userpass dbname=authdbtest sslmode=disable 
[36mINFO[0m[2022-03-23T20:07:31+03:00]testing.go:52 auth/domain/store.TestStore Auth store opening. Source: host=localhost port=8082 user=user password=userpass dbname=authdbtest sslmode=disable 
[36mINFO[0m[2022-03-23T20:07:31+03:00]store.go:47 auth/domain/store.(*Store).Open Auth store opening. Source: host=localhost port=8082 user=user password=userpass dbname=authdbtest sslmode=disable 
[36mINFO[0m[2022-03-23T20:07:31+03:00]store.go:47 auth/domain/store.(*Store).Open Auth store opening. Source: host=localhost port=8082 user=user password=userpass dbname=authdbtest sslmode=disable 
[36mINFO[0m[2022-03-23T20:07:31+03:00]store.go:47 auth/domain/store.(*Store).Open Auth store opening. Source: host=localhost port=8082 user=user password=userpass dbname=authdbtest sslmode=disable 
[36mINFO[0m[2022-03-23T20:07:31+03:00]store.go:47 auth/domain/store.(*Store).Open Auth store opening. Source: host=localhost port=8082 user=user password=userpass dbname=authdbtest sslmode=disable 
[36mINFO[0m[2022-03-23T20:07:31+03:00]store.go:47 auth/domain/store.(*Store).Open Auth store opening. Source: host=localhost port=8082 user=user password=userpass dbname=authdbtest sslmode=disable 
[36mINFO[0m[2022-03-23T20:07:31+03:00]store.go:47 auth/domain/store.(*Store).Open Auth store opening. Source: host=localhost port=8082 user=user password=userpass dbname=authdbtest sslmode=disable 
[36mINFO[0m[2022-03-23T20:07:31+03:00]user_repository.go:192 auth/domain/store.(*UserRepository).Update User with id 15 was updated                  
[36mINFO[0m[2022-03-23T20:07:31+03:00]user_repository.go:192 auth/domain/store.(*UserRepository).Update User with id 15 was updated                  
[36mINFO[0m[2022-03-23T20:07:31+03:00]store.go:47 auth/domain/store.(*Store).Open Auth store opening. Source: host=localhost port=8082 user=user password=userpass dbname=authdbtest sslmode=disable 
[36mINFO[0m[2022-03-23T20:07:31+03:00]store.go:47 auth/domain/store.(*Store).Open Auth store opening. Source: host=localhost port=8082 user=user password=userpass dbname=authdbtest sslmode=disable 
[31mERRO[0m[2022-03-23T20:07:31+03:00]user_repository.go:188 auth/domain/store.(*UserRepository).Update Error occured while updating user. Err msg:No rows affected. 
[31mERRO[0m[2022-03-23T20:07:31+03:00]user_repository.go:188 auth/domain/store.(*UserRepository).Update Error occured while updating user. Err msg:No rows affected. 
[36mINFO[0m[2022-03-23T20:07:31+03:00]store.go:47 auth/domain/store.(*Store).Open Auth store opening. Source: host=localhost port=8082 user=user password=userpass dbname=authdbtest sslmode=disable 
[36mINFO[0m[2022-03-23T20:07:31+03:00]store.go:47 auth/domain/store.(*Store).Open Auth store opening. Source: host=localhost port=8082 user=user password=userpass dbname=authdbtest sslmode=disable 
[31mERRO[0m[2022-03-23T20:07:31+03:00]user_repository.go:141 auth/domain/store.(*UserRepository).Update email is used. Err msg: Email already in use 
[31mERRO[0m[2022-03-23T20:07:31+03:00]user_repository.go:141 auth/domain/store.(*UserRepository).Update email is used. Err msg: Email already in use 
[31mERRO[0m[2022-03-23T20:07:31+03:00]user_repository.go:136 auth/domain/store.(*UserRepository).Update Eror during checking users email or password. Err msg: sql: database is closed 
[31mERRO[0m[2022-03-23T20:07:31+03:00]user_repository.go:136 auth/domain/store.(*UserRepository).Update Eror during checking users email or password. Err msg: sql: database is closed 
[36mINFO[0m[2022-03-23T20:07:31+03:00]store.go:47 auth/domain/store.(*Store).Open Auth store opening. Source: host=localhost port=8082 user=user password=userpass dbname=authdbtest sslmode=disable 
[36mINFO[0m[2022-03-23T20:07:31+03:00]store.go:47 auth/domain/store.(*Store).Open Auth store opening. Source: host=localhost port=8082 user=user password=userpass dbname=authdbtest sslmode=disable 
[36mINFO[0m[2022-03-23T20:09:07+03:00]testing.go:52 auth/domain/store.TestStore Auth store opening. Source: host=localhost port=8082 user=user password=userpass dbname=authdbtest sslmode=disable 
[36mINFO[0m[2022-03-23T20:09:07+03:00]testing.go:52 auth/domain/store.TestStore Auth store opening. Source: host=localhost port=8082 user=user password=userpass dbname=authdbtest sslmode=disable 
[36mINFO[0m[2022-03-23T20:09:07+03:00]store.go:47 auth/domain/store.(*Store).Open Auth store opening. Source: host=localhost port=8082 user=user password=userpass dbname=authdbtest sslmode=disable 
[36mINFO[0m[2022-03-23T20:09:07+03:00]store.go:47 auth/domain/store.(*Store).Open Auth store opening. Source: host=localhost port=8082 user=user password=userpass dbname=authdbtest sslmode=disable 
[36mINFO[0m[2022-03-23T20:09:07+03:00]store.go:47 auth/domain/store.(*Store).Open Auth store opening. Source: host=localhost port=8082 user=user password=userpass dbname=authdbtest sslmode=disable 
[36mINFO[0m[2022-03-23T20:09:07+03:00]store.go:47 auth/domain/store.(*Store).Open Auth store opening. Source: host=localhost port=8082 user=user password=userpass dbname=authdbtest sslmode=disable 
[36mINFO[0m[2022-03-23T20:09:07+03:00]store.go:47 auth/domain/store.(*Store).Open Auth store opening. Source: host=localhost port=8082 user=user password=userpass dbname=authdbtest sslmode=disable 
[36mINFO[0m[2022-03-23T20:09:07+03:00]store.go:47 auth/domain/store.(*Store).Open Auth store opening. Source: host=localhost port=8082 user=user password=userpass dbname=authdbtest sslmode=disable 
[36mINFO[0m[2022-03-23T20:09:07+03:00]store.go:47 auth/domain/store.(*Store).Open Auth store opening. Source: host=localhost port=8082 user=user password=userpass dbname=authdbtest sslmode=disable 
[36mINFO[0m[2022-03-23T20:09:07+03:00]store.go:47 auth/domain/store.(*Store).Open Auth store opening. Source: host=localhost port=8082 user=user password=userpass dbname=authdbtest sslmode=disable 
[31mERRO[0m[2022-03-23T20:09:07+03:00]user_repository.go:217 auth/domain/store.(*UserRepository).VerifyEmail No rows was affected, possible reason: no user with such ID, err msg: No rows affected 
[31mERRO[0m[2022-03-23T20:09:07+03:00]user_repository.go:217 auth/domain/store.(*UserRepository).VerifyEmail No rows was affected, possible reason: no user with such ID, err msg: No rows affected 
[31mERRO[0m[2022-03-23T20:09:07+03:00]user_repository.go:206 auth/domain/store.(*UserRepository).VerifyEmail Error occured while verifying user. Err msg:sql: database is closed. 
[31mERRO[0m[2022-03-23T20:09:07+03:00]user_repository.go:206 auth/domain/store.(*UserRepository).VerifyEmail Error occured while verifying user. Err msg:sql: database is closed. 
[36mINFO[0m[2022-03-23T20:09:07+03:00]store.go:47 auth/domain/store.(*Store).Open Auth store opening. Source: host=localhost port=8082 user=user password=userpass dbname=authdbtest sslmode=disable 
[36mINFO[0m[2022-03-23T20:09:07+03:00]store.go:47 auth/domain/store.(*Store).Open Auth store opening. Source: host=localhost port=8082 user=user password=userpass dbname=authdbtest sslmode=disable 
