[36mINFO[0m[2022-01-26T12:27:05+03:00]server.go:32 admin/webapp/server.(*Server).Start Admin router started successfully            
[36mINFO[0m[2022-01-26T12:27:05+03:00]server.go:32 admin/webapp/server.(*Server).Start Admin router started successfully            
[31mERRO[0m[2022-01-26T12:27:06+03:00]server.go:35 admin/webapp/server.(*Server).Start Error while configure store. ERR MSG: dial tcp: lookup postgresql_database: no such host 
[31mERRO[0m[2022-01-26T12:27:06+03:00]server.go:35 admin/webapp/server.(*Server).Start Error while configure store. ERR MSG: dial tcp: lookup postgresql_database: no such host 
[36mINFO[0m[2022-02-03T14:24:27+03:00]server.go:32 admin/webapp/server.(*Server).Start Admin router started successfully            
[36mINFO[0m[2022-02-03T14:24:27+03:00]server.go:32 admin/webapp/server.(*Server).Start Admin router started successfully            
[36mINFO[0m[2022-02-03T14:24:27+03:00]server.go:38 admin/webapp/server.(*Server).Start Store started successfully                   
[36mINFO[0m[2022-02-03T14:24:27+03:00]server.go:38 admin/webapp/server.(*Server).Start Store started successfully                   
[36mINFO[0m[2022-02-03T14:24:27+03:00]server.go:40 admin/webapp/server.(*Server).Start Server starts at Server Address: 127.0.0.1:8080
PG Data Source: "host=localhost port=8081 user=user password=userpass dbname=adminDB sslmode=disable" ... 
[36mINFO[0m[2022-02-03T14:24:27+03:00]server.go:40 admin/webapp/server.(*Server).Start Server starts at Server Address: 127.0.0.1:8080
PG Data Source: "host=localhost port=8081 user=user password=userpass dbname=adminDB sslmode=disable" ... 
[36mINFO[0m[2022-02-03T14:25:01+03:00]server.go:32 admin/webapp/server.(*Server).Start Admin router started successfully            
[36mINFO[0m[2022-02-03T14:25:01+03:00]server.go:32 admin/webapp/server.(*Server).Start Admin router started successfully            
[36mINFO[0m[2022-02-03T14:25:01+03:00]server.go:38 admin/webapp/server.(*Server).Start Store started successfully                   
[36mINFO[0m[2022-02-03T14:25:01+03:00]server.go:38 admin/webapp/server.(*Server).Start Store started successfully                   
[36mINFO[0m[2022-02-03T14:25:01+03:00]server.go:40 admin/webapp/server.(*Server).Start Server starts at Server Address: 127.0.0.1:8080
PG Data Source: "host=localhost port=8081 user=user password=userpass dbname=adminDB sslmode=disable" ... 
[36mINFO[0m[2022-02-03T14:25:01+03:00]server.go:40 admin/webapp/server.(*Server).Start Server starts at Server Address: 127.0.0.1:8080
PG Data Source: "host=localhost port=8081 user=user password=userpass dbname=adminDB sslmode=disable" ... 
[36mINFO[0m[2022-02-03T14:25:40+03:00]server.go:32 admin/webapp/server.(*Server).Start Admin router started successfully            
[36mINFO[0m[2022-02-03T14:25:40+03:00]server.go:32 admin/webapp/server.(*Server).Start Admin router started successfully            
[36mINFO[0m[2022-02-03T14:25:40+03:00]server.go:38 admin/webapp/server.(*Server).Start Store started successfully                   
[36mINFO[0m[2022-02-03T14:25:40+03:00]server.go:38 admin/webapp/server.(*Server).Start Store started successfully                   
[36mINFO[0m[2022-02-03T14:25:40+03:00]server.go:40 admin/webapp/server.(*Server).Start Server starts at Server Address: 127.0.0.1:8080
PG Data Source: "host=localhost port=8081 user=user password=userpass dbname=adminDB sslmode=disable" ... 
[36mINFO[0m[2022-02-03T14:25:40+03:00]server.go:40 admin/webapp/server.(*Server).Start Server starts at Server Address: 127.0.0.1:8080
PG Data Source: "host=localhost port=8081 user=user password=userpass dbname=adminDB sslmode=disable" ... 
[36mINFO[0m[2022-02-03T14:26:02+03:00]server.go:32 admin/webapp/server.(*Server).Start Admin router started successfully            
[36mINFO[0m[2022-02-03T14:26:02+03:00]server.go:32 admin/webapp/server.(*Server).Start Admin router started successfully            
[36mINFO[0m[2022-02-03T14:26:02+03:00]server.go:38 admin/webapp/server.(*Server).Start Store started successfully                   
[36mINFO[0m[2022-02-03T14:26:02+03:00]server.go:38 admin/webapp/server.(*Server).Start Store started successfully                   
[36mINFO[0m[2022-02-03T14:26:02+03:00]server.go:40 admin/webapp/server.(*Server).Start Server starts at Server Address: localhost:8080
PG Data Source: "host=localhost port=8081 user=user password=userpass dbname=adminDB sslmode=disable" ... 
[36mINFO[0m[2022-02-03T14:26:02+03:00]server.go:40 admin/webapp/server.(*Server).Start Server starts at Server Address: localhost:8080
PG Data Source: "host=localhost port=8081 user=user password=userpass dbname=adminDB sslmode=disable" ... 
[36mINFO[0m[2022-02-03T14:26:14+03:00]server.go:32 admin/webapp/server.(*Server).Start Admin router started successfully            
[36mINFO[0m[2022-02-03T14:26:14+03:00]server.go:32 admin/webapp/server.(*Server).Start Admin router started successfully            
[36mINFO[0m[2022-02-03T14:26:14+03:00]server.go:38 admin/webapp/server.(*Server).Start Store started successfully                   
[36mINFO[0m[2022-02-03T14:26:14+03:00]server.go:38 admin/webapp/server.(*Server).Start Store started successfully                   
[36mINFO[0m[2022-02-03T14:26:14+03:00]server.go:40 admin/webapp/server.(*Server).Start Server starts at Server Address: localhost:8080
PG Data Source: "host=localhost port=8081 user=user password=userpass dbname=adminDB sslmode=disable" ... 
[36mINFO[0m[2022-02-03T14:26:14+03:00]server.go:40 admin/webapp/server.(*Server).Start Server starts at Server Address: localhost:8080
PG Data Source: "host=localhost port=8081 user=user password=userpass dbname=adminDB sslmode=disable" ... 
[36mINFO[0m[2022-02-03T14:26:25+03:00]server.go:32 admin/webapp/server.(*Server).Start Admin router started successfully            
[36mINFO[0m[2022-02-03T14:26:25+03:00]server.go:32 admin/webapp/server.(*Server).Start Admin router started successfully            
[36mINFO[0m[2022-02-03T14:26:25+03:00]server.go:38 admin/webapp/server.(*Server).Start Store started successfully                   
[36mINFO[0m[2022-02-03T14:26:25+03:00]server.go:38 admin/webapp/server.(*Server).Start Store started successfully                   
[36mINFO[0m[2022-02-03T14:26:25+03:00]server.go:40 admin/webapp/server.(*Server).Start Server starts at Server Address: localhost:9090
PG Data Source: "host=localhost port=8081 user=user password=userpass dbname=adminDB sslmode=disable" ... 
[36mINFO[0m[2022-02-03T14:26:25+03:00]server.go:40 admin/webapp/server.(*Server).Start Server starts at Server Address: localhost:9090
PG Data Source: "host=localhost port=8081 user=user password=userpass dbname=adminDB sslmode=disable" ... 
[31mERRO[0m[2022-02-03T14:26:44+03:00]HomeAdmin.go:22 admin/webapp/handlersAdmin/auth.HomeAdmin.func1 Unauthorized                                 
[31mERRO[0m[2022-02-03T14:26:44+03:00]HomeAdmin.go:22 admin/webapp/handlersAdmin/auth.HomeAdmin.func1 Unauthorized                                 
[31mERRO[0m[2022-02-03T14:26:44+03:00]LoginAdmin.go:30 admin/webapp/handlersAdmin/auth.LoginAdmin.func1 Can not parse template: open /api/webapp/tamplates/loginAdmin.html: The system cannot find the path specified. 
[31mERRO[0m[2022-02-03T14:26:44+03:00]LoginAdmin.go:30 admin/webapp/handlersAdmin/auth.LoginAdmin.func1 Can not parse template: open /api/webapp/tamplates/loginAdmin.html: The system cannot find the path specified. 
[31mERRO[0m[2022-02-03T14:27:09+03:00]HomeAdmin.go:22 admin/webapp/handlersAdmin/auth.HomeAdmin.func1 Unauthorized                                 
[31mERRO[0m[2022-02-03T14:27:09+03:00]HomeAdmin.go:22 admin/webapp/handlersAdmin/auth.HomeAdmin.func1 Unauthorized                                 
[31mERRO[0m[2022-02-03T14:27:09+03:00]LoginAdmin.go:30 admin/webapp/handlersAdmin/auth.LoginAdmin.func1 Can not parse template: open /api/webapp/tamplates/loginAdmin.html: The system cannot find the path specified. 
[31mERRO[0m[2022-02-03T14:27:09+03:00]LoginAdmin.go:30 admin/webapp/handlersAdmin/auth.LoginAdmin.func1 Can not parse template: open /api/webapp/tamplates/loginAdmin.html: The system cannot find the path specified. 
[36mINFO[0m[2022-02-03T14:28:10+03:00]server.go:32 admin/webapp/server.(*Server).Start Admin router started successfully            
[36mINFO[0m[2022-02-03T14:28:10+03:00]server.go:32 admin/webapp/server.(*Server).Start Admin router started successfully            
[36mINFO[0m[2022-02-03T14:28:10+03:00]server.go:38 admin/webapp/server.(*Server).Start Store started successfully                   
[36mINFO[0m[2022-02-03T14:28:10+03:00]server.go:38 admin/webapp/server.(*Server).Start Store started successfully                   
[36mINFO[0m[2022-02-03T14:28:10+03:00]server.go:40 admin/webapp/server.(*Server).Start Server starts at Server Address: localhost:9090
PG Data Source: "host=localhost port=8081 user=user password=userpass dbname=adminDB sslmode=disable" ... 
[36mINFO[0m[2022-02-03T14:28:10+03:00]server.go:40 admin/webapp/server.(*Server).Start Server starts at Server Address: localhost:9090
PG Data Source: "host=localhost port=8081 user=user password=userpass dbname=adminDB sslmode=disable" ... 
[31mERRO[0m[2022-02-03T14:28:13+03:00]LoginAdmin.go:30 admin/webapp/handlersAdmin/auth.LoginAdmin.func1 Can not parse template: open /api/webapp/tamplates/loginAdmin.html: The system cannot find the path specified. 
[31mERRO[0m[2022-02-03T14:28:13+03:00]LoginAdmin.go:30 admin/webapp/handlersAdmin/auth.LoginAdmin.func1 Can not parse template: open /api/webapp/tamplates/loginAdmin.html: The system cannot find the path specified. 
[36mINFO[0m[2022-02-03T14:28:32+03:00]server.go:32 admin/webapp/server.(*Server).Start Admin router started successfully            
[36mINFO[0m[2022-02-03T14:28:32+03:00]server.go:32 admin/webapp/server.(*Server).Start Admin router started successfully            
[36mINFO[0m[2022-02-03T14:28:32+03:00]server.go:38 admin/webapp/server.(*Server).Start Store started successfully                   
[36mINFO[0m[2022-02-03T14:28:32+03:00]server.go:38 admin/webapp/server.(*Server).Start Store started successfully                   
[36mINFO[0m[2022-02-03T14:28:32+03:00]server.go:40 admin/webapp/server.(*Server).Start Server starts at Server Address: localhost:9090
PG Data Source: "host=localhost port=8081 user=user password=userpass dbname=adminDB sslmode=disable" ... 
[36mINFO[0m[2022-02-03T14:28:32+03:00]server.go:40 admin/webapp/server.(*Server).Start Server starts at Server Address: localhost:9090
PG Data Source: "host=localhost port=8081 user=user password=userpass dbname=adminDB sslmode=disable" ... 
[31mERRO[0m[2022-02-03T14:28:35+03:00]LoginAdmin.go:30 admin/webapp/handlersAdmin/auth.LoginAdmin.func1 Can not parse template: open /api/webapp/tamplates/loginAdmin.html: The system cannot find the path specified. 
[31mERRO[0m[2022-02-03T14:28:35+03:00]LoginAdmin.go:30 admin/webapp/handlersAdmin/auth.LoginAdmin.func1 Can not parse template: open /api/webapp/tamplates/loginAdmin.html: The system cannot find the path specified. 
[36mINFO[0m[2022-02-03T14:29:39+03:00]server.go:32 admin/webapp/server.(*Server).Start Admin router started successfully            
[36mINFO[0m[2022-02-03T14:29:39+03:00]server.go:32 admin/webapp/server.(*Server).Start Admin router started successfully            
[36mINFO[0m[2022-02-03T14:29:40+03:00]server.go:38 admin/webapp/server.(*Server).Start Store started successfully                   
[36mINFO[0m[2022-02-03T14:29:40+03:00]server.go:38 admin/webapp/server.(*Server).Start Store started successfully                   
[36mINFO[0m[2022-02-03T14:29:40+03:00]server.go:40 admin/webapp/server.(*Server).Start Server starts at Server Address: localhost:9090
PG Data Source: "host=localhost port=8081 user=user password=userpass dbname=adminDB sslmode=disable" ... 
[36mINFO[0m[2022-02-03T14:29:40+03:00]server.go:40 admin/webapp/server.(*Server).Start Server starts at Server Address: localhost:9090
PG Data Source: "host=localhost port=8081 user=user password=userpass dbname=adminDB sslmode=disable" ... 
[31mERRO[0m[2022-02-03T14:29:42+03:00]LoginAdmin.go:30 admin/webapp/handlersAdmin/auth.LoginAdmin.func1 Can not parse template: open /api/webapp/tamplates/loginAdmin.html: The system cannot find the path specified. 
[31mERRO[0m[2022-02-03T14:29:42+03:00]LoginAdmin.go:30 admin/webapp/handlersAdmin/auth.LoginAdmin.func1 Can not parse template: open /api/webapp/tamplates/loginAdmin.html: The system cannot find the path specified. 
[31mERRO[0m[2022-02-03T14:29:44+03:00]LoginAdmin.go:30 admin/webapp/handlersAdmin/auth.LoginAdmin.func1 Can not parse template: open /api/webapp/tamplates/loginAdmin.html: The system cannot find the path specified. 
[31mERRO[0m[2022-02-03T14:29:44+03:00]LoginAdmin.go:30 admin/webapp/handlersAdmin/auth.LoginAdmin.func1 Can not parse template: open /api/webapp/tamplates/loginAdmin.html: The system cannot find the path specified. 
[36mINFO[0m[2022-02-03T14:30:13+03:00]server.go:32 admin/webapp/server.(*Server).Start Admin router started successfully            
[36mINFO[0m[2022-02-03T14:30:13+03:00]server.go:32 admin/webapp/server.(*Server).Start Admin router started successfully            
[36mINFO[0m[2022-02-03T14:30:13+03:00]server.go:38 admin/webapp/server.(*Server).Start Store started successfully                   
[36mINFO[0m[2022-02-03T14:30:13+03:00]server.go:38 admin/webapp/server.(*Server).Start Store started successfully                   
[36mINFO[0m[2022-02-03T14:30:13+03:00]server.go:40 admin/webapp/server.(*Server).Start Server starts at Server Address: localhost:9090
PG Data Source: "host=localhost port=8081 user=user password=userpass dbname=adminDB sslmode=disable" ... 
[36mINFO[0m[2022-02-03T14:30:13+03:00]server.go:40 admin/webapp/server.(*Server).Start Server starts at Server Address: localhost:9090
PG Data Source: "host=localhost port=8081 user=user password=userpass dbname=adminDB sslmode=disable" ... 
[31mERRO[0m[2022-02-03T14:30:16+03:00]LoginAdmin.go:30 admin/webapp/handlersAdmin/auth.LoginAdmin.func1 Can not parse template: open /api/webapp/tamplates/loginAdmin.html: The system cannot find the path specified. 
[31mERRO[0m[2022-02-03T14:30:16+03:00]LoginAdmin.go:30 admin/webapp/handlersAdmin/auth.LoginAdmin.func1 Can not parse template: open /api/webapp/tamplates/loginAdmin.html: The system cannot find the path specified. 
[36mINFO[0m[2022-02-03T14:50:22+03:00]server.go:32 admin/webapp/server.(*Server).Start Admin router started successfully            
[36mINFO[0m[2022-02-03T14:50:22+03:00]server.go:32 admin/webapp/server.(*Server).Start Admin router started successfully            
[36mINFO[0m[2022-02-03T14:50:22+03:00]server.go:38 admin/webapp/server.(*Server).Start Store started successfully                   
[36mINFO[0m[2022-02-03T14:50:22+03:00]server.go:38 admin/webapp/server.(*Server).Start Store started successfully                   
[36mINFO[0m[2022-02-03T14:50:22+03:00]server.go:40 admin/webapp/server.(*Server).Start Server starts at Server Address: localhost:9090
PG Data Source: "host=localhost port=8081 user=user password=userpass dbname=adminDB sslmode=disable" ... 
[36mINFO[0m[2022-02-03T14:50:22+03:00]server.go:40 admin/webapp/server.(*Server).Start Server starts at Server Address: localhost:9090
PG Data Source: "host=localhost port=8081 user=user password=userpass dbname=adminDB sslmode=disable" ... 
[31mERRO[0m[2022-02-03T14:50:34+03:00]HomeAdmin.go:22 admin/webapp/handlersAdmin/auth.HomeAdmin.func1 Unauthorized                                 
[31mERRO[0m[2022-02-03T14:50:34+03:00]HomeAdmin.go:22 admin/webapp/handlersAdmin/auth.HomeAdmin.func1 Unauthorized                                 
[31mERRO[0m[2022-02-03T14:50:34+03:00]LoginAdmin.go:30 admin/webapp/handlersAdmin/auth.LoginAdmin.func1 Can not parse template: open /api/webapp/tamplates/loginAdmin.html: The system cannot find the path specified. 
[31mERRO[0m[2022-02-03T14:50:34+03:00]LoginAdmin.go:30 admin/webapp/handlersAdmin/auth.LoginAdmin.func1 Can not parse template: open /api/webapp/tamplates/loginAdmin.html: The system cannot find the path specified. 
[36mINFO[0m[2022-02-03T14:50:50+03:00]server.go:32 admin/webapp/server.(*Server).Start Admin router started successfully            
[36mINFO[0m[2022-02-03T14:50:50+03:00]server.go:32 admin/webapp/server.(*Server).Start Admin router started successfully            
[36mINFO[0m[2022-02-03T14:50:50+03:00]server.go:38 admin/webapp/server.(*Server).Start Store started successfully                   
[36mINFO[0m[2022-02-03T14:50:50+03:00]server.go:38 admin/webapp/server.(*Server).Start Store started successfully                   
[36mINFO[0m[2022-02-03T14:50:50+03:00]server.go:40 admin/webapp/server.(*Server).Start Server starts at Server Address: localhost:9090
PG Data Source: "host=localhost port=8081 user=user password=userpass dbname=adminDB sslmode=disable" ... 
[36mINFO[0m[2022-02-03T14:50:50+03:00]server.go:40 admin/webapp/server.(*Server).Start Server starts at Server Address: localhost:9090
PG Data Source: "host=localhost port=8081 user=user password=userpass dbname=adminDB sslmode=disable" ... 
[31mERRO[0m[2022-02-03T14:50:53+03:00]LoginAdmin.go:30 admin/webapp/handlersAdmin/auth.LoginAdmin.func1 Can not parse template: open /api/webapp/tamplates/loginAdmin.html: The system cannot find the path specified. 
[31mERRO[0m[2022-02-03T14:50:53+03:00]LoginAdmin.go:30 admin/webapp/handlersAdmin/auth.LoginAdmin.func1 Can not parse template: open /api/webapp/tamplates/loginAdmin.html: The system cannot find the path specified. 
[31mERRO[0m[2022-02-03T14:50:54+03:00]LoginAdmin.go:30 admin/webapp/handlersAdmin/auth.LoginAdmin.func1 Can not parse template: open /api/webapp/tamplates/loginAdmin.html: The system cannot find the path specified. 
[31mERRO[0m[2022-02-03T14:50:54+03:00]LoginAdmin.go:30 admin/webapp/handlersAdmin/auth.LoginAdmin.func1 Can not parse template: open /api/webapp/tamplates/loginAdmin.html: The system cannot find the path specified. 
[31mERRO[0m[2022-02-03T14:50:55+03:00]LoginAdmin.go:30 admin/webapp/handlersAdmin/auth.LoginAdmin.func1 Can not parse template: open /api/webapp/tamplates/loginAdmin.html: The system cannot find the path specified. 
[31mERRO[0m[2022-02-03T14:50:55+03:00]LoginAdmin.go:30 admin/webapp/handlersAdmin/auth.LoginAdmin.func1 Can not parse template: open /api/webapp/tamplates/loginAdmin.html: The system cannot find the path specified. 
[31mERRO[0m[2022-02-03T14:50:55+03:00]LoginAdmin.go:30 admin/webapp/handlersAdmin/auth.LoginAdmin.func1 Can not parse template: open /api/webapp/tamplates/loginAdmin.html: The system cannot find the path specified. 
[31mERRO[0m[2022-02-03T14:50:55+03:00]LoginAdmin.go:30 admin/webapp/handlersAdmin/auth.LoginAdmin.func1 Can not parse template: open /api/webapp/tamplates/loginAdmin.html: The system cannot find the path specified. 
[31mERRO[0m[2022-02-03T14:50:56+03:00]LoginAdmin.go:30 admin/webapp/handlersAdmin/auth.LoginAdmin.func1 Can not parse template: open /api/webapp/tamplates/loginAdmin.html: The system cannot find the path specified. 
[31mERRO[0m[2022-02-03T14:50:56+03:00]LoginAdmin.go:30 admin/webapp/handlersAdmin/auth.LoginAdmin.func1 Can not parse template: open /api/webapp/tamplates/loginAdmin.html: The system cannot find the path specified. 
[31mERRO[0m[2022-02-03T14:50:56+03:00]LoginAdmin.go:30 admin/webapp/handlersAdmin/auth.LoginAdmin.func1 Can not parse template: open /api/webapp/tamplates/loginAdmin.html: The system cannot find the path specified. 
[31mERRO[0m[2022-02-03T14:50:56+03:00]LoginAdmin.go:30 admin/webapp/handlersAdmin/auth.LoginAdmin.func1 Can not parse template: open /api/webapp/tamplates/loginAdmin.html: The system cannot find the path specified. 
[31mERRO[0m[2022-02-03T14:50:57+03:00]LoginAdmin.go:30 admin/webapp/handlersAdmin/auth.LoginAdmin.func1 Can not parse template: open /api/webapp/tamplates/loginAdmin.html: The system cannot find the path specified. 
[31mERRO[0m[2022-02-03T14:50:57+03:00]LoginAdmin.go:30 admin/webapp/handlersAdmin/auth.LoginAdmin.func1 Can not parse template: open /api/webapp/tamplates/loginAdmin.html: The system cannot find the path specified. 
[36mINFO[0m[2022-02-03T14:54:15+03:00]server.go:32 admin/webapp/server.(*Server).Start Admin router started successfully            
[36mINFO[0m[2022-02-03T14:54:15+03:00]server.go:32 admin/webapp/server.(*Server).Start Admin router started successfully            
[36mINFO[0m[2022-02-03T14:54:15+03:00]server.go:38 admin/webapp/server.(*Server).Start Store started successfully                   
[36mINFO[0m[2022-02-03T14:54:15+03:00]server.go:38 admin/webapp/server.(*Server).Start Store started successfully                   
[36mINFO[0m[2022-02-03T14:54:15+03:00]server.go:40 admin/webapp/server.(*Server).Start Server starts at Server Address: localhost:9090
PG Data Source: "host=localhost port=8081 user=user password=userpass dbname=adminDB sslmode=disable" ... 
[36mINFO[0m[2022-02-03T14:54:15+03:00]server.go:40 admin/webapp/server.(*Server).Start Server starts at Server Address: localhost:9090
PG Data Source: "host=localhost port=8081 user=user password=userpass dbname=adminDB sslmode=disable" ... 
[31mERRO[0m[2022-02-03T14:54:22+03:00]LoginAdmin.go:30 admin/webapp/handlersAdmin/auth.LoginAdmin.func1 Can not parse template: open /api/webapp/tamplates/loginAdmin.html: The system cannot find the path specified. 
[31mERRO[0m[2022-02-03T14:54:22+03:00]LoginAdmin.go:30 admin/webapp/handlersAdmin/auth.LoginAdmin.func1 Can not parse template: open /api/webapp/tamplates/loginAdmin.html: The system cannot find the path specified. 
[31mERRO[0m[2022-02-03T14:54:28+03:00]LoginAdmin.go:30 admin/webapp/handlersAdmin/auth.LoginAdmin.func1 Can not parse template: open /api/webapp/tamplates/loginAdmin.html: The system cannot find the path specified. 
[31mERRO[0m[2022-02-03T14:54:28+03:00]LoginAdmin.go:30 admin/webapp/handlersAdmin/auth.LoginAdmin.func1 Can not parse template: open /api/webapp/tamplates/loginAdmin.html: The system cannot find the path specified. 
[36mINFO[0m[2022-02-03T14:54:38+03:00]server.go:32 admin/webapp/server.(*Server).Start Admin router started successfully            
[36mINFO[0m[2022-02-03T14:54:38+03:00]server.go:32 admin/webapp/server.(*Server).Start Admin router started successfully            
[36mINFO[0m[2022-02-03T14:54:38+03:00]server.go:38 admin/webapp/server.(*Server).Start Store started successfully                   
[36mINFO[0m[2022-02-03T14:54:38+03:00]server.go:38 admin/webapp/server.(*Server).Start Store started successfully                   
[36mINFO[0m[2022-02-03T14:54:38+03:00]server.go:40 admin/webapp/server.(*Server).Start Server starts at Server Address: localhost:9090
PG Data Source: "host=localhost port=8081 user=user password=userpass dbname=adminDB sslmode=disable" ... 
[36mINFO[0m[2022-02-03T14:54:38+03:00]server.go:40 admin/webapp/server.(*Server).Start Server starts at Server Address: localhost:9090
PG Data Source: "host=localhost port=8081 user=user password=userpass dbname=adminDB sslmode=disable" ... 
[31mERRO[0m[2022-02-03T14:54:40+03:00]LoginAdmin.go:30 admin/webapp/handlersAdmin/auth.LoginAdmin.func1 Can not parse template: open /api/webapp/tamplates/loginAdmin.html: The system cannot find the path specified. 
[31mERRO[0m[2022-02-03T14:54:40+03:00]LoginAdmin.go:30 admin/webapp/handlersAdmin/auth.LoginAdmin.func1 Can not parse template: open /api/webapp/tamplates/loginAdmin.html: The system cannot find the path specified. 
[36mINFO[0m[2022-02-03T14:57:41+03:00]server.go:32 admin/webapp/server.(*Server).Start Admin router started successfully            
[36mINFO[0m[2022-02-03T14:57:41+03:00]server.go:32 admin/webapp/server.(*Server).Start Admin router started successfully            
[36mINFO[0m[2022-02-03T14:57:41+03:00]server.go:38 admin/webapp/server.(*Server).Start Store started successfully                   
[36mINFO[0m[2022-02-03T14:57:41+03:00]server.go:38 admin/webapp/server.(*Server).Start Store started successfully                   
[36mINFO[0m[2022-02-03T14:57:41+03:00]server.go:40 admin/webapp/server.(*Server).Start Server starts at Server Address: localhost:9090
PG Data Source: "host=localhost port=8081 user=user password=userpass dbname=adminDB sslmode=disable" ... 
[36mINFO[0m[2022-02-03T14:57:41+03:00]server.go:40 admin/webapp/server.(*Server).Start Server starts at Server Address: localhost:9090
PG Data Source: "host=localhost port=8081 user=user password=userpass dbname=adminDB sslmode=disable" ... 
[31mERRO[0m[2022-02-03T14:57:52+03:00]LoginAdmin.go:30 admin/webapp/handlersAdmin/auth.LoginAdmin.func1 Can not parse template: open /microservices/api/webapp/tamplates/loginAdmin.html: The system cannot find the path specified. 
[31mERRO[0m[2022-02-03T14:57:52+03:00]LoginAdmin.go:30 admin/webapp/handlersAdmin/auth.LoginAdmin.func1 Can not parse template: open /microservices/api/webapp/tamplates/loginAdmin.html: The system cannot find the path specified. 
[36mINFO[0m[2022-02-03T14:58:50+03:00]server.go:32 admin/webapp/server.(*Server).Start Admin router started successfully            
[36mINFO[0m[2022-02-03T14:58:50+03:00]server.go:32 admin/webapp/server.(*Server).Start Admin router started successfully            
[36mINFO[0m[2022-02-03T14:58:50+03:00]server.go:38 admin/webapp/server.(*Server).Start Store started successfully                   
[36mINFO[0m[2022-02-03T14:58:50+03:00]server.go:38 admin/webapp/server.(*Server).Start Store started successfully                   
[36mINFO[0m[2022-02-03T14:58:50+03:00]server.go:40 admin/webapp/server.(*Server).Start Server starts at Server Address: localhost:9090
PG Data Source: "host=localhost port=8081 user=user password=userpass dbname=adminDB sslmode=disable" ... 
[36mINFO[0m[2022-02-03T14:58:50+03:00]server.go:40 admin/webapp/server.(*Server).Start Server starts at Server Address: localhost:9090
PG Data Source: "host=localhost port=8081 user=user password=userpass dbname=adminDB sslmode=disable" ... 
[31mERRO[0m[2022-02-03T14:59:06+03:00]AuthHandler.go:23 admin/webapp/handlersAdmin/auth.AuthAdmin.func1 Eror during checking users email or password. Err msg: sql: no rows in result set 
[31mERRO[0m[2022-02-03T14:59:06+03:00]AuthHandler.go:23 admin/webapp/handlersAdmin/auth.AuthAdmin.func1 Eror during checking users email or password. Err msg: sql: no rows in result set 
[31mERRO[0m[2022-02-03T14:59:45+03:00]AuthHandler.go:41 admin/webapp/handlersAdmin/auth.AuthAdmin.func1 You are not employee                         
[31mERRO[0m[2022-02-03T14:59:45+03:00]AuthHandler.go:41 admin/webapp/handlersAdmin/auth.AuthAdmin.func1 You are not employee                         
[36mINFO[0m[2022-02-03T15:00:27+03:00]server.go:32 admin/webapp/server.(*Server).Start Admin router started successfully            
[36mINFO[0m[2022-02-03T15:00:27+03:00]server.go:32 admin/webapp/server.(*Server).Start Admin router started successfully            
[36mINFO[0m[2022-02-03T15:00:27+03:00]server.go:38 admin/webapp/server.(*Server).Start Store started successfully                   
[36mINFO[0m[2022-02-03T15:00:27+03:00]server.go:38 admin/webapp/server.(*Server).Start Store started successfully                   
[36mINFO[0m[2022-02-03T15:00:27+03:00]server.go:40 admin/webapp/server.(*Server).Start Server starts at Server Address: localhost:9090
PG Data Source: "host=localhost port=8081 user=user password=userpass dbname=adminDB sslmode=disable" ... 
[36mINFO[0m[2022-02-03T15:00:27+03:00]server.go:40 admin/webapp/server.(*Server).Start Server starts at Server Address: localhost:9090
PG Data Source: "host=localhost port=8081 user=user password=userpass dbname=adminDB sslmode=disable" ... 
[31mERRO[0m[2022-02-03T15:00:30+03:00]LoginAdmin.go:32 admin/webapp/handlersAdmin/auth.LoginAdmin.func1 Can not parse template: open api/webapp/tamplates/loginAdmin.html: The system cannot find the path specified. 
[31mERRO[0m[2022-02-03T15:00:30+03:00]LoginAdmin.go:32 admin/webapp/handlersAdmin/auth.LoginAdmin.func1 Can not parse template: open api/webapp/tamplates/loginAdmin.html: The system cannot find the path specified. 
[36mINFO[0m[2022-02-03T15:03:46+03:00]server.go:32 admin/webapp/server.(*Server).Start Admin router started successfully            
[36mINFO[0m[2022-02-03T15:03:46+03:00]server.go:32 admin/webapp/server.(*Server).Start Admin router started successfully            
[36mINFO[0m[2022-02-03T15:03:46+03:00]server.go:38 admin/webapp/server.(*Server).Start Store started successfully                   
[36mINFO[0m[2022-02-03T15:03:46+03:00]server.go:38 admin/webapp/server.(*Server).Start Store started successfully                   
[36mINFO[0m[2022-02-03T15:03:46+03:00]server.go:40 admin/webapp/server.(*Server).Start Server starts at Server Address: localhost:9090
PG Data Source: "host=localhost port=8081 user=user password=userpass dbname=adminDB sslmode=disable" ... 
[36mINFO[0m[2022-02-03T15:03:46+03:00]server.go:40 admin/webapp/server.(*Server).Start Server starts at Server Address: localhost:9090
PG Data Source: "host=localhost port=8081 user=user password=userpass dbname=adminDB sslmode=disable" ... 
[31mERRO[0m[2022-02-03T15:03:48+03:00]LoginAdmin.go:31 admin/webapp/handlersAdmin/auth.LoginAdmin.func1 Can not parse template: open /webapp/tamplates/loginAdmin.html: The system cannot find the path specified. 
[31mERRO[0m[2022-02-03T15:03:48+03:00]LoginAdmin.go:31 admin/webapp/handlersAdmin/auth.LoginAdmin.func1 Can not parse template: open /webapp/tamplates/loginAdmin.html: The system cannot find the path specified. 
[31mERRO[0m[2022-02-03T15:03:49+03:00]LoginAdmin.go:31 admin/webapp/handlersAdmin/auth.LoginAdmin.func1 Can not parse template: open /webapp/tamplates/loginAdmin.html: The system cannot find the path specified. 
[31mERRO[0m[2022-02-03T15:03:49+03:00]LoginAdmin.go:31 admin/webapp/handlersAdmin/auth.LoginAdmin.func1 Can not parse template: open /webapp/tamplates/loginAdmin.html: The system cannot find the path specified. 
[36mINFO[0m[2022-02-04T21:14:24+03:00]server.go:32 admin/webapp/server.(*Server).Start Admin router started successfully            
[36mINFO[0m[2022-02-04T21:14:24+03:00]server.go:32 admin/webapp/server.(*Server).Start Admin router started successfully            
[36mINFO[0m[2022-02-04T21:14:24+03:00]server.go:38 admin/webapp/server.(*Server).Start Store started successfully                   
[36mINFO[0m[2022-02-04T21:14:24+03:00]server.go:38 admin/webapp/server.(*Server).Start Store started successfully                   
[36mINFO[0m[2022-02-04T21:14:24+03:00]server.go:40 admin/webapp/server.(*Server).Start Server starts at Server Address: localhost:9090
PG Data Source: "host=localhost port=8081 user=user password=userpass dbname=adminDB sslmode=disable" ... 
[36mINFO[0m[2022-02-04T21:14:24+03:00]server.go:40 admin/webapp/server.(*Server).Start Server starts at Server Address: localhost:9090
PG Data Source: "host=localhost port=8081 user=user password=userpass dbname=adminDB sslmode=disable" ... 
[31mERRO[0m[2022-02-04T21:14:44+03:00]HomeAdmin.go:22 admin/webapp/handlersAdmin/auth.HomeAdmin.func1 Unauthorized                                 
[31mERRO[0m[2022-02-04T21:14:44+03:00]HomeAdmin.go:22 admin/webapp/handlersAdmin/auth.HomeAdmin.func1 Unauthorized                                 
[31mERRO[0m[2022-02-04T21:14:44+03:00]LoginAdmin.go:31 admin/webapp/handlersAdmin/auth.LoginAdmin.func1 Can not parse template: open /api/webapp/tamplates/loginAdmin.html: The system cannot find the path specified. 
[31mERRO[0m[2022-02-04T21:14:44+03:00]LoginAdmin.go:31 admin/webapp/handlersAdmin/auth.LoginAdmin.func1 Can not parse template: open /api/webapp/tamplates/loginAdmin.html: The system cannot find the path specified. 
[31mERRO[0m[2022-02-04T21:16:48+03:00]LoginAdmin.go:31 admin/webapp/handlersAdmin/auth.LoginAdmin.func1 Can not parse template: open /api/webapp/tamplates/loginAdmin.html: The system cannot find the path specified. 
[31mERRO[0m[2022-02-04T21:16:48+03:00]LoginAdmin.go:31 admin/webapp/handlersAdmin/auth.LoginAdmin.func1 Can not parse template: open /api/webapp/tamplates/loginAdmin.html: The system cannot find the path specified. 
[36mINFO[0m[2022-02-04T21:21:05+03:00]server.go:32 admin/webapp/server.(*Server).Start Admin router started successfully            
[36mINFO[0m[2022-02-04T21:21:05+03:00]server.go:32 admin/webapp/server.(*Server).Start Admin router started successfully            
[36mINFO[0m[2022-02-04T21:21:05+03:00]server.go:38 admin/webapp/server.(*Server).Start Store started successfully                   
[36mINFO[0m[2022-02-04T21:21:05+03:00]server.go:38 admin/webapp/server.(*Server).Start Store started successfully                   
[36mINFO[0m[2022-02-04T21:21:05+03:00]server.go:40 admin/webapp/server.(*Server).Start Server starts at Server Address: localhost:9090
PG Data Source: "host=localhost port=8081 user=user password=userpass dbname=adminDB sslmode=disable" ... 
[36mINFO[0m[2022-02-04T21:21:05+03:00]server.go:40 admin/webapp/server.(*Server).Start Server starts at Server Address: localhost:9090
PG Data Source: "host=localhost port=8081 user=user password=userpass dbname=adminDB sslmode=disable" ... 
[31mERRO[0m[2022-02-04T21:21:10+03:00]LoginAdmin.go:31 admin/webapp/handlersAdmin/auth.LoginAdmin.func1 Can not parse template: open /api/webapp/tamplates/loginAdmin.html: The system cannot find the path specified. 
[31mERRO[0m[2022-02-04T21:21:10+03:00]LoginAdmin.go:31 admin/webapp/handlersAdmin/auth.LoginAdmin.func1 Can not parse template: open /api/webapp/tamplates/loginAdmin.html: The system cannot find the path specified. 
[36mINFO[0m[2022-02-04T21:21:50+03:00]server.go:32 admin/webapp/server.(*Server).Start Admin router started successfully            
[36mINFO[0m[2022-02-04T21:21:50+03:00]server.go:32 admin/webapp/server.(*Server).Start Admin router started successfully            
[36mINFO[0m[2022-02-04T21:21:50+03:00]server.go:38 admin/webapp/server.(*Server).Start Store started successfully                   
[36mINFO[0m[2022-02-04T21:21:50+03:00]server.go:38 admin/webapp/server.(*Server).Start Store started successfully                   
[36mINFO[0m[2022-02-04T21:21:50+03:00]server.go:40 admin/webapp/server.(*Server).Start Server starts at Server Address: localhost:9090
PG Data Source: "host=localhost port=8081 user=user password=userpass dbname=adminDB sslmode=disable" ... 
[36mINFO[0m[2022-02-04T21:21:50+03:00]server.go:40 admin/webapp/server.(*Server).Start Server starts at Server Address: localhost:9090
PG Data Source: "host=localhost port=8081 user=user password=userpass dbname=adminDB sslmode=disable" ... 
[31mERRO[0m[2022-02-04T21:21:52+03:00]LoginAdmin.go:37 admin/webapp/handlersAdmin/auth.LoginAdmin.func1 Can not parse template: html/template:loginAdmin.html:1:11: no such template "base" 
[31mERRO[0m[2022-02-04T21:21:52+03:00]LoginAdmin.go:37 admin/webapp/handlersAdmin/auth.LoginAdmin.func1 Can not parse template: html/template:loginAdmin.html:1:11: no such template "base" 
[36mINFO[0m[2022-02-04T21:23:57+03:00]server.go:32 admin/webapp/server.(*Server).Start Admin router started successfully            
[36mINFO[0m[2022-02-04T21:23:57+03:00]server.go:32 admin/webapp/server.(*Server).Start Admin router started successfully            
[36mINFO[0m[2022-02-04T21:23:57+03:00]server.go:38 admin/webapp/server.(*Server).Start Store started successfully                   
[36mINFO[0m[2022-02-04T21:23:57+03:00]server.go:38 admin/webapp/server.(*Server).Start Store started successfully                   
[36mINFO[0m[2022-02-04T21:23:57+03:00]server.go:40 admin/webapp/server.(*Server).Start Server starts at Server Address: localhost:9090
PG Data Source: "host=localhost port=8081 user=user password=userpass dbname=adminDB sslmode=disable" ... 
[36mINFO[0m[2022-02-04T21:23:57+03:00]server.go:40 admin/webapp/server.(*Server).Start Server starts at Server Address: localhost:9090
PG Data Source: "host=localhost port=8081 user=user password=userpass dbname=adminDB sslmode=disable" ... 
